
24. Printing statistics.

=== picorv32_base ===

   Number of wires:              21618
   Number of wire bits:          22000
   Number of public wires:        2004
   Number of public wire bits:    2386
   Number of memories:               0
   Number of memory bits:            0
   Number of processes:              0
   Number of cells:              21898
     sky130_fd_sc_hd__a2111o_2       1
     sky130_fd_sc_hd__a2111oi_2      1
     sky130_fd_sc_hd__a211o_2      348
     sky130_fd_sc_hd__a211oi_2     169
     sky130_fd_sc_hd__a21bo_2       87
     sky130_fd_sc_hd__a21boi_2      16
     sky130_fd_sc_hd__a21o_2       598
     sky130_fd_sc_hd__a21oi_2      803
     sky130_fd_sc_hd__a221o_2      145
     sky130_fd_sc_hd__a221oi_2      14
     sky130_fd_sc_hd__a22o_2       465
     sky130_fd_sc_hd__a22oi_2      194
     sky130_fd_sc_hd__a2bb2o_2      85
     sky130_fd_sc_hd__a2bb2oi_2      3
     sky130_fd_sc_hd__a311o_2        5
     sky130_fd_sc_hd__a31o_2       300
     sky130_fd_sc_hd__a31oi_2       19
     sky130_fd_sc_hd__a32o_2       119
     sky130_fd_sc_hd__a32oi_2        2
     sky130_fd_sc_hd__a41o_2         7
     sky130_fd_sc_hd__and2_2       617
     sky130_fd_sc_hd__and2b_2      233
     sky130_fd_sc_hd__and3_2       529
     sky130_fd_sc_hd__and3b_2       39
     sky130_fd_sc_hd__and4_2       262
     sky130_fd_sc_hd__and4b_2       45
     sky130_fd_sc_hd__and4bb_2      40
     sky130_fd_sc_hd__buf_1       4560
     sky130_fd_sc_hd__buf_2          9
     sky130_fd_sc_hd__conb_1        41
     sky130_fd_sc_hd__dfxtp_2     2140
     sky130_fd_sc_hd__inv_2        270
     sky130_fd_sc_hd__mux2_2      2239
     sky130_fd_sc_hd__mux4_2       280
     sky130_fd_sc_hd__nand2_2     1241
     sky130_fd_sc_hd__nand2b_2       2
     sky130_fd_sc_hd__nand3_2      206
     sky130_fd_sc_hd__nand3b_2      19
     sky130_fd_sc_hd__nand4_2       61
     sky130_fd_sc_hd__nor2_2      1206
     sky130_fd_sc_hd__nor3_2       167
     sky130_fd_sc_hd__nor3b_2        5
     sky130_fd_sc_hd__nor4_2        40
     sky130_fd_sc_hd__nor4b_2        2
     sky130_fd_sc_hd__o2111a_2       5
     sky130_fd_sc_hd__o211a_2      264
     sky130_fd_sc_hd__o211ai_2     212
     sky130_fd_sc_hd__o21a_2       303
     sky130_fd_sc_hd__o21ai_2      452
     sky130_fd_sc_hd__o21ba_2      125
     sky130_fd_sc_hd__o21bai_2      36
     sky130_fd_sc_hd__o221a_2       50
     sky130_fd_sc_hd__o221ai_2       1
     sky130_fd_sc_hd__o22a_2       164
     sky130_fd_sc_hd__o22ai_2       16
     sky130_fd_sc_hd__o2bb2a_2     116
     sky130_fd_sc_hd__o2bb2ai_2     15
     sky130_fd_sc_hd__o311a_2       34
     sky130_fd_sc_hd__o31a_2        49
     sky130_fd_sc_hd__o31ai_2       15
     sky130_fd_sc_hd__o32a_2        18
     sky130_fd_sc_hd__o41a_2         2
     sky130_fd_sc_hd__o41ai_2        1
     sky130_fd_sc_hd__or2_2        645
     sky130_fd_sc_hd__or2b_2       192
     sky130_fd_sc_hd__or3_2        286
     sky130_fd_sc_hd__or3b_2       107
     sky130_fd_sc_hd__or4_2        110
     sky130_fd_sc_hd__or4b_2        23
     sky130_fd_sc_hd__or4bb_2       14
     sky130_fd_sc_hd__xnor2_2      762
     sky130_fd_sc_hd__xor2_2       247

   Chip area for module '\picorv32_base': 209372.054400

