OpenROAD 944855835623e651e7b9c7c50efcce1fb04b4fee 
This program is licensed under the BSD-3 license. See the LICENSE file for details.
Components of this program may be licensed under more restrictive licenses which must be honored.
[INFO ODB-0222] Reading LEF file: /openlane/designs/picorv32_base/runs/RUN_2022.04.10_15.39.50/tmp/merged_unpadded.lef
[INFO ODB-0223]     Created 13 technology layers
[INFO ODB-0224]     Created 25 technology vias
[INFO ODB-0225]     Created 441 library cells
[INFO ODB-0226] Finished LEF file:  /openlane/designs/picorv32_base/runs/RUN_2022.04.10_15.39.50/tmp/merged_unpadded.lef
[INFO ODB-0127] Reading DEF file: /openlane/designs/picorv32_base/runs/RUN_2022.04.10_15.39.50/tmp/placement/8-resizer.def
[INFO ODB-0128] Design: picorv32_base
[INFO ODB-0130]     Created 411 pins.
[INFO ODB-0131]     Created 29318 components and 180132 component-terminals.
[INFO ODB-0132]     Created 2 special nets and 104168 connections.
[INFO ODB-0133]     Created 22368 nets and 75923 connections.
[INFO ODB-0134] Finished DEF file: /openlane/designs/picorv32_base/runs/RUN_2022.04.10_15.39.50/tmp/placement/8-resizer.def
Placement Analysis
---------------------------------
total displacement          0.0 u
average displacement        0.0 u
max displacement            0.0 u
original HPWL         1130746.5 u
legalized HPWL        1146775.5 u
delta HPWL                    1 %

[INFO DPL-0020] Mirrored 8497 instances
[INFO DPL-0021] HPWL before          1146775.5 u
[INFO DPL-0022] HPWL after           1130746.5 u
[INFO DPL-0023] HPWL delta               -1.4 %
