
Magic 8.3 revision 274 - Compiled on Mon Feb 28 12:38:35 UTC 2022.
Starting magic under Tcl interpreter
Using the terminal as the console.
Using NULL graphics device.
Processing system .magicrc file
Sourcing design .magicrc for technology sky130A ...
2 Magic internal units = 1 Lambda
Input style sky130(vendor): scaleFactor=2, multiplier=2
The following types are not handled by extraction and will be treated as non-electrical types:
    mvobsactive ubm 
Scaled tech values by 2 / 1 to match internal grid scaling
Loading sky130A Device Generator Menu ...
Loading "/openlane/scripts/magic/mag_gds.tcl" from command line.
Reading LEF data from file /home/rahul/Documents/OpenLane/pdks/sky130A/libs.ref/sky130_fd_sc_hd/techlef/sky130_fd_sc_hd.tlef.
This action cannot be undone.
LEF read, Line 78 (Message): Unknown keyword "ANTENNAMODEL" in LEF file; ignoring.
LEF read, Line 79 (Message): Unknown keyword "ANTENNADIFFSIDEAREARATIO" in LEF file; ignoring.
LEF read, Line 111 (Message): Unknown keyword "MINENCLOSEDAREA" in LEF file; ignoring.
LEF read, Line 113 (Message): Unknown keyword "ANTENNAMODEL" in LEF file; ignoring.
LEF read, Line 114 (Message): Unknown keyword "ANTENNADIFFSIDEAREARATIO" in LEF file; ignoring.
LEF read, Line 120 (Message): Unknown keyword "MAXIMUMDENSITY" in LEF file; ignoring.
LEF read, Line 121 (Message): Unknown keyword "DENSITYCHECKWINDOW" in LEF file; ignoring.
LEF read, Line 122 (Message): Unknown keyword "DENSITYCHECKSTEP" in LEF file; ignoring.
LEF read, Line 154 (Message): Unknown keyword "MINENCLOSEDAREA" in LEF file; ignoring.
LEF read, Line 162 (Message): Unknown keyword "ANTENNAMODEL" in LEF file; ignoring.
LEF read, Line 163 (Message): Unknown keyword "ANTENNADIFFSIDEAREARATIO" in LEF file; ignoring.
LEF read, Line 165 (Message): Unknown keyword "MAXIMUMDENSITY" in LEF file; ignoring.
LEF read, Line 166 (Message): Unknown keyword "DENSITYCHECKWINDOW" in LEF file; ignoring.
LEF read, Line 167 (Message): Unknown keyword "DENSITYCHECKSTEP" in LEF file; ignoring.
LEF read, Line 203 (Message): Unknown keyword "ANTENNAMODEL" in LEF file; ignoring.
LEF read, Line 204 (Message): Unknown keyword "ANTENNADIFFSIDEAREARATIO" in LEF file; ignoring.
LEF read, Line 206 (Message): Unknown keyword "MAXIMUMDENSITY" in LEF file; ignoring.
LEF read, Line 207 (Message): Unknown keyword "DENSITYCHECKWINDOW" in LEF file; ignoring.
LEF read, Line 208 (Message): Unknown keyword "DENSITYCHECKSTEP" in LEF file; ignoring.
LEF read, Line 244 (Message): Unknown keyword "ANTENNAMODEL" in LEF file; ignoring.
LEF read, Line 245 (Message): Unknown keyword "ANTENNADIFFSIDEAREARATIO" in LEF file; ignoring.
LEF read, Line 247 (Message): Unknown keyword "MAXIMUMDENSITY" in LEF file; ignoring.
LEF read, Line 248 (Message): Unknown keyword "DENSITYCHECKWINDOW" in LEF file; ignoring.
LEF read, Line 249 (Message): Unknown keyword "DENSITYCHECKSTEP" in LEF file; ignoring.
LEF read, Line 285 (Message): Unknown keyword "ANTENNAMODEL" in LEF file; ignoring.
LEF read, Line 286 (Message): Unknown keyword "ANTENNADIFFSIDEAREARATIO" in LEF file; ignoring.
LEF read: Processed 792 lines.
Reading DEF data from file /openlane/designs/picorv32_base/runs/RUN_2022.04.10_15.39.50/results/routing/picorv32_base.def.
This action cannot be undone.
  Processed 4 vias total.
  Processed 70107 subcell instances total.
  Processed 411 pins total.
  Processed 2 special nets total.
  Processed 22782 nets total.
DEF read: Processed 578906 lines.
Root cell box:
           width x height  (   llx,  lly  ), (   urx,  ury  )  area (units^2)

microns:  693.150 x 703.870  ( 0.000,  0.000), ( 693.150,  703.870)  487887.500
lambda:   69315.00 x 70387.00  (  0.00,  0.00 ), ( 69315.00,  70387.00)  4878875136.00
internal: 138630 x 140774  (     0,  0    ), ( 138630,  140774)  19515499620
   Generating output for cell sky130_fd_sc_hd__buf_4
   Generating output for cell sky130_fd_sc_hd__decap_3
   Generating output for cell sky130_fd_sc_hd__decap_8
   Generating output for cell sky130_fd_sc_hd__decap_4
   Generating output for cell sky130_fd_sc_hd__conb_1
   Generating output for cell sky130_fd_sc_hd__decap_12
   Generating output for cell sky130_fd_sc_hd__fill_1
   Generating output for cell sky130_fd_sc_hd__fill_2
   Generating output for cell sky130_fd_sc_hd__tapvpwrvgnd_1
   Generating output for cell sky130_fd_sc_hd__decap_6
   Generating output for cell sky130_fd_sc_hd__buf_6
   Generating output for cell sky130_fd_sc_hd__diode_2
   Generating output for cell sky130_fd_sc_hd__clkbuf_1
   Generating output for cell sky130_fd_sc_hd__dfxtp_1
   Generating output for cell sky130_fd_sc_hd__mux2_1
   Generating output for cell sky130_fd_sc_hd__buf_2
   Generating output for cell sky130_fd_sc_hd__dfxtp_2
   Generating output for cell sky130_fd_sc_hd__a22o_1
   Generating output for cell sky130_fd_sc_hd__a21o_1
   Generating output for cell sky130_fd_sc_hd__clkbuf_4
   Generating output for cell sky130_fd_sc_hd__buf_8
   Generating output for cell sky130_fd_sc_hd__clkbuf_16
   Generating output for cell sky130_fd_sc_hd__dfxtp_4
   Generating output for cell sky130_fd_sc_hd__clkdlybuf4s25_1
   Generating output for cell sky130_fd_sc_hd__a221o_1
   Generating output for cell sky130_fd_sc_hd__or2_1
   Generating output for cell sky130_fd_sc_hd__clkbuf_2
   Generating output for cell sky130_fd_sc_hd__and2_2
   Generating output for cell sky130_fd_sc_hd__o31a_1
   Generating output for cell sky130_fd_sc_hd__o22a_1
   Generating output for cell sky130_fd_sc_hd__or2_2
   Generating output for cell sky130_fd_sc_hd__nor2_1
   Generating output for cell sky130_fd_sc_hd__nor2_2
   Generating output for cell sky130_fd_sc_hd__mux2_2
   Generating output for cell sky130_fd_sc_hd__o21a_1
   Generating output for cell sky130_fd_sc_hd__a31o_1
   Generating output for cell sky130_fd_sc_hd__a211o_1
   Generating output for cell sky130_fd_sc_hd__and2_1
   Generating output for cell sky130_fd_sc_hd__mux2_4
   Generating output for cell sky130_fd_sc_hd__clkinv_2
   Generating output for cell sky130_fd_sc_hd__nand2_2
   Generating output for cell sky130_fd_sc_hd__mux4_1
   Generating output for cell sky130_fd_sc_hd__mux4_2
   Generating output for cell sky130_fd_sc_hd__nand2_1
   Generating output for cell sky130_fd_sc_hd__a21oi_4
   Generating output for cell sky130_fd_sc_hd__or4_1
   Generating output for cell sky130_fd_sc_hd__inv_2
   Generating output for cell sky130_fd_sc_hd__a21oi_2
   Generating output for cell sky130_fd_sc_hd__a31o_2
   Generating output for cell sky130_fd_sc_hd__nor2_4
   Generating output for cell sky130_fd_sc_hd__dlymetal6s2s_1
   Generating output for cell sky130_fd_sc_hd__o211a_1
   Generating output for cell sky130_fd_sc_hd__and2b_2
   Generating output for cell sky130_fd_sc_hd__o21ai_1
   Generating output for cell sky130_fd_sc_hd__a32o_1
   Generating output for cell sky130_fd_sc_hd__a21bo_1
   Generating output for cell sky130_fd_sc_hd__a2bb2o_1
   Generating output for cell sky130_fd_sc_hd__and3_1
   Generating output for cell sky130_fd_sc_hd__nor3_1
   Generating output for cell sky130_fd_sc_hd__and3b_2
   Generating output for cell sky130_fd_sc_hd__a21oi_1
   Generating output for cell sky130_fd_sc_hd__o221a_1
   Generating output for cell sky130_fd_sc_hd__or3_2
   Generating output for cell sky130_fd_sc_hd__o31a_2
   Generating output for cell sky130_fd_sc_hd__or3_1
   Generating output for cell sky130_fd_sc_hd__o32a_1
   Generating output for cell sky130_fd_sc_hd__or3b_1
   Generating output for cell sky130_fd_sc_hd__mux2_8
   Generating output for cell sky130_fd_sc_hd__o31ai_4
   Generating output for cell sky130_fd_sc_hd__a211o_2
   Generating output for cell sky130_fd_sc_hd__or2b_1
   Generating output for cell sky130_fd_sc_hd__a311o_1
   Generating output for cell sky130_fd_sc_hd__and3b_1
   Generating output for cell sky130_fd_sc_hd__buf_12
   Generating output for cell sky130_fd_sc_hd__clkbuf_8
   Generating output for cell sky130_fd_sc_hd__or4b_4
   Generating output for cell sky130_fd_sc_hd__and4b_1
   Generating output for cell sky130_fd_sc_hd__nand4_1
   Generating output for cell sky130_fd_sc_hd__or4b_1
   Generating output for cell sky130_fd_sc_hd__o22ai_1
   Generating output for cell sky130_fd_sc_hd__or4_2
   Generating output for cell sky130_fd_sc_hd__and3_2
   Generating output for cell sky130_fd_sc_hd__o311a_1
   Generating output for cell sky130_fd_sc_hd__o21ba_1
   Generating output for cell sky130_fd_sc_hd__or4b_2
   Generating output for cell sky130_fd_sc_hd__a41o_1
   Generating output for cell sky130_fd_sc_hd__or2_4
   Generating output for cell sky130_fd_sc_hd__or4_4
   Generating output for cell sky130_fd_sc_hd__a221o_2
   Generating output for cell sky130_fd_sc_hd__or3b_2
   Generating output for cell sky130_fd_sc_hd__and2b_1
   Generating output for cell sky130_fd_sc_hd__and4bb_1
   Generating output for cell sky130_fd_sc_hd__nand3b_2
   Generating output for cell sky130_fd_sc_hd__or3b_4
   Generating output for cell sky130_fd_sc_hd__o211ai_1
   Generating output for cell sky130_fd_sc_hd__o21a_4
   Generating output for cell sky130_fd_sc_hd__nor2_8
   Generating output for cell sky130_fd_sc_hd__a31oi_1
   Generating output for cell sky130_fd_sc_hd__a22oi_1
   Generating output for cell sky130_fd_sc_hd__nor3_4
   Generating output for cell sky130_fd_sc_hd__o2bb2a_1
   Generating output for cell sky130_fd_sc_hd__o21bai_1
   Generating output for cell sky130_fd_sc_hd__a22oi_4
   Generating output for cell sky130_fd_sc_hd__or2b_4
   Generating output for cell sky130_fd_sc_hd__and4_1
   Generating output for cell sky130_fd_sc_hd__o211ai_2
   Generating output for cell sky130_fd_sc_hd__o211ai_4
   Generating output for cell sky130_fd_sc_hd__nor4_4
   Generating output for cell sky130_fd_sc_hd__clkinv_8
   Generating output for cell sky130_fd_sc_hd__or3_4
   Generating output for cell sky130_fd_sc_hd__o22a_2
   Generating output for cell sky130_fd_sc_hd__xnor2_1
   Generating output for cell sky130_fd_sc_hd__xor2_2
   Generating output for cell sky130_fd_sc_hd__xor2_1
   Generating output for cell sky130_fd_sc_hd__o21bai_4
   Generating output for cell sky130_fd_sc_hd__o31a_4
   Generating output for cell sky130_fd_sc_hd__o31ai_2
   Generating output for cell sky130_fd_sc_hd__o2111a_1
   Generating output for cell sky130_fd_sc_hd__o211a_4
   Generating output for cell sky130_fd_sc_hd__a21boi_1
   Generating output for cell sky130_fd_sc_hd__o311a_2
   Generating output for cell sky130_fd_sc_hd__o21ai_4
   Generating output for cell sky130_fd_sc_hd__nand2_4
   Generating output for cell sky130_fd_sc_hd__and2_4
   Generating output for cell sky130_fd_sc_hd__a2111oi_1
   Generating output for cell sky130_fd_sc_hd__nand3_4
   Generating output for cell sky130_fd_sc_hd__nand3b_1
   Generating output for cell sky130_fd_sc_hd__nand3_1
   Generating output for cell sky130_fd_sc_hd__o22ai_2
   Generating output for cell sky130_fd_sc_hd__a31o_4
   Generating output for cell sky130_fd_sc_hd__a211oi_1
   Generating output for cell sky130_fd_sc_hd__o41a_4
   Generating output for cell sky130_fd_sc_hd__nor3b_2
   Generating output for cell sky130_fd_sc_hd__a211o_4
   Generating output for cell sky130_fd_sc_hd__o31ai_1
   Generating output for cell sky130_fd_sc_hd__nand2_8
   Generating output for cell sky130_fd_sc_hd__nand2b_1
   Generating output for cell sky130_fd_sc_hd__a2bb2o_2
   Generating output for cell sky130_fd_sc_hd__o21ai_2
   Generating output for cell sky130_fd_sc_hd__o21a_2
   Generating output for cell sky130_fd_sc_hd__a22o_2
   Generating output for cell sky130_fd_sc_hd__nand2b_2
   Generating output for cell sky130_fd_sc_hd__xnor2_2
   Generating output for cell sky130_fd_sc_hd__o221ai_2
   Generating output for cell sky130_fd_sc_hd__a221o_4
   Generating output for cell sky130_fd_sc_hd__a21o_4
   Generating output for cell sky130_fd_sc_hd__xnor2_4
   Generating output for cell sky130_fd_sc_hd__clkdlybuf4s50_1
   Generating output for cell sky130_fd_sc_hd__a211oi_2
   Generating output for cell sky130_fd_sc_hd__xor2_4
   Generating output for cell sky130_fd_sc_hd__nor4_1
   Generating output for cell sky130_fd_sc_hd__a31oi_2
   Generating output for cell sky130_fd_sc_hd__o41a_1
   Generating output for cell sky130_fd_sc_hd__a2111o_1
   Generating output for cell sky130_fd_sc_hd__a22o_4
   Generating output for cell sky130_fd_sc_hd__nor4b_4
   Generating output for cell sky130_fd_sc_hd__and4bb_4
   Generating output for cell sky130_fd_sc_hd__nor4b_2
   Generating output for cell sky130_fd_sc_hd__or4bb_2
   Generating output for cell sky130_fd_sc_hd__and2b_4
   Generating output for cell sky130_fd_sc_hd__o2bb2a_2
   Generating output for cell sky130_fd_sc_hd__a221oi_1
   Generating output for cell sky130_fd_sc_hd__nor3b_4
   Generating output for cell sky130_fd_sc_hd__and4b_4
   Generating output for cell sky130_fd_sc_hd__a21o_2
   Generating output for cell sky130_fd_sc_hd__a211oi_4
   Generating output for cell sky130_fd_sc_hd__nor3_2
   Generating output for cell sky130_fd_sc_hd__inv_6
   Generating output for cell sky130_fd_sc_hd__a2bb2oi_2
   Generating output for cell sky130_fd_sc_hd__o21bai_2
   Generating output for cell sky130_fd_sc_hd__nand4_4
   Generating output for cell sky130_fd_sc_hd__o22ai_4
   Generating output for cell sky130_fd_sc_hd__and4_4
   Generating output for cell sky130_fd_sc_hd__o211a_2
   Generating output for cell sky130_fd_sc_hd__nor4_2
   Generating output for cell sky130_fd_sc_hd__nand3_2
   Generating output for cell sky130_fd_sc_hd__a21bo_2
   Generating output for cell sky130_fd_sc_hd__a21boi_2
   Generating output for cell sky130_fd_sc_hd__or4bb_4
   Generating output for cell sky130_fd_sc_hd__nand4_2
   Generating output for cell sky130_fd_sc_hd__a32oi_2
   Generating output for cell sky130_fd_sc_hd__o2bb2ai_2
   Generating output for cell sky130_fd_sc_hd__or4bb_1
   Generating output for cell sky130_fd_sc_hd__and4_2
   Generating output for cell sky130_fd_sc_hd__o21ba_2
   Generating output for cell sky130_fd_sc_hd__o2bb2ai_1
   Generating output for cell sky130_fd_sc_hd__and4b_2
   Generating output for cell sky130_fd_sc_hd__a22oi_2
   Generating output for cell sky130_fd_sc_hd__inv_4
   Generating output for cell sky130_fd_sc_hd__a31oi_4
   Generating output for cell sky130_fd_sc_hd__and3_4
   Generating output for cell sky130_fd_sc_hd__o21ba_4
   Generating output for cell sky130_fd_sc_hd__o41ai_4
   Generating output for cell sky130_fd_sc_hd__a32o_2
   Generating output for cell sky130_fd_sc_hd__clkinv_4
   Generating output for cell sky130_fd_sc_hd__and3b_4
   Generating output for cell sky130_fd_sc_hd__o22a_4
   Generating output for cell sky130_fd_sc_hd__a32o_4
   Generating output for cell sky130_fd_sc_hd__nor3b_1
   Generating output for cell sky130_fd_sc_hd__a2bb2oi_1
   Generating output for cell sky130_fd_sc_hd__nand3b_4
   Generating output for cell sky130_fd_sc_hd__a221oi_4
   Generating output for cell sky130_fd_sc_hd__a32oi_4
   Generating output for cell picorv32_base
[INFO]: GDS Write Complete
