
Magic 8.3 revision 274 - Compiled on Mon Feb 28 12:38:35 UTC 2022.
Starting magic under Tcl interpreter
Using the terminal as the console.
Using NULL graphics device.
Processing system .magicrc file
Sourcing design .magicrc for technology sky130A ...
2 Magic internal units = 1 Lambda
Input style sky130(vendor): scaleFactor=2, multiplier=2
The following types are not handled by extraction and will be treated as non-electrical types:
    mvobsactive ubm 
Scaled tech values by 2 / 1 to match internal grid scaling
Loading sky130A Device Generator Menu ...
Loading "/openlane/scripts/magic/lef.tcl" from command line.
Reading LEF data from file /home/rahul/Documents/OpenLane/pdks/sky130A/libs.ref/sky130_fd_sc_hd/techlef/sky130_fd_sc_hd.tlef.
This action cannot be undone.
LEF read, Line 78 (Message): Unknown keyword "ANTENNAMODEL" in LEF file; ignoring.
LEF read, Line 79 (Message): Unknown keyword "ANTENNADIFFSIDEAREARATIO" in LEF file; ignoring.
LEF read, Line 111 (Message): Unknown keyword "MINENCLOSEDAREA" in LEF file; ignoring.
LEF read, Line 113 (Message): Unknown keyword "ANTENNAMODEL" in LEF file; ignoring.
LEF read, Line 114 (Message): Unknown keyword "ANTENNADIFFSIDEAREARATIO" in LEF file; ignoring.
LEF read, Line 120 (Message): Unknown keyword "MAXIMUMDENSITY" in LEF file; ignoring.
LEF read, Line 121 (Message): Unknown keyword "DENSITYCHECKWINDOW" in LEF file; ignoring.
LEF read, Line 122 (Message): Unknown keyword "DENSITYCHECKSTEP" in LEF file; ignoring.
LEF read, Line 154 (Message): Unknown keyword "MINENCLOSEDAREA" in LEF file; ignoring.
LEF read, Line 162 (Message): Unknown keyword "ANTENNAMODEL" in LEF file; ignoring.
LEF read, Line 163 (Message): Unknown keyword "ANTENNADIFFSIDEAREARATIO" in LEF file; ignoring.
LEF read, Line 165 (Message): Unknown keyword "MAXIMUMDENSITY" in LEF file; ignoring.
LEF read, Line 166 (Message): Unknown keyword "DENSITYCHECKWINDOW" in LEF file; ignoring.
LEF read, Line 167 (Message): Unknown keyword "DENSITYCHECKSTEP" in LEF file; ignoring.
LEF read, Line 203 (Message): Unknown keyword "ANTENNAMODEL" in LEF file; ignoring.
LEF read, Line 204 (Message): Unknown keyword "ANTENNADIFFSIDEAREARATIO" in LEF file; ignoring.
LEF read, Line 206 (Message): Unknown keyword "MAXIMUMDENSITY" in LEF file; ignoring.
LEF read, Line 207 (Message): Unknown keyword "DENSITYCHECKWINDOW" in LEF file; ignoring.
LEF read, Line 208 (Message): Unknown keyword "DENSITYCHECKSTEP" in LEF file; ignoring.
LEF read, Line 244 (Message): Unknown keyword "ANTENNAMODEL" in LEF file; ignoring.
LEF read, Line 245 (Message): Unknown keyword "ANTENNADIFFSIDEAREARATIO" in LEF file; ignoring.
LEF read, Line 247 (Message): Unknown keyword "MAXIMUMDENSITY" in LEF file; ignoring.
LEF read, Line 248 (Message): Unknown keyword "DENSITYCHECKWINDOW" in LEF file; ignoring.
LEF read, Line 249 (Message): Unknown keyword "DENSITYCHECKSTEP" in LEF file; ignoring.
LEF read, Line 285 (Message): Unknown keyword "ANTENNAMODEL" in LEF file; ignoring.
LEF read, Line 286 (Message): Unknown keyword "ANTENNADIFFSIDEAREARATIO" in LEF file; ignoring.
LEF read: Processed 792 lines.
picorv32_base: 10000 rects
picorv32_base: 20000 rects
picorv32_base: 30000 rects
picorv32_base: 40000 rects
picorv32_base: 50000 rects
picorv32_base: 60000 rects
picorv32_base: 70000 rects
picorv32_base: 80000 rects
picorv32_base: 90000 rects
picorv32_base: 100000 rects
picorv32_base: 110000 rects
picorv32_base: 120000 rects
picorv32_base: 130000 rects
picorv32_base: 140000 rects
picorv32_base: 150000 rects
picorv32_base: 160000 rects
picorv32_base: 170000 rects
picorv32_base: 180000 rects
picorv32_base: 190000 rects
picorv32_base: 200000 rects
picorv32_base: 210000 rects
picorv32_base: 220000 rects
picorv32_base: 230000 rects
picorv32_base: 240000 rects
picorv32_base: 250000 rects
picorv32_base: 260000 rects
picorv32_base: 270000 rects
picorv32_base: 280000 rects
picorv32_base: 290000 rects
picorv32_base: 300000 rects
picorv32_base: 310000 rects
picorv32_base: 320000 rects
picorv32_base: 330000 rects
picorv32_base: 340000 rects
picorv32_base: 350000 rects
picorv32_base: 360000 rects
picorv32_base: 370000 rects
picorv32_base: 380000 rects
picorv32_base: 390000 rects
picorv32_base: 400000 rects
picorv32_base: 410000 rects
picorv32_base: 420000 rects
picorv32_base: 430000 rects
picorv32_base: 440000 rects
picorv32_base: 450000 rects
picorv32_base: 460000 rects
picorv32_base: 470000 rects
picorv32_base: 480000 rects
picorv32_base: 490000 rects
picorv32_base: 500000 rects
picorv32_base: 510000 rects
picorv32_base: 520000 rects
picorv32_base: 530000 rects
picorv32_base: 540000 rects
picorv32_base: 550000 rects
picorv32_base: 560000 rects
picorv32_base: 570000 rects
picorv32_base: 580000 rects
picorv32_base: 590000 rects
picorv32_base: 600000 rects
picorv32_base: 610000 rects
picorv32_base: 620000 rects
picorv32_base: 630000 rects
picorv32_base: 640000 rects
picorv32_base: 650000 rects
picorv32_base: 660000 rects
picorv32_base: 670000 rects
picorv32_base: 680000 rects
picorv32_base: 690000 rects
picorv32_base: 700000 rects
picorv32_base: 710000 rects
picorv32_base: 720000 rects
picorv32_base: 730000 rects
picorv32_base: 740000 rects
picorv32_base: 750000 rects
picorv32_base: 760000 rects
picorv32_base: 770000 rects
picorv32_base: 780000 rects
picorv32_base: 790000 rects
picorv32_base: 800000 rects
picorv32_base: 810000 rects
picorv32_base: 820000 rects
picorv32_base: 830000 rects
picorv32_base: 840000 rects
picorv32_base: 850000 rects
picorv32_base: 860000 rects
picorv32_base: 870000 rects
picorv32_base: 880000 rects
picorv32_base: 890000 rects
picorv32_base: 900000 rects
picorv32_base: 910000 rects
picorv32_base: 920000 rects
picorv32_base: 930000 rects
picorv32_base: 940000 rects
picorv32_base: 950000 rects
picorv32_base: 960000 rects
picorv32_base: 970000 rects
picorv32_base: 980000 rects
picorv32_base: 990000 rects
picorv32_base: 1000000 rects
picorv32_base: 1010000 rects
picorv32_base: 1020000 rects
picorv32_base: 1030000 rects
picorv32_base: 1040000 rects
picorv32_base: 1050000 rects
picorv32_base: 1060000 rects
picorv32_base: 1070000 rects
picorv32_base: 1080000 rects
picorv32_base: 1090000 rects
picorv32_base: 1100000 rects
picorv32_base: 1110000 rects
picorv32_base: 1120000 rects
picorv32_base: 1130000 rects
picorv32_base: 1140000 rects
picorv32_base: 1150000 rects
picorv32_base: 1160000 rects
picorv32_base: 1170000 rects
picorv32_base: 1180000 rects
picorv32_base: 1190000 rects
picorv32_base: 1200000 rects
picorv32_base: 1210000 rects
picorv32_base: 1220000 rects
picorv32_base: 1230000 rects
picorv32_base: 1240000 rects
picorv32_base: 1250000 rects
picorv32_base: 1260000 rects
picorv32_base: 1270000 rects
picorv32_base: 1280000 rects
picorv32_base: 1290000 rects
picorv32_base: 1300000 rects
picorv32_base: 1310000 rects
picorv32_base: 1320000 rects
picorv32_base: 1330000 rects
picorv32_base: 1340000 rects
picorv32_base: 1350000 rects
picorv32_base: 1360000 rects
picorv32_base: 1370000 rects
picorv32_base: 1380000 rects
picorv32_base: 1390000 rects
picorv32_base: 1400000 rects
picorv32_base: 1410000 rects
picorv32_base: 1420000 rects
picorv32_base: 1430000 rects
picorv32_base: 1440000 rects
picorv32_base: 1450000 rects
picorv32_base: 1460000 rects
picorv32_base: 1470000 rects
picorv32_base: 1480000 rects
picorv32_base: 1490000 rects
picorv32_base: 1500000 rects
picorv32_base: 1510000 rects
picorv32_base: 1520000 rects
picorv32_base: 1530000 rects
picorv32_base: 1540000 rects
picorv32_base: 1550000 rects
picorv32_base: 1560000 rects
picorv32_base: 1570000 rects
picorv32_base: 1580000 rects
picorv32_base: 1590000 rects
picorv32_base: 1600000 rects
picorv32_base: 1610000 rects
picorv32_base: 1620000 rects
picorv32_base: 1630000 rects
picorv32_base: 1640000 rects
[INFO]: Writing abstract LEF
Generating LEF output /openlane/designs/picorv32_base/runs/RUN_2022.04.10_15.39.50/results/finishing/picorv32_base.lef for cell picorv32_base:
Diagnostic:  Write LEF header for cell picorv32_base
Diagnostic:  Writing LEF output for cell picorv32_base
Warning:  Parent cell lists instance of "sky130_fd_sc_hd__buf_6" at bad file path /openlane/designs/picorv32_base/runs/RUN_2022.04.10_15.39.50/results/finishing/sky130_fd_sc_hd__buf_6.mag.
The cell exists in the search paths at /home/rahul/Documents/OpenLane/pdks/sky130A/libs.ref/sky130_fd_sc_hd/maglef/sky130_fd_sc_hd__buf_6.mag.
The discovered version will be used.
Warning:  Parent cell lists instance of "sky130_fd_sc_hd__buf_4" at bad file path /openlane/designs/picorv32_base/runs/RUN_2022.04.10_15.39.50/results/finishing/sky130_fd_sc_hd__buf_4.mag.
The cell exists in the search paths at /home/rahul/Documents/OpenLane/pdks/sky130A/libs.ref/sky130_fd_sc_hd/maglef/sky130_fd_sc_hd__buf_4.mag.
The discovered version will be used.
Warning:  Parent cell lists instance of "sky130_fd_sc_hd__clkbuf_16" at bad file path /openlane/designs/picorv32_base/runs/RUN_2022.04.10_15.39.50/results/finishing/sky130_fd_sc_hd__clkbuf_16.mag.
The cell exists in the search paths at /home/rahul/Documents/OpenLane/pdks/sky130A/libs.ref/sky130_fd_sc_hd/maglef/sky130_fd_sc_hd__clkbuf_16.mag.
The discovered version will be used.
Warning:  Parent cell lists instance of "sky130_fd_sc_hd__buf_12" at bad file path /openlane/designs/picorv32_base/runs/RUN_2022.04.10_15.39.50/results/finishing/sky130_fd_sc_hd__buf_12.mag.
The cell exists in the search paths at /home/rahul/Documents/OpenLane/pdks/sky130A/libs.ref/sky130_fd_sc_hd/maglef/sky130_fd_sc_hd__buf_12.mag.
The discovered version will be used.
Warning:  Parent cell lists instance of "sky130_fd_sc_hd__buf_8" at bad file path /openlane/designs/picorv32_base/runs/RUN_2022.04.10_15.39.50/results/finishing/sky130_fd_sc_hd__buf_8.mag.
The cell exists in the search paths at /home/rahul/Documents/OpenLane/pdks/sky130A/libs.ref/sky130_fd_sc_hd/maglef/sky130_fd_sc_hd__buf_8.mag.
The discovered version will be used.
Warning:  Parent cell lists instance of "sky130_fd_sc_hd__clkbuf_4" at bad file path /openlane/designs/picorv32_base/runs/RUN_2022.04.10_15.39.50/results/finishing/sky130_fd_sc_hd__clkbuf_4.mag.
The cell exists in the search paths at /home/rahul/Documents/OpenLane/pdks/sky130A/libs.ref/sky130_fd_sc_hd/maglef/sky130_fd_sc_hd__clkbuf_4.mag.
The discovered version will be used.
Warning:  Parent cell lists instance of "sky130_fd_sc_hd__dlymetal6s2s_1" at bad file path /openlane/designs/picorv32_base/runs/RUN_2022.04.10_15.39.50/results/finishing/sky130_fd_sc_hd__dlymetal6s2s_1.mag.
The cell exists in the search paths at /home/rahul/Documents/OpenLane/pdks/sky130A/libs.ref/sky130_fd_sc_hd/maglef/sky130_fd_sc_hd__dlymetal6s2s_1.mag.
The discovered version will be used.
Warning:  Parent cell lists instance of "sky130_fd_sc_hd__buf_2" at bad file path /openlane/designs/picorv32_base/runs/RUN_2022.04.10_15.39.50/results/finishing/sky130_fd_sc_hd__buf_2.mag.
The cell exists in the search paths at /home/rahul/Documents/OpenLane/pdks/sky130A/libs.ref/sky130_fd_sc_hd/maglef/sky130_fd_sc_hd__buf_2.mag.
The discovered version will be used.
Warning:  Parent cell lists instance of "sky130_fd_sc_hd__clkbuf_8" at bad file path /openlane/designs/picorv32_base/runs/RUN_2022.04.10_15.39.50/results/finishing/sky130_fd_sc_hd__clkbuf_8.mag.
The cell exists in the search paths at /home/rahul/Documents/OpenLane/pdks/sky130A/libs.ref/sky130_fd_sc_hd/maglef/sky130_fd_sc_hd__clkbuf_8.mag.
The discovered version will be used.
Warning:  Parent cell lists instance of "sky130_fd_sc_hd__clkdlybuf4s25_1" at bad file path /openlane/designs/picorv32_base/runs/RUN_2022.04.10_15.39.50/results/finishing/sky130_fd_sc_hd__clkdlybuf4s25_1.mag.
The cell exists in the search paths at /home/rahul/Documents/OpenLane/pdks/sky130A/libs.ref/sky130_fd_sc_hd/maglef/sky130_fd_sc_hd__clkdlybuf4s25_1.mag.
The discovered version will be used.
Warning:  Parent cell lists instance of "sky130_fd_sc_hd__clkbuf_1" at bad file path /openlane/designs/picorv32_base/runs/RUN_2022.04.10_15.39.50/results/finishing/sky130_fd_sc_hd__clkbuf_1.mag.
The cell exists in the search paths at /home/rahul/Documents/OpenLane/pdks/sky130A/libs.ref/sky130_fd_sc_hd/maglef/sky130_fd_sc_hd__clkbuf_1.mag.
The discovered version will be used.
Warning:  Parent cell lists instance of "sky130_fd_sc_hd__clkdlybuf4s50_1" at bad file path /openlane/designs/picorv32_base/runs/RUN_2022.04.10_15.39.50/results/finishing/sky130_fd_sc_hd__clkdlybuf4s50_1.mag.
The cell exists in the search paths at /home/rahul/Documents/OpenLane/pdks/sky130A/libs.ref/sky130_fd_sc_hd/maglef/sky130_fd_sc_hd__clkdlybuf4s50_1.mag.
The discovered version will be used.
Warning:  Parent cell lists instance of "sky130_fd_sc_hd__clkbuf_2" at bad file path /openlane/designs/picorv32_base/runs/RUN_2022.04.10_15.39.50/results/finishing/sky130_fd_sc_hd__clkbuf_2.mag.
The cell exists in the search paths at /home/rahul/Documents/OpenLane/pdks/sky130A/libs.ref/sky130_fd_sc_hd/maglef/sky130_fd_sc_hd__clkbuf_2.mag.
The discovered version will be used.
Warning:  Parent cell lists instance of "sky130_fd_sc_hd__conb_1" at bad file path /openlane/designs/picorv32_base/runs/RUN_2022.04.10_15.39.50/results/finishing/sky130_fd_sc_hd__conb_1.mag.
The cell exists in the search paths at /home/rahul/Documents/OpenLane/pdks/sky130A/libs.ref/sky130_fd_sc_hd/maglef/sky130_fd_sc_hd__conb_1.mag.
The discovered version will be used.
Warning:  Parent cell lists instance of "sky130_fd_sc_hd__dfxtp_1" at bad file path /openlane/designs/picorv32_base/runs/RUN_2022.04.10_15.39.50/results/finishing/sky130_fd_sc_hd__dfxtp_1.mag.
The cell exists in the search paths at /home/rahul/Documents/OpenLane/pdks/sky130A/libs.ref/sky130_fd_sc_hd/maglef/sky130_fd_sc_hd__dfxtp_1.mag.
The discovered version will be used.
Warning:  Parent cell lists instance of "sky130_fd_sc_hd__dfxtp_2" at bad file path /openlane/designs/picorv32_base/runs/RUN_2022.04.10_15.39.50/results/finishing/sky130_fd_sc_hd__dfxtp_2.mag.
The cell exists in the search paths at /home/rahul/Documents/OpenLane/pdks/sky130A/libs.ref/sky130_fd_sc_hd/maglef/sky130_fd_sc_hd__dfxtp_2.mag.
The discovered version will be used.
Warning:  Parent cell lists instance of "sky130_fd_sc_hd__dfxtp_4" at bad file path /openlane/designs/picorv32_base/runs/RUN_2022.04.10_15.39.50/results/finishing/sky130_fd_sc_hd__dfxtp_4.mag.
The cell exists in the search paths at /home/rahul/Documents/OpenLane/pdks/sky130A/libs.ref/sky130_fd_sc_hd/maglef/sky130_fd_sc_hd__dfxtp_4.mag.
The discovered version will be used.
Warning:  Parent cell lists instance of "sky130_fd_sc_hd__mux2_1" at bad file path /openlane/designs/picorv32_base/runs/RUN_2022.04.10_15.39.50/results/finishing/sky130_fd_sc_hd__mux2_1.mag.
The cell exists in the search paths at /home/rahul/Documents/OpenLane/pdks/sky130A/libs.ref/sky130_fd_sc_hd/maglef/sky130_fd_sc_hd__mux2_1.mag.
The discovered version will be used.
Warning:  Parent cell lists instance of "sky130_fd_sc_hd__nor2_1" at bad file path /openlane/designs/picorv32_base/runs/RUN_2022.04.10_15.39.50/results/finishing/sky130_fd_sc_hd__nor2_1.mag.
The cell exists in the search paths at /home/rahul/Documents/OpenLane/pdks/sky130A/libs.ref/sky130_fd_sc_hd/maglef/sky130_fd_sc_hd__nor2_1.mag.
The discovered version will be used.
Warning:  Parent cell lists instance of "sky130_fd_sc_hd__nand2_1" at bad file path /openlane/designs/picorv32_base/runs/RUN_2022.04.10_15.39.50/results/finishing/sky130_fd_sc_hd__nand2_1.mag.
The cell exists in the search paths at /home/rahul/Documents/OpenLane/pdks/sky130A/libs.ref/sky130_fd_sc_hd/maglef/sky130_fd_sc_hd__nand2_1.mag.
The discovered version will be used.
Warning:  Parent cell lists instance of "sky130_fd_sc_hd__a21o_1" at bad file path /openlane/designs/picorv32_base/runs/RUN_2022.04.10_15.39.50/results/finishing/sky130_fd_sc_hd__a21o_1.mag.
The cell exists in the search paths at /home/rahul/Documents/OpenLane/pdks/sky130A/libs.ref/sky130_fd_sc_hd/maglef/sky130_fd_sc_hd__a21o_1.mag.
The discovered version will be used.
Warning:  Parent cell lists instance of "sky130_fd_sc_hd__and3_1" at bad file path /openlane/designs/picorv32_base/runs/RUN_2022.04.10_15.39.50/results/finishing/sky130_fd_sc_hd__and3_1.mag.
The cell exists in the search paths at /home/rahul/Documents/OpenLane/pdks/sky130A/libs.ref/sky130_fd_sc_hd/maglef/sky130_fd_sc_hd__and3_1.mag.
The discovered version will be used.
Warning:  Parent cell lists instance of "sky130_fd_sc_hd__a21oi_1" at bad file path /openlane/designs/picorv32_base/runs/RUN_2022.04.10_15.39.50/results/finishing/sky130_fd_sc_hd__a21oi_1.mag.
The cell exists in the search paths at /home/rahul/Documents/OpenLane/pdks/sky130A/libs.ref/sky130_fd_sc_hd/maglef/sky130_fd_sc_hd__a21oi_1.mag.
The discovered version will be used.
Warning:  Parent cell lists instance of "sky130_fd_sc_hd__o21a_1" at bad file path /openlane/designs/picorv32_base/runs/RUN_2022.04.10_15.39.50/results/finishing/sky130_fd_sc_hd__o21a_1.mag.
The cell exists in the search paths at /home/rahul/Documents/OpenLane/pdks/sky130A/libs.ref/sky130_fd_sc_hd/maglef/sky130_fd_sc_hd__o21a_1.mag.
The discovered version will be used.
Warning:  Parent cell lists instance of "sky130_fd_sc_hd__or2_1" at bad file path /openlane/designs/picorv32_base/runs/RUN_2022.04.10_15.39.50/results/finishing/sky130_fd_sc_hd__or2_1.mag.
The cell exists in the search paths at /home/rahul/Documents/OpenLane/pdks/sky130A/libs.ref/sky130_fd_sc_hd/maglef/sky130_fd_sc_hd__or2_1.mag.
The discovered version will be used.
Warning:  Parent cell lists instance of "sky130_fd_sc_hd__o31ai_1" at bad file path /openlane/designs/picorv32_base/runs/RUN_2022.04.10_15.39.50/results/finishing/sky130_fd_sc_hd__o31ai_1.mag.
The cell exists in the search paths at /home/rahul/Documents/OpenLane/pdks/sky130A/libs.ref/sky130_fd_sc_hd/maglef/sky130_fd_sc_hd__o31ai_1.mag.
The discovered version will be used.
Warning:  Parent cell lists instance of "sky130_fd_sc_hd__or3b_1" at bad file path /openlane/designs/picorv32_base/runs/RUN_2022.04.10_15.39.50/results/finishing/sky130_fd_sc_hd__or3b_1.mag.
The cell exists in the search paths at /home/rahul/Documents/OpenLane/pdks/sky130A/libs.ref/sky130_fd_sc_hd/maglef/sky130_fd_sc_hd__or3b_1.mag.
The discovered version will be used.
Warning:  Parent cell lists instance of "sky130_fd_sc_hd__o31a_1" at bad file path /openlane/designs/picorv32_base/runs/RUN_2022.04.10_15.39.50/results/finishing/sky130_fd_sc_hd__o31a_1.mag.
The cell exists in the search paths at /home/rahul/Documents/OpenLane/pdks/sky130A/libs.ref/sky130_fd_sc_hd/maglef/sky130_fd_sc_hd__o31a_1.mag.
The discovered version will be used.
Warning:  Parent cell lists instance of "sky130_fd_sc_hd__a31o_1" at bad file path /openlane/designs/picorv32_base/runs/RUN_2022.04.10_15.39.50/results/finishing/sky130_fd_sc_hd__a31o_1.mag.
The cell exists in the search paths at /home/rahul/Documents/OpenLane/pdks/sky130A/libs.ref/sky130_fd_sc_hd/maglef/sky130_fd_sc_hd__a31o_1.mag.
The discovered version will be used.
Warning:  Parent cell lists instance of "sky130_fd_sc_hd__o21ai_1" at bad file path /openlane/designs/picorv32_base/runs/RUN_2022.04.10_15.39.50/results/finishing/sky130_fd_sc_hd__o21ai_1.mag.
The cell exists in the search paths at /home/rahul/Documents/OpenLane/pdks/sky130A/libs.ref/sky130_fd_sc_hd/maglef/sky130_fd_sc_hd__o21ai_1.mag.
The discovered version will be used.
Warning:  Parent cell lists instance of "sky130_fd_sc_hd__a22o_1" at bad file path /openlane/designs/picorv32_base/runs/RUN_2022.04.10_15.39.50/results/finishing/sky130_fd_sc_hd__a22o_1.mag.
The cell exists in the search paths at /home/rahul/Documents/OpenLane/pdks/sky130A/libs.ref/sky130_fd_sc_hd/maglef/sky130_fd_sc_hd__a22o_1.mag.
The discovered version will be used.
Warning:  Parent cell lists instance of "sky130_fd_sc_hd__o22a_1" at bad file path /openlane/designs/picorv32_base/runs/RUN_2022.04.10_15.39.50/results/finishing/sky130_fd_sc_hd__o22a_1.mag.
The cell exists in the search paths at /home/rahul/Documents/OpenLane/pdks/sky130A/libs.ref/sky130_fd_sc_hd/maglef/sky130_fd_sc_hd__o22a_1.mag.
The discovered version will be used.
Warning:  Parent cell lists instance of "sky130_fd_sc_hd__xnor2_1" at bad file path /openlane/designs/picorv32_base/runs/RUN_2022.04.10_15.39.50/results/finishing/sky130_fd_sc_hd__xnor2_1.mag.
The cell exists in the search paths at /home/rahul/Documents/OpenLane/pdks/sky130A/libs.ref/sky130_fd_sc_hd/maglef/sky130_fd_sc_hd__xnor2_1.mag.
The discovered version will be used.
Warning:  Parent cell lists instance of "sky130_fd_sc_hd__o21ba_1" at bad file path /openlane/designs/picorv32_base/runs/RUN_2022.04.10_15.39.50/results/finishing/sky130_fd_sc_hd__o21ba_1.mag.
The cell exists in the search paths at /home/rahul/Documents/OpenLane/pdks/sky130A/libs.ref/sky130_fd_sc_hd/maglef/sky130_fd_sc_hd__o21ba_1.mag.
The discovered version will be used.
Warning:  Parent cell lists instance of "sky130_fd_sc_hd__o211a_1" at bad file path /openlane/designs/picorv32_base/runs/RUN_2022.04.10_15.39.50/results/finishing/sky130_fd_sc_hd__o211a_1.mag.
The cell exists in the search paths at /home/rahul/Documents/OpenLane/pdks/sky130A/libs.ref/sky130_fd_sc_hd/maglef/sky130_fd_sc_hd__o211a_1.mag.
The discovered version will be used.
Warning:  Parent cell lists instance of "sky130_fd_sc_hd__or3_1" at bad file path /openlane/designs/picorv32_base/runs/RUN_2022.04.10_15.39.50/results/finishing/sky130_fd_sc_hd__or3_1.mag.
The cell exists in the search paths at /home/rahul/Documents/OpenLane/pdks/sky130A/libs.ref/sky130_fd_sc_hd/maglef/sky130_fd_sc_hd__or3_1.mag.
The discovered version will be used.
Warning:  Parent cell lists instance of "sky130_fd_sc_hd__inv_2" at bad file path /openlane/designs/picorv32_base/runs/RUN_2022.04.10_15.39.50/results/finishing/sky130_fd_sc_hd__inv_2.mag.
The cell exists in the search paths at /home/rahul/Documents/OpenLane/pdks/sky130A/libs.ref/sky130_fd_sc_hd/maglef/sky130_fd_sc_hd__inv_2.mag.
The discovered version will be used.
Warning:  Parent cell lists instance of "sky130_fd_sc_hd__and2_1" at bad file path /openlane/designs/picorv32_base/runs/RUN_2022.04.10_15.39.50/results/finishing/sky130_fd_sc_hd__and2_1.mag.
The cell exists in the search paths at /home/rahul/Documents/OpenLane/pdks/sky130A/libs.ref/sky130_fd_sc_hd/maglef/sky130_fd_sc_hd__and2_1.mag.
The discovered version will be used.
Warning:  Parent cell lists instance of "sky130_fd_sc_hd__nand3_1" at bad file path /openlane/designs/picorv32_base/runs/RUN_2022.04.10_15.39.50/results/finishing/sky130_fd_sc_hd__nand3_1.mag.
The cell exists in the search paths at /home/rahul/Documents/OpenLane/pdks/sky130A/libs.ref/sky130_fd_sc_hd/maglef/sky130_fd_sc_hd__nand3_1.mag.
The discovered version will be used.
Warning:  Parent cell lists instance of "sky130_fd_sc_hd__or2_2" at bad file path /openlane/designs/picorv32_base/runs/RUN_2022.04.10_15.39.50/results/finishing/sky130_fd_sc_hd__or2_2.mag.
The cell exists in the search paths at /home/rahul/Documents/OpenLane/pdks/sky130A/libs.ref/sky130_fd_sc_hd/maglef/sky130_fd_sc_hd__or2_2.mag.
The discovered version will be used.
Warning:  Parent cell lists instance of "sky130_fd_sc_hd__a2bb2o_1" at bad file path /openlane/designs/picorv32_base/runs/RUN_2022.04.10_15.39.50/results/finishing/sky130_fd_sc_hd__a2bb2o_1.mag.
The cell exists in the search paths at /home/rahul/Documents/OpenLane/pdks/sky130A/libs.ref/sky130_fd_sc_hd/maglef/sky130_fd_sc_hd__a2bb2o_1.mag.
The discovered version will be used.
Warning:  Parent cell lists instance of "sky130_fd_sc_hd__xnor2_2" at bad file path /openlane/designs/picorv32_base/runs/RUN_2022.04.10_15.39.50/results/finishing/sky130_fd_sc_hd__xnor2_2.mag.
The cell exists in the search paths at /home/rahul/Documents/OpenLane/pdks/sky130A/libs.ref/sky130_fd_sc_hd/maglef/sky130_fd_sc_hd__xnor2_2.mag.
The discovered version will be used.
Warning:  Parent cell lists instance of "sky130_fd_sc_hd__o311a_1" at bad file path /openlane/designs/picorv32_base/runs/RUN_2022.04.10_15.39.50/results/finishing/sky130_fd_sc_hd__o311a_1.mag.
The cell exists in the search paths at /home/rahul/Documents/OpenLane/pdks/sky130A/libs.ref/sky130_fd_sc_hd/maglef/sky130_fd_sc_hd__o311a_1.mag.
The discovered version will be used.
Warning:  Parent cell lists instance of "sky130_fd_sc_hd__o21ai_2" at bad file path /openlane/designs/picorv32_base/runs/RUN_2022.04.10_15.39.50/results/finishing/sky130_fd_sc_hd__o21ai_2.mag.
The cell exists in the search paths at /home/rahul/Documents/OpenLane/pdks/sky130A/libs.ref/sky130_fd_sc_hd/maglef/sky130_fd_sc_hd__o21ai_2.mag.
The discovered version will be used.
Warning:  Parent cell lists instance of "sky130_fd_sc_hd__a21oi_2" at bad file path /openlane/designs/picorv32_base/runs/RUN_2022.04.10_15.39.50/results/finishing/sky130_fd_sc_hd__a21oi_2.mag.
The cell exists in the search paths at /home/rahul/Documents/OpenLane/pdks/sky130A/libs.ref/sky130_fd_sc_hd/maglef/sky130_fd_sc_hd__a21oi_2.mag.
The discovered version will be used.
Warning:  Parent cell lists instance of "sky130_fd_sc_hd__a211o_1" at bad file path /openlane/designs/picorv32_base/runs/RUN_2022.04.10_15.39.50/results/finishing/sky130_fd_sc_hd__a211o_1.mag.
The cell exists in the search paths at /home/rahul/Documents/OpenLane/pdks/sky130A/libs.ref/sky130_fd_sc_hd/maglef/sky130_fd_sc_hd__a211o_1.mag.
The discovered version will be used.
Warning:  Parent cell lists instance of "sky130_fd_sc_hd__or4_2" at bad file path /openlane/designs/picorv32_base/runs/RUN_2022.04.10_15.39.50/results/finishing/sky130_fd_sc_hd__or4_2.mag.
The cell exists in the search paths at /home/rahul/Documents/OpenLane/pdks/sky130A/libs.ref/sky130_fd_sc_hd/maglef/sky130_fd_sc_hd__or4_2.mag.
The discovered version will be used.
Warning:  Parent cell lists instance of "sky130_fd_sc_hd__or2b_1" at bad file path /openlane/designs/picorv32_base/runs/RUN_2022.04.10_15.39.50/results/finishing/sky130_fd_sc_hd__or2b_1.mag.
The cell exists in the search paths at /home/rahul/Documents/OpenLane/pdks/sky130A/libs.ref/sky130_fd_sc_hd/maglef/sky130_fd_sc_hd__or2b_1.mag.
The discovered version will be used.
Warning:  Parent cell lists instance of "sky130_fd_sc_hd__xor2_2" at bad file path /openlane/designs/picorv32_base/runs/RUN_2022.04.10_15.39.50/results/finishing/sky130_fd_sc_hd__xor2_2.mag.
The cell exists in the search paths at /home/rahul/Documents/OpenLane/pdks/sky130A/libs.ref/sky130_fd_sc_hd/maglef/sky130_fd_sc_hd__xor2_2.mag.
The discovered version will be used.
Warning:  Parent cell lists instance of "sky130_fd_sc_hd__or4_4" at bad file path /openlane/designs/picorv32_base/runs/RUN_2022.04.10_15.39.50/results/finishing/sky130_fd_sc_hd__or4_4.mag.
The cell exists in the search paths at /home/rahul/Documents/OpenLane/pdks/sky130A/libs.ref/sky130_fd_sc_hd/maglef/sky130_fd_sc_hd__or4_4.mag.
The discovered version will be used.
Warning:  Parent cell lists instance of "sky130_fd_sc_hd__or3_2" at bad file path /openlane/designs/picorv32_base/runs/RUN_2022.04.10_15.39.50/results/finishing/sky130_fd_sc_hd__or3_2.mag.
The cell exists in the search paths at /home/rahul/Documents/OpenLane/pdks/sky130A/libs.ref/sky130_fd_sc_hd/maglef/sky130_fd_sc_hd__or3_2.mag.
The discovered version will be used.
Warning:  Parent cell lists instance of "sky130_fd_sc_hd__and2b_1" at bad file path /openlane/designs/picorv32_base/runs/RUN_2022.04.10_15.39.50/results/finishing/sky130_fd_sc_hd__and2b_1.mag.
The cell exists in the search paths at /home/rahul/Documents/OpenLane/pdks/sky130A/libs.ref/sky130_fd_sc_hd/maglef/sky130_fd_sc_hd__and2b_1.mag.
The discovered version will be used.
Warning:  Parent cell lists instance of "sky130_fd_sc_hd__xor2_1" at bad file path /openlane/designs/picorv32_base/runs/RUN_2022.04.10_15.39.50/results/finishing/sky130_fd_sc_hd__xor2_1.mag.
The cell exists in the search paths at /home/rahul/Documents/OpenLane/pdks/sky130A/libs.ref/sky130_fd_sc_hd/maglef/sky130_fd_sc_hd__xor2_1.mag.
The discovered version will be used.
Warning:  Parent cell lists instance of "sky130_fd_sc_hd__and4bb_4" at bad file path /openlane/designs/picorv32_base/runs/RUN_2022.04.10_15.39.50/results/finishing/sky130_fd_sc_hd__and4bb_4.mag.
The cell exists in the search paths at /home/rahul/Documents/OpenLane/pdks/sky130A/libs.ref/sky130_fd_sc_hd/maglef/sky130_fd_sc_hd__and4bb_4.mag.
The discovered version will be used.
Warning:  Parent cell lists instance of "sky130_fd_sc_hd__nand4_1" at bad file path /openlane/designs/picorv32_base/runs/RUN_2022.04.10_15.39.50/results/finishing/sky130_fd_sc_hd__nand4_1.mag.
The cell exists in the search paths at /home/rahul/Documents/OpenLane/pdks/sky130A/libs.ref/sky130_fd_sc_hd/maglef/sky130_fd_sc_hd__nand4_1.mag.
The discovered version will be used.
Warning:  Parent cell lists instance of "sky130_fd_sc_hd__a221o_1" at bad file path /openlane/designs/picorv32_base/runs/RUN_2022.04.10_15.39.50/results/finishing/sky130_fd_sc_hd__a221o_1.mag.
The cell exists in the search paths at /home/rahul/Documents/OpenLane/pdks/sky130A/libs.ref/sky130_fd_sc_hd/maglef/sky130_fd_sc_hd__a221o_1.mag.
The discovered version will be used.
Warning:  Parent cell lists instance of "sky130_fd_sc_hd__a21bo_1" at bad file path /openlane/designs/picorv32_base/runs/RUN_2022.04.10_15.39.50/results/finishing/sky130_fd_sc_hd__a21bo_1.mag.
The cell exists in the search paths at /home/rahul/Documents/OpenLane/pdks/sky130A/libs.ref/sky130_fd_sc_hd/maglef/sky130_fd_sc_hd__a21bo_1.mag.
The discovered version will be used.
Warning:  Parent cell lists instance of "sky130_fd_sc_hd__a211oi_2" at bad file path /openlane/designs/picorv32_base/runs/RUN_2022.04.10_15.39.50/results/finishing/sky130_fd_sc_hd__a211oi_2.mag.
The cell exists in the search paths at /home/rahul/Documents/OpenLane/pdks/sky130A/libs.ref/sky130_fd_sc_hd/maglef/sky130_fd_sc_hd__a211oi_2.mag.
The discovered version will be used.
Warning:  Parent cell lists instance of "sky130_fd_sc_hd__o211ai_2" at bad file path /openlane/designs/picorv32_base/runs/RUN_2022.04.10_15.39.50/results/finishing/sky130_fd_sc_hd__o211ai_2.mag.
The cell exists in the search paths at /home/rahul/Documents/OpenLane/pdks/sky130A/libs.ref/sky130_fd_sc_hd/maglef/sky130_fd_sc_hd__o211ai_2.mag.
The discovered version will be used.
Warning:  Parent cell lists instance of "sky130_fd_sc_hd__a21boi_1" at bad file path /openlane/designs/picorv32_base/runs/RUN_2022.04.10_15.39.50/results/finishing/sky130_fd_sc_hd__a21boi_1.mag.
The cell exists in the search paths at /home/rahul/Documents/OpenLane/pdks/sky130A/libs.ref/sky130_fd_sc_hd/maglef/sky130_fd_sc_hd__a21boi_1.mag.
The discovered version will be used.
Warning:  Parent cell lists instance of "sky130_fd_sc_hd__a211oi_1" at bad file path /openlane/designs/picorv32_base/runs/RUN_2022.04.10_15.39.50/results/finishing/sky130_fd_sc_hd__a211oi_1.mag.
The cell exists in the search paths at /home/rahul/Documents/OpenLane/pdks/sky130A/libs.ref/sky130_fd_sc_hd/maglef/sky130_fd_sc_hd__a211oi_1.mag.
The discovered version will be used.
Warning:  Parent cell lists instance of "sky130_fd_sc_hd__a311o_1" at bad file path /openlane/designs/picorv32_base/runs/RUN_2022.04.10_15.39.50/results/finishing/sky130_fd_sc_hd__a311o_1.mag.
The cell exists in the search paths at /home/rahul/Documents/OpenLane/pdks/sky130A/libs.ref/sky130_fd_sc_hd/maglef/sky130_fd_sc_hd__a311o_1.mag.
The discovered version will be used.
Warning:  Parent cell lists instance of "sky130_fd_sc_hd__nand3b_1" at bad file path /openlane/designs/picorv32_base/runs/RUN_2022.04.10_15.39.50/results/finishing/sky130_fd_sc_hd__nand3b_1.mag.
The cell exists in the search paths at /home/rahul/Documents/OpenLane/pdks/sky130A/libs.ref/sky130_fd_sc_hd/maglef/sky130_fd_sc_hd__nand3b_1.mag.
The discovered version will be used.
Warning:  Parent cell lists instance of "sky130_fd_sc_hd__o31ai_2" at bad file path /openlane/designs/picorv32_base/runs/RUN_2022.04.10_15.39.50/results/finishing/sky130_fd_sc_hd__o31ai_2.mag.
The cell exists in the search paths at /home/rahul/Documents/OpenLane/pdks/sky130A/libs.ref/sky130_fd_sc_hd/maglef/sky130_fd_sc_hd__o31ai_2.mag.
The discovered version will be used.
Warning:  Parent cell lists instance of "sky130_fd_sc_hd__or4_1" at bad file path /openlane/designs/picorv32_base/runs/RUN_2022.04.10_15.39.50/results/finishing/sky130_fd_sc_hd__or4_1.mag.
The cell exists in the search paths at /home/rahul/Documents/OpenLane/pdks/sky130A/libs.ref/sky130_fd_sc_hd/maglef/sky130_fd_sc_hd__or4_1.mag.
The discovered version will be used.
Warning:  Parent cell lists instance of "sky130_fd_sc_hd__nand2b_2" at bad file path /openlane/designs/picorv32_base/runs/RUN_2022.04.10_15.39.50/results/finishing/sky130_fd_sc_hd__nand2b_2.mag.
The cell exists in the search paths at /home/rahul/Documents/OpenLane/pdks/sky130A/libs.ref/sky130_fd_sc_hd/maglef/sky130_fd_sc_hd__nand2b_2.mag.
The discovered version will be used.
Warning:  Parent cell lists instance of "sky130_fd_sc_hd__a32o_1" at bad file path /openlane/designs/picorv32_base/runs/RUN_2022.04.10_15.39.50/results/finishing/sky130_fd_sc_hd__a32o_1.mag.
The cell exists in the search paths at /home/rahul/Documents/OpenLane/pdks/sky130A/libs.ref/sky130_fd_sc_hd/maglef/sky130_fd_sc_hd__a32o_1.mag.
The discovered version will be used.
Warning:  Parent cell lists instance of "sky130_fd_sc_hd__and3b_1" at bad file path /openlane/designs/picorv32_base/runs/RUN_2022.04.10_15.39.50/results/finishing/sky130_fd_sc_hd__and3b_1.mag.
The cell exists in the search paths at /home/rahul/Documents/OpenLane/pdks/sky130A/libs.ref/sky130_fd_sc_hd/maglef/sky130_fd_sc_hd__and3b_1.mag.
The discovered version will be used.
Warning:  Parent cell lists instance of "sky130_fd_sc_hd__o211a_4" at bad file path /openlane/designs/picorv32_base/runs/RUN_2022.04.10_15.39.50/results/finishing/sky130_fd_sc_hd__o211a_4.mag.
The cell exists in the search paths at /home/rahul/Documents/OpenLane/pdks/sky130A/libs.ref/sky130_fd_sc_hd/maglef/sky130_fd_sc_hd__o211a_4.mag.
The discovered version will be used.
Warning:  Parent cell lists instance of "sky130_fd_sc_hd__o2111a_1" at bad file path /openlane/designs/picorv32_base/runs/RUN_2022.04.10_15.39.50/results/finishing/sky130_fd_sc_hd__o2111a_1.mag.
The cell exists in the search paths at /home/rahul/Documents/OpenLane/pdks/sky130A/libs.ref/sky130_fd_sc_hd/maglef/sky130_fd_sc_hd__o2111a_1.mag.
The discovered version will be used.
Warning:  Parent cell lists instance of "sky130_fd_sc_hd__nand3b_2" at bad file path /openlane/designs/picorv32_base/runs/RUN_2022.04.10_15.39.50/results/finishing/sky130_fd_sc_hd__nand3b_2.mag.
The cell exists in the search paths at /home/rahul/Documents/OpenLane/pdks/sky130A/libs.ref/sky130_fd_sc_hd/maglef/sky130_fd_sc_hd__nand3b_2.mag.
The discovered version will be used.
Warning:  Parent cell lists instance of "sky130_fd_sc_hd__o2bb2a_1" at bad file path /openlane/designs/picorv32_base/runs/RUN_2022.04.10_15.39.50/results/finishing/sky130_fd_sc_hd__o2bb2a_1.mag.
The cell exists in the search paths at /home/rahul/Documents/OpenLane/pdks/sky130A/libs.ref/sky130_fd_sc_hd/maglef/sky130_fd_sc_hd__o2bb2a_1.mag.
The discovered version will be used.
Warning:  Parent cell lists instance of "sky130_fd_sc_hd__o21bai_1" at bad file path /openlane/designs/picorv32_base/runs/RUN_2022.04.10_15.39.50/results/finishing/sky130_fd_sc_hd__o21bai_1.mag.
The cell exists in the search paths at /home/rahul/Documents/OpenLane/pdks/sky130A/libs.ref/sky130_fd_sc_hd/maglef/sky130_fd_sc_hd__o21bai_1.mag.
The discovered version will be used.
Warning:  Parent cell lists instance of "sky130_fd_sc_hd__a41o_1" at bad file path /openlane/designs/picorv32_base/runs/RUN_2022.04.10_15.39.50/results/finishing/sky130_fd_sc_hd__a41o_1.mag.
The cell exists in the search paths at /home/rahul/Documents/OpenLane/pdks/sky130A/libs.ref/sky130_fd_sc_hd/maglef/sky130_fd_sc_hd__a41o_1.mag.
The discovered version will be used.
Warning:  Parent cell lists instance of "sky130_fd_sc_hd__nor2_2" at bad file path /openlane/designs/picorv32_base/runs/RUN_2022.04.10_15.39.50/results/finishing/sky130_fd_sc_hd__nor2_2.mag.
The cell exists in the search paths at /home/rahul/Documents/OpenLane/pdks/sky130A/libs.ref/sky130_fd_sc_hd/maglef/sky130_fd_sc_hd__nor2_2.mag.
The discovered version will be used.
Warning:  Parent cell lists instance of "sky130_fd_sc_hd__o32a_1" at bad file path /openlane/designs/picorv32_base/runs/RUN_2022.04.10_15.39.50/results/finishing/sky130_fd_sc_hd__o32a_1.mag.
The cell exists in the search paths at /home/rahul/Documents/OpenLane/pdks/sky130A/libs.ref/sky130_fd_sc_hd/maglef/sky130_fd_sc_hd__o32a_1.mag.
The discovered version will be used.
Warning:  Parent cell lists instance of "sky130_fd_sc_hd__o221a_1" at bad file path /openlane/designs/picorv32_base/runs/RUN_2022.04.10_15.39.50/results/finishing/sky130_fd_sc_hd__o221a_1.mag.
The cell exists in the search paths at /home/rahul/Documents/OpenLane/pdks/sky130A/libs.ref/sky130_fd_sc_hd/maglef/sky130_fd_sc_hd__o221a_1.mag.
The discovered version will be used.
Warning:  Parent cell lists instance of "sky130_fd_sc_hd__a31o_2" at bad file path /openlane/designs/picorv32_base/runs/RUN_2022.04.10_15.39.50/results/finishing/sky130_fd_sc_hd__a31o_2.mag.
The cell exists in the search paths at /home/rahul/Documents/OpenLane/pdks/sky130A/libs.ref/sky130_fd_sc_hd/maglef/sky130_fd_sc_hd__a31o_2.mag.
The discovered version will be used.
Warning:  Parent cell lists instance of "sky130_fd_sc_hd__a211o_2" at bad file path /openlane/designs/picorv32_base/runs/RUN_2022.04.10_15.39.50/results/finishing/sky130_fd_sc_hd__a211o_2.mag.
The cell exists in the search paths at /home/rahul/Documents/OpenLane/pdks/sky130A/libs.ref/sky130_fd_sc_hd/maglef/sky130_fd_sc_hd__a211o_2.mag.
The discovered version will be used.
Warning:  Parent cell lists instance of "sky130_fd_sc_hd__a221o_2" at bad file path /openlane/designs/picorv32_base/runs/RUN_2022.04.10_15.39.50/results/finishing/sky130_fd_sc_hd__a221o_2.mag.
The cell exists in the search paths at /home/rahul/Documents/OpenLane/pdks/sky130A/libs.ref/sky130_fd_sc_hd/maglef/sky130_fd_sc_hd__a221o_2.mag.
The discovered version will be used.
Warning:  Parent cell lists instance of "sky130_fd_sc_hd__and2_2" at bad file path /openlane/designs/picorv32_base/runs/RUN_2022.04.10_15.39.50/results/finishing/sky130_fd_sc_hd__and2_2.mag.
The cell exists in the search paths at /home/rahul/Documents/OpenLane/pdks/sky130A/libs.ref/sky130_fd_sc_hd/maglef/sky130_fd_sc_hd__and2_2.mag.
The discovered version will be used.
Warning:  Parent cell lists instance of "sky130_fd_sc_hd__or4b_1" at bad file path /openlane/designs/picorv32_base/runs/RUN_2022.04.10_15.39.50/results/finishing/sky130_fd_sc_hd__or4b_1.mag.
The cell exists in the search paths at /home/rahul/Documents/OpenLane/pdks/sky130A/libs.ref/sky130_fd_sc_hd/maglef/sky130_fd_sc_hd__or4b_1.mag.
The discovered version will be used.
Warning:  Parent cell lists instance of "sky130_fd_sc_hd__a21oi_4" at bad file path /openlane/designs/picorv32_base/runs/RUN_2022.04.10_15.39.50/results/finishing/sky130_fd_sc_hd__a21oi_4.mag.
The cell exists in the search paths at /home/rahul/Documents/OpenLane/pdks/sky130A/libs.ref/sky130_fd_sc_hd/maglef/sky130_fd_sc_hd__a21oi_4.mag.
The discovered version will be used.
Warning:  Parent cell lists instance of "sky130_fd_sc_hd__nand2_8" at bad file path /openlane/designs/picorv32_base/runs/RUN_2022.04.10_15.39.50/results/finishing/sky130_fd_sc_hd__nand2_8.mag.
The cell exists in the search paths at /home/rahul/Documents/OpenLane/pdks/sky130A/libs.ref/sky130_fd_sc_hd/maglef/sky130_fd_sc_hd__nand2_8.mag.
The discovered version will be used.
Warning:  Parent cell lists instance of "sky130_fd_sc_hd__clkinv_2" at bad file path /openlane/designs/picorv32_base/runs/RUN_2022.04.10_15.39.50/results/finishing/sky130_fd_sc_hd__clkinv_2.mag.
The cell exists in the search paths at /home/rahul/Documents/OpenLane/pdks/sky130A/libs.ref/sky130_fd_sc_hd/maglef/sky130_fd_sc_hd__clkinv_2.mag.
The discovered version will be used.
Warning:  Parent cell lists instance of "sky130_fd_sc_hd__and4bb_1" at bad file path /openlane/designs/picorv32_base/runs/RUN_2022.04.10_15.39.50/results/finishing/sky130_fd_sc_hd__and4bb_1.mag.
The cell exists in the search paths at /home/rahul/Documents/OpenLane/pdks/sky130A/libs.ref/sky130_fd_sc_hd/maglef/sky130_fd_sc_hd__and4bb_1.mag.
The discovered version will be used.
Warning:  Parent cell lists instance of "sky130_fd_sc_hd__or4b_4" at bad file path /openlane/designs/picorv32_base/runs/RUN_2022.04.10_15.39.50/results/finishing/sky130_fd_sc_hd__or4b_4.mag.
The cell exists in the search paths at /home/rahul/Documents/OpenLane/pdks/sky130A/libs.ref/sky130_fd_sc_hd/maglef/sky130_fd_sc_hd__or4b_4.mag.
The discovered version will be used.
Warning:  Parent cell lists instance of "sky130_fd_sc_hd__and4b_1" at bad file path /openlane/designs/picorv32_base/runs/RUN_2022.04.10_15.39.50/results/finishing/sky130_fd_sc_hd__and4b_1.mag.
The cell exists in the search paths at /home/rahul/Documents/OpenLane/pdks/sky130A/libs.ref/sky130_fd_sc_hd/maglef/sky130_fd_sc_hd__and4b_1.mag.
The discovered version will be used.
Warning:  Parent cell lists instance of "sky130_fd_sc_hd__or4b_2" at bad file path /openlane/designs/picorv32_base/runs/RUN_2022.04.10_15.39.50/results/finishing/sky130_fd_sc_hd__or4b_2.mag.
The cell exists in the search paths at /home/rahul/Documents/OpenLane/pdks/sky130A/libs.ref/sky130_fd_sc_hd/maglef/sky130_fd_sc_hd__or4b_2.mag.
The discovered version will be used.
Warning:  Parent cell lists instance of "sky130_fd_sc_hd__and3_2" at bad file path /openlane/designs/picorv32_base/runs/RUN_2022.04.10_15.39.50/results/finishing/sky130_fd_sc_hd__and3_2.mag.
The cell exists in the search paths at /home/rahul/Documents/OpenLane/pdks/sky130A/libs.ref/sky130_fd_sc_hd/maglef/sky130_fd_sc_hd__and3_2.mag.
The discovered version will be used.
Warning:  Parent cell lists instance of "sky130_fd_sc_hd__nor3_4" at bad file path /openlane/designs/picorv32_base/runs/RUN_2022.04.10_15.39.50/results/finishing/sky130_fd_sc_hd__nor3_4.mag.
The cell exists in the search paths at /home/rahul/Documents/OpenLane/pdks/sky130A/libs.ref/sky130_fd_sc_hd/maglef/sky130_fd_sc_hd__nor3_4.mag.
The discovered version will be used.
Warning:  Parent cell lists instance of "sky130_fd_sc_hd__or3b_2" at bad file path /openlane/designs/picorv32_base/runs/RUN_2022.04.10_15.39.50/results/finishing/sky130_fd_sc_hd__or3b_2.mag.
The cell exists in the search paths at /home/rahul/Documents/OpenLane/pdks/sky130A/libs.ref/sky130_fd_sc_hd/maglef/sky130_fd_sc_hd__or3b_2.mag.
The discovered version will be used.
Warning:  Parent cell lists instance of "sky130_fd_sc_hd__and4_1" at bad file path /openlane/designs/picorv32_base/runs/RUN_2022.04.10_15.39.50/results/finishing/sky130_fd_sc_hd__and4_1.mag.
The cell exists in the search paths at /home/rahul/Documents/OpenLane/pdks/sky130A/libs.ref/sky130_fd_sc_hd/maglef/sky130_fd_sc_hd__and4_1.mag.
The discovered version will be used.
Warning:  Parent cell lists instance of "sky130_fd_sc_hd__nor3_1" at bad file path /openlane/designs/picorv32_base/runs/RUN_2022.04.10_15.39.50/results/finishing/sky130_fd_sc_hd__nor3_1.mag.
The cell exists in the search paths at /home/rahul/Documents/OpenLane/pdks/sky130A/libs.ref/sky130_fd_sc_hd/maglef/sky130_fd_sc_hd__nor3_1.mag.
The discovered version will be used.
Warning:  Parent cell lists instance of "sky130_fd_sc_hd__and2b_2" at bad file path /openlane/designs/picorv32_base/runs/RUN_2022.04.10_15.39.50/results/finishing/sky130_fd_sc_hd__and2b_2.mag.
The cell exists in the search paths at /home/rahul/Documents/OpenLane/pdks/sky130A/libs.ref/sky130_fd_sc_hd/maglef/sky130_fd_sc_hd__and2b_2.mag.
The discovered version will be used.
Warning:  Parent cell lists instance of "sky130_fd_sc_hd__or2b_4" at bad file path /openlane/designs/picorv32_base/runs/RUN_2022.04.10_15.39.50/results/finishing/sky130_fd_sc_hd__or2b_4.mag.
The cell exists in the search paths at /home/rahul/Documents/OpenLane/pdks/sky130A/libs.ref/sky130_fd_sc_hd/maglef/sky130_fd_sc_hd__or2b_4.mag.
The discovered version will be used.
Warning:  Parent cell lists instance of "sky130_fd_sc_hd__or4bb_2" at bad file path /openlane/designs/picorv32_base/runs/RUN_2022.04.10_15.39.50/results/finishing/sky130_fd_sc_hd__or4bb_2.mag.
The cell exists in the search paths at /home/rahul/Documents/OpenLane/pdks/sky130A/libs.ref/sky130_fd_sc_hd/maglef/sky130_fd_sc_hd__or4bb_2.mag.
The discovered version will be used.
Warning:  Parent cell lists instance of "sky130_fd_sc_hd__nor2_4" at bad file path /openlane/designs/picorv32_base/runs/RUN_2022.04.10_15.39.50/results/finishing/sky130_fd_sc_hd__nor2_4.mag.
The cell exists in the search paths at /home/rahul/Documents/OpenLane/pdks/sky130A/libs.ref/sky130_fd_sc_hd/maglef/sky130_fd_sc_hd__nor2_4.mag.
The discovered version will be used.
Warning:  Parent cell lists instance of "sky130_fd_sc_hd__nor3_2" at bad file path /openlane/designs/picorv32_base/runs/RUN_2022.04.10_15.39.50/results/finishing/sky130_fd_sc_hd__nor3_2.mag.
The cell exists in the search paths at /home/rahul/Documents/OpenLane/pdks/sky130A/libs.ref/sky130_fd_sc_hd/maglef/sky130_fd_sc_hd__nor3_2.mag.
The discovered version will be used.
Warning:  Parent cell lists instance of "sky130_fd_sc_hd__a221oi_1" at bad file path /openlane/designs/picorv32_base/runs/RUN_2022.04.10_15.39.50/results/finishing/sky130_fd_sc_hd__a221oi_1.mag.
The cell exists in the search paths at /home/rahul/Documents/OpenLane/pdks/sky130A/libs.ref/sky130_fd_sc_hd/maglef/sky130_fd_sc_hd__a221oi_1.mag.
The discovered version will be used.
Warning:  Parent cell lists instance of "sky130_fd_sc_hd__a2111oi_1" at bad file path /openlane/designs/picorv32_base/runs/RUN_2022.04.10_15.39.50/results/finishing/sky130_fd_sc_hd__a2111oi_1.mag.
The cell exists in the search paths at /home/rahul/Documents/OpenLane/pdks/sky130A/libs.ref/sky130_fd_sc_hd/maglef/sky130_fd_sc_hd__a2111oi_1.mag.
The discovered version will be used.
Warning:  Parent cell lists instance of "sky130_fd_sc_hd__or3b_4" at bad file path /openlane/designs/picorv32_base/runs/RUN_2022.04.10_15.39.50/results/finishing/sky130_fd_sc_hd__or3b_4.mag.
The cell exists in the search paths at /home/rahul/Documents/OpenLane/pdks/sky130A/libs.ref/sky130_fd_sc_hd/maglef/sky130_fd_sc_hd__or3b_4.mag.
The discovered version will be used.
Warning:  Parent cell lists instance of "sky130_fd_sc_hd__mux4_1" at bad file path /openlane/designs/picorv32_base/runs/RUN_2022.04.10_15.39.50/results/finishing/sky130_fd_sc_hd__mux4_1.mag.
The cell exists in the search paths at /home/rahul/Documents/OpenLane/pdks/sky130A/libs.ref/sky130_fd_sc_hd/maglef/sky130_fd_sc_hd__mux4_1.mag.
The discovered version will be used.
Warning:  Parent cell lists instance of "sky130_fd_sc_hd__mux4_2" at bad file path /openlane/designs/picorv32_base/runs/RUN_2022.04.10_15.39.50/results/finishing/sky130_fd_sc_hd__mux4_2.mag.
The cell exists in the search paths at /home/rahul/Documents/OpenLane/pdks/sky130A/libs.ref/sky130_fd_sc_hd/maglef/sky130_fd_sc_hd__mux4_2.mag.
The discovered version will be used.
Warning:  Parent cell lists instance of "sky130_fd_sc_hd__o2bb2a_2" at bad file path /openlane/designs/picorv32_base/runs/RUN_2022.04.10_15.39.50/results/finishing/sky130_fd_sc_hd__o2bb2a_2.mag.
The cell exists in the search paths at /home/rahul/Documents/OpenLane/pdks/sky130A/libs.ref/sky130_fd_sc_hd/maglef/sky130_fd_sc_hd__o2bb2a_2.mag.
The discovered version will be used.
Warning:  Parent cell lists instance of "sky130_fd_sc_hd__o311a_2" at bad file path /openlane/designs/picorv32_base/runs/RUN_2022.04.10_15.39.50/results/finishing/sky130_fd_sc_hd__o311a_2.mag.
The cell exists in the search paths at /home/rahul/Documents/OpenLane/pdks/sky130A/libs.ref/sky130_fd_sc_hd/maglef/sky130_fd_sc_hd__o311a_2.mag.
The discovered version will be used.
Warning:  Parent cell lists instance of "sky130_fd_sc_hd__mux2_2" at bad file path /openlane/designs/picorv32_base/runs/RUN_2022.04.10_15.39.50/results/finishing/sky130_fd_sc_hd__mux2_2.mag.
The cell exists in the search paths at /home/rahul/Documents/OpenLane/pdks/sky130A/libs.ref/sky130_fd_sc_hd/maglef/sky130_fd_sc_hd__mux2_2.mag.
The discovered version will be used.
Warning:  Parent cell lists instance of "sky130_fd_sc_hd__mux2_4" at bad file path /openlane/designs/picorv32_base/runs/RUN_2022.04.10_15.39.50/results/finishing/sky130_fd_sc_hd__mux2_4.mag.
The cell exists in the search paths at /home/rahul/Documents/OpenLane/pdks/sky130A/libs.ref/sky130_fd_sc_hd/maglef/sky130_fd_sc_hd__mux2_4.mag.
The discovered version will be used.
Warning:  Parent cell lists instance of "sky130_fd_sc_hd__mux2_8" at bad file path /openlane/designs/picorv32_base/runs/RUN_2022.04.10_15.39.50/results/finishing/sky130_fd_sc_hd__mux2_8.mag.
The cell exists in the search paths at /home/rahul/Documents/OpenLane/pdks/sky130A/libs.ref/sky130_fd_sc_hd/maglef/sky130_fd_sc_hd__mux2_8.mag.
The discovered version will be used.
Warning:  Parent cell lists instance of "sky130_fd_sc_hd__o22a_2" at bad file path /openlane/designs/picorv32_base/runs/RUN_2022.04.10_15.39.50/results/finishing/sky130_fd_sc_hd__o22a_2.mag.
The cell exists in the search paths at /home/rahul/Documents/OpenLane/pdks/sky130A/libs.ref/sky130_fd_sc_hd/maglef/sky130_fd_sc_hd__o22a_2.mag.
The discovered version will be used.
Warning:  Parent cell lists instance of "sky130_fd_sc_hd__o22ai_2" at bad file path /openlane/designs/picorv32_base/runs/RUN_2022.04.10_15.39.50/results/finishing/sky130_fd_sc_hd__o22ai_2.mag.
The cell exists in the search paths at /home/rahul/Documents/OpenLane/pdks/sky130A/libs.ref/sky130_fd_sc_hd/maglef/sky130_fd_sc_hd__o22ai_2.mag.
The discovered version will be used.
Warning:  Parent cell lists instance of "sky130_fd_sc_hd__a31oi_2" at bad file path /openlane/designs/picorv32_base/runs/RUN_2022.04.10_15.39.50/results/finishing/sky130_fd_sc_hd__a31oi_2.mag.
The cell exists in the search paths at /home/rahul/Documents/OpenLane/pdks/sky130A/libs.ref/sky130_fd_sc_hd/maglef/sky130_fd_sc_hd__a31oi_2.mag.
The discovered version will be used.
Warning:  Parent cell lists instance of "sky130_fd_sc_hd__o41a_1" at bad file path /openlane/designs/picorv32_base/runs/RUN_2022.04.10_15.39.50/results/finishing/sky130_fd_sc_hd__o41a_1.mag.
The cell exists in the search paths at /home/rahul/Documents/OpenLane/pdks/sky130A/libs.ref/sky130_fd_sc_hd/maglef/sky130_fd_sc_hd__o41a_1.mag.
The discovered version will be used.
Warning:  Parent cell lists instance of "sky130_fd_sc_hd__o22ai_1" at bad file path /openlane/designs/picorv32_base/runs/RUN_2022.04.10_15.39.50/results/finishing/sky130_fd_sc_hd__o22ai_1.mag.
The cell exists in the search paths at /home/rahul/Documents/OpenLane/pdks/sky130A/libs.ref/sky130_fd_sc_hd/maglef/sky130_fd_sc_hd__o22ai_1.mag.
The discovered version will be used.
Warning:  Parent cell lists instance of "sky130_fd_sc_hd__a31oi_1" at bad file path /openlane/designs/picorv32_base/runs/RUN_2022.04.10_15.39.50/results/finishing/sky130_fd_sc_hd__a31oi_1.mag.
The cell exists in the search paths at /home/rahul/Documents/OpenLane/pdks/sky130A/libs.ref/sky130_fd_sc_hd/maglef/sky130_fd_sc_hd__a31oi_1.mag.
The discovered version will be used.
Warning:  Parent cell lists instance of "sky130_fd_sc_hd__o211ai_1" at bad file path /openlane/designs/picorv32_base/runs/RUN_2022.04.10_15.39.50/results/finishing/sky130_fd_sc_hd__o211ai_1.mag.
The cell exists in the search paths at /home/rahul/Documents/OpenLane/pdks/sky130A/libs.ref/sky130_fd_sc_hd/maglef/sky130_fd_sc_hd__o211ai_1.mag.
The discovered version will be used.
Warning:  Parent cell lists instance of "sky130_fd_sc_hd__o221ai_2" at bad file path /openlane/designs/picorv32_base/runs/RUN_2022.04.10_15.39.50/results/finishing/sky130_fd_sc_hd__o221ai_2.mag.
The cell exists in the search paths at /home/rahul/Documents/OpenLane/pdks/sky130A/libs.ref/sky130_fd_sc_hd/maglef/sky130_fd_sc_hd__o221ai_2.mag.
The discovered version will be used.
Warning:  Parent cell lists instance of "sky130_fd_sc_hd__or2_4" at bad file path /openlane/designs/picorv32_base/runs/RUN_2022.04.10_15.39.50/results/finishing/sky130_fd_sc_hd__or2_4.mag.
The cell exists in the search paths at /home/rahul/Documents/OpenLane/pdks/sky130A/libs.ref/sky130_fd_sc_hd/maglef/sky130_fd_sc_hd__or2_4.mag.
The discovered version will be used.
Warning:  Parent cell lists instance of "sky130_fd_sc_hd__nand2_2" at bad file path /openlane/designs/picorv32_base/runs/RUN_2022.04.10_15.39.50/results/finishing/sky130_fd_sc_hd__nand2_2.mag.
The cell exists in the search paths at /home/rahul/Documents/OpenLane/pdks/sky130A/libs.ref/sky130_fd_sc_hd/maglef/sky130_fd_sc_hd__nand2_2.mag.
The discovered version will be used.
Warning:  Parent cell lists instance of "sky130_fd_sc_hd__nand2b_1" at bad file path /openlane/designs/picorv32_base/runs/RUN_2022.04.10_15.39.50/results/finishing/sky130_fd_sc_hd__nand2b_1.mag.
The cell exists in the search paths at /home/rahul/Documents/OpenLane/pdks/sky130A/libs.ref/sky130_fd_sc_hd/maglef/sky130_fd_sc_hd__nand2b_1.mag.
The discovered version will be used.
Warning:  Parent cell lists instance of "sky130_fd_sc_hd__a22o_4" at bad file path /openlane/designs/picorv32_base/runs/RUN_2022.04.10_15.39.50/results/finishing/sky130_fd_sc_hd__a22o_4.mag.
The cell exists in the search paths at /home/rahul/Documents/OpenLane/pdks/sky130A/libs.ref/sky130_fd_sc_hd/maglef/sky130_fd_sc_hd__a22o_4.mag.
The discovered version will be used.
Warning:  Parent cell lists instance of "sky130_fd_sc_hd__a22oi_4" at bad file path /openlane/designs/picorv32_base/runs/RUN_2022.04.10_15.39.50/results/finishing/sky130_fd_sc_hd__a22oi_4.mag.
The cell exists in the search paths at /home/rahul/Documents/OpenLane/pdks/sky130A/libs.ref/sky130_fd_sc_hd/maglef/sky130_fd_sc_hd__a22oi_4.mag.
The discovered version will be used.
Warning:  Parent cell lists instance of "sky130_fd_sc_hd__a22o_2" at bad file path /openlane/designs/picorv32_base/runs/RUN_2022.04.10_15.39.50/results/finishing/sky130_fd_sc_hd__a22o_2.mag.
The cell exists in the search paths at /home/rahul/Documents/OpenLane/pdks/sky130A/libs.ref/sky130_fd_sc_hd/maglef/sky130_fd_sc_hd__a22o_2.mag.
The discovered version will be used.
Warning:  Parent cell lists instance of "sky130_fd_sc_hd__nor4_4" at bad file path /openlane/designs/picorv32_base/runs/RUN_2022.04.10_15.39.50/results/finishing/sky130_fd_sc_hd__nor4_4.mag.
The cell exists in the search paths at /home/rahul/Documents/OpenLane/pdks/sky130A/libs.ref/sky130_fd_sc_hd/maglef/sky130_fd_sc_hd__nor4_4.mag.
The discovered version will be used.
Warning:  Parent cell lists instance of "sky130_fd_sc_hd__a211o_4" at bad file path /openlane/designs/picorv32_base/runs/RUN_2022.04.10_15.39.50/results/finishing/sky130_fd_sc_hd__a211o_4.mag.
The cell exists in the search paths at /home/rahul/Documents/OpenLane/pdks/sky130A/libs.ref/sky130_fd_sc_hd/maglef/sky130_fd_sc_hd__a211o_4.mag.
The discovered version will be used.
Warning:  Parent cell lists instance of "sky130_fd_sc_hd__nor3b_4" at bad file path /openlane/designs/picorv32_base/runs/RUN_2022.04.10_15.39.50/results/finishing/sky130_fd_sc_hd__nor3b_4.mag.
The cell exists in the search paths at /home/rahul/Documents/OpenLane/pdks/sky130A/libs.ref/sky130_fd_sc_hd/maglef/sky130_fd_sc_hd__nor3b_4.mag.
The discovered version will be used.
Warning:  Parent cell lists instance of "sky130_fd_sc_hd__nor2_8" at bad file path /openlane/designs/picorv32_base/runs/RUN_2022.04.10_15.39.50/results/finishing/sky130_fd_sc_hd__nor2_8.mag.
The cell exists in the search paths at /home/rahul/Documents/OpenLane/pdks/sky130A/libs.ref/sky130_fd_sc_hd/maglef/sky130_fd_sc_hd__nor2_8.mag.
The discovered version will be used.
Warning:  Parent cell lists instance of "sky130_fd_sc_hd__nand2_4" at bad file path /openlane/designs/picorv32_base/runs/RUN_2022.04.10_15.39.50/results/finishing/sky130_fd_sc_hd__nand2_4.mag.
The cell exists in the search paths at /home/rahul/Documents/OpenLane/pdks/sky130A/libs.ref/sky130_fd_sc_hd/maglef/sky130_fd_sc_hd__nand2_4.mag.
The discovered version will be used.
Warning:  Parent cell lists instance of "sky130_fd_sc_hd__nor3b_2" at bad file path /openlane/designs/picorv32_base/runs/RUN_2022.04.10_15.39.50/results/finishing/sky130_fd_sc_hd__nor3b_2.mag.
The cell exists in the search paths at /home/rahul/Documents/OpenLane/pdks/sky130A/libs.ref/sky130_fd_sc_hd/maglef/sky130_fd_sc_hd__nor3b_2.mag.
The discovered version will be used.
Warning:  Parent cell lists instance of "sky130_fd_sc_hd__and4b_4" at bad file path /openlane/designs/picorv32_base/runs/RUN_2022.04.10_15.39.50/results/finishing/sky130_fd_sc_hd__and4b_4.mag.
The cell exists in the search paths at /home/rahul/Documents/OpenLane/pdks/sky130A/libs.ref/sky130_fd_sc_hd/maglef/sky130_fd_sc_hd__and4b_4.mag.
The discovered version will be used.
Warning:  Parent cell lists instance of "sky130_fd_sc_hd__or3_4" at bad file path /openlane/designs/picorv32_base/runs/RUN_2022.04.10_15.39.50/results/finishing/sky130_fd_sc_hd__or3_4.mag.
The cell exists in the search paths at /home/rahul/Documents/OpenLane/pdks/sky130A/libs.ref/sky130_fd_sc_hd/maglef/sky130_fd_sc_hd__or3_4.mag.
The discovered version will be used.
Warning:  Parent cell lists instance of "sky130_fd_sc_hd__a221o_4" at bad file path /openlane/designs/picorv32_base/runs/RUN_2022.04.10_15.39.50/results/finishing/sky130_fd_sc_hd__a221o_4.mag.
The cell exists in the search paths at /home/rahul/Documents/OpenLane/pdks/sky130A/libs.ref/sky130_fd_sc_hd/maglef/sky130_fd_sc_hd__a221o_4.mag.
The discovered version will be used.
Warning:  Parent cell lists instance of "sky130_fd_sc_hd__o41a_4" at bad file path /openlane/designs/picorv32_base/runs/RUN_2022.04.10_15.39.50/results/finishing/sky130_fd_sc_hd__o41a_4.mag.
The cell exists in the search paths at /home/rahul/Documents/OpenLane/pdks/sky130A/libs.ref/sky130_fd_sc_hd/maglef/sky130_fd_sc_hd__o41a_4.mag.
The discovered version will be used.
Warning:  Parent cell lists instance of "sky130_fd_sc_hd__o31a_2" at bad file path /openlane/designs/picorv32_base/runs/RUN_2022.04.10_15.39.50/results/finishing/sky130_fd_sc_hd__o31a_2.mag.
The cell exists in the search paths at /home/rahul/Documents/OpenLane/pdks/sky130A/libs.ref/sky130_fd_sc_hd/maglef/sky130_fd_sc_hd__o31a_2.mag.
The discovered version will be used.
Warning:  Parent cell lists instance of "sky130_fd_sc_hd__a21o_4" at bad file path /openlane/designs/picorv32_base/runs/RUN_2022.04.10_15.39.50/results/finishing/sky130_fd_sc_hd__a21o_4.mag.
The cell exists in the search paths at /home/rahul/Documents/OpenLane/pdks/sky130A/libs.ref/sky130_fd_sc_hd/maglef/sky130_fd_sc_hd__a21o_4.mag.
The discovered version will be used.
Warning:  Parent cell lists instance of "sky130_fd_sc_hd__nor4_1" at bad file path /openlane/designs/picorv32_base/runs/RUN_2022.04.10_15.39.50/results/finishing/sky130_fd_sc_hd__nor4_1.mag.
The cell exists in the search paths at /home/rahul/Documents/OpenLane/pdks/sky130A/libs.ref/sky130_fd_sc_hd/maglef/sky130_fd_sc_hd__nor4_1.mag.
The discovered version will be used.
Warning:  Parent cell lists instance of "sky130_fd_sc_hd__o21bai_2" at bad file path /openlane/designs/picorv32_base/runs/RUN_2022.04.10_15.39.50/results/finishing/sky130_fd_sc_hd__o21bai_2.mag.
The cell exists in the search paths at /home/rahul/Documents/OpenLane/pdks/sky130A/libs.ref/sky130_fd_sc_hd/maglef/sky130_fd_sc_hd__o21bai_2.mag.
The discovered version will be used.
Warning:  Parent cell lists instance of "sky130_fd_sc_hd__xnor2_4" at bad file path /openlane/designs/picorv32_base/runs/RUN_2022.04.10_15.39.50/results/finishing/sky130_fd_sc_hd__xnor2_4.mag.
The cell exists in the search paths at /home/rahul/Documents/OpenLane/pdks/sky130A/libs.ref/sky130_fd_sc_hd/maglef/sky130_fd_sc_hd__xnor2_4.mag.
The discovered version will be used.
Warning:  Parent cell lists instance of "sky130_fd_sc_hd__o2bb2ai_2" at bad file path /openlane/designs/picorv32_base/runs/RUN_2022.04.10_15.39.50/results/finishing/sky130_fd_sc_hd__o2bb2ai_2.mag.
The cell exists in the search paths at /home/rahul/Documents/OpenLane/pdks/sky130A/libs.ref/sky130_fd_sc_hd/maglef/sky130_fd_sc_hd__o2bb2ai_2.mag.
The discovered version will be used.
Warning:  Parent cell lists instance of "sky130_fd_sc_hd__a22oi_1" at bad file path /openlane/designs/picorv32_base/runs/RUN_2022.04.10_15.39.50/results/finishing/sky130_fd_sc_hd__a22oi_1.mag.
The cell exists in the search paths at /home/rahul/Documents/OpenLane/pdks/sky130A/libs.ref/sky130_fd_sc_hd/maglef/sky130_fd_sc_hd__a22oi_1.mag.
The discovered version will be used.
Warning:  Parent cell lists instance of "sky130_fd_sc_hd__nand3_2" at bad file path /openlane/designs/picorv32_base/runs/RUN_2022.04.10_15.39.50/results/finishing/sky130_fd_sc_hd__nand3_2.mag.
The cell exists in the search paths at /home/rahul/Documents/OpenLane/pdks/sky130A/libs.ref/sky130_fd_sc_hd/maglef/sky130_fd_sc_hd__nand3_2.mag.
The discovered version will be used.
Warning:  Parent cell lists instance of "sky130_fd_sc_hd__a21o_2" at bad file path /openlane/designs/picorv32_base/runs/RUN_2022.04.10_15.39.50/results/finishing/sky130_fd_sc_hd__a21o_2.mag.
The cell exists in the search paths at /home/rahul/Documents/OpenLane/pdks/sky130A/libs.ref/sky130_fd_sc_hd/maglef/sky130_fd_sc_hd__a21o_2.mag.
The discovered version will be used.
Warning:  Parent cell lists instance of "sky130_fd_sc_hd__o2bb2ai_1" at bad file path /openlane/designs/picorv32_base/runs/RUN_2022.04.10_15.39.50/results/finishing/sky130_fd_sc_hd__o2bb2ai_1.mag.
The cell exists in the search paths at /home/rahul/Documents/OpenLane/pdks/sky130A/libs.ref/sky130_fd_sc_hd/maglef/sky130_fd_sc_hd__o2bb2ai_1.mag.
The discovered version will be used.
Warning:  Parent cell lists instance of "sky130_fd_sc_hd__a22oi_2" at bad file path /openlane/designs/picorv32_base/runs/RUN_2022.04.10_15.39.50/results/finishing/sky130_fd_sc_hd__a22oi_2.mag.
The cell exists in the search paths at /home/rahul/Documents/OpenLane/pdks/sky130A/libs.ref/sky130_fd_sc_hd/maglef/sky130_fd_sc_hd__a22oi_2.mag.
The discovered version will be used.
Warning:  Parent cell lists instance of "sky130_fd_sc_hd__a31oi_4" at bad file path /openlane/designs/picorv32_base/runs/RUN_2022.04.10_15.39.50/results/finishing/sky130_fd_sc_hd__a31oi_4.mag.
The cell exists in the search paths at /home/rahul/Documents/OpenLane/pdks/sky130A/libs.ref/sky130_fd_sc_hd/maglef/sky130_fd_sc_hd__a31oi_4.mag.
The discovered version will be used.
Warning:  Parent cell lists instance of "sky130_fd_sc_hd__o21a_2" at bad file path /openlane/designs/picorv32_base/runs/RUN_2022.04.10_15.39.50/results/finishing/sky130_fd_sc_hd__o21a_2.mag.
The cell exists in the search paths at /home/rahul/Documents/OpenLane/pdks/sky130A/libs.ref/sky130_fd_sc_hd/maglef/sky130_fd_sc_hd__o21a_2.mag.
The discovered version will be used.
Warning:  Parent cell lists instance of "sky130_fd_sc_hd__o211ai_4" at bad file path /openlane/designs/picorv32_base/runs/RUN_2022.04.10_15.39.50/results/finishing/sky130_fd_sc_hd__o211ai_4.mag.
The cell exists in the search paths at /home/rahul/Documents/OpenLane/pdks/sky130A/libs.ref/sky130_fd_sc_hd/maglef/sky130_fd_sc_hd__o211ai_4.mag.
The discovered version will be used.
Warning:  Parent cell lists instance of "sky130_fd_sc_hd__o21bai_4" at bad file path /openlane/designs/picorv32_base/runs/RUN_2022.04.10_15.39.50/results/finishing/sky130_fd_sc_hd__o21bai_4.mag.
The cell exists in the search paths at /home/rahul/Documents/OpenLane/pdks/sky130A/libs.ref/sky130_fd_sc_hd/maglef/sky130_fd_sc_hd__o21bai_4.mag.
The discovered version will be used.
Warning:  Parent cell lists instance of "sky130_fd_sc_hd__nand3_4" at bad file path /openlane/designs/picorv32_base/runs/RUN_2022.04.10_15.39.50/results/finishing/sky130_fd_sc_hd__nand3_4.mag.
The cell exists in the search paths at /home/rahul/Documents/OpenLane/pdks/sky130A/libs.ref/sky130_fd_sc_hd/maglef/sky130_fd_sc_hd__nand3_4.mag.
The discovered version will be used.
Warning:  Parent cell lists instance of "sky130_fd_sc_hd__a221oi_4" at bad file path /openlane/designs/picorv32_base/runs/RUN_2022.04.10_15.39.50/results/finishing/sky130_fd_sc_hd__a221oi_4.mag.
The cell exists in the search paths at /home/rahul/Documents/OpenLane/pdks/sky130A/libs.ref/sky130_fd_sc_hd/maglef/sky130_fd_sc_hd__a221oi_4.mag.
The discovered version will be used.
Warning:  Parent cell lists instance of "sky130_fd_sc_hd__and2_4" at bad file path /openlane/designs/picorv32_base/runs/RUN_2022.04.10_15.39.50/results/finishing/sky130_fd_sc_hd__and2_4.mag.
The cell exists in the search paths at /home/rahul/Documents/OpenLane/pdks/sky130A/libs.ref/sky130_fd_sc_hd/maglef/sky130_fd_sc_hd__and2_4.mag.
The discovered version will be used.
Warning:  Parent cell lists instance of "sky130_fd_sc_hd__nand4_2" at bad file path /openlane/designs/picorv32_base/runs/RUN_2022.04.10_15.39.50/results/finishing/sky130_fd_sc_hd__nand4_2.mag.
The cell exists in the search paths at /home/rahul/Documents/OpenLane/pdks/sky130A/libs.ref/sky130_fd_sc_hd/maglef/sky130_fd_sc_hd__nand4_2.mag.
The discovered version will be used.
Warning:  Parent cell lists instance of "sky130_fd_sc_hd__nand4_4" at bad file path /openlane/designs/picorv32_base/runs/RUN_2022.04.10_15.39.50/results/finishing/sky130_fd_sc_hd__nand4_4.mag.
The cell exists in the search paths at /home/rahul/Documents/OpenLane/pdks/sky130A/libs.ref/sky130_fd_sc_hd/maglef/sky130_fd_sc_hd__nand4_4.mag.
The discovered version will be used.
Warning:  Parent cell lists instance of "sky130_fd_sc_hd__o21ai_4" at bad file path /openlane/designs/picorv32_base/runs/RUN_2022.04.10_15.39.50/results/finishing/sky130_fd_sc_hd__o21ai_4.mag.
The cell exists in the search paths at /home/rahul/Documents/OpenLane/pdks/sky130A/libs.ref/sky130_fd_sc_hd/maglef/sky130_fd_sc_hd__o21ai_4.mag.
The discovered version will be used.
Warning:  Parent cell lists instance of "sky130_fd_sc_hd__a211oi_4" at bad file path /openlane/designs/picorv32_base/runs/RUN_2022.04.10_15.39.50/results/finishing/sky130_fd_sc_hd__a211oi_4.mag.
The cell exists in the search paths at /home/rahul/Documents/OpenLane/pdks/sky130A/libs.ref/sky130_fd_sc_hd/maglef/sky130_fd_sc_hd__a211oi_4.mag.
The discovered version will be used.
Warning:  Parent cell lists instance of "sky130_fd_sc_hd__and4_2" at bad file path /openlane/designs/picorv32_base/runs/RUN_2022.04.10_15.39.50/results/finishing/sky130_fd_sc_hd__and4_2.mag.
The cell exists in the search paths at /home/rahul/Documents/OpenLane/pdks/sky130A/libs.ref/sky130_fd_sc_hd/maglef/sky130_fd_sc_hd__and4_2.mag.
The discovered version will be used.
Warning:  Parent cell lists instance of "sky130_fd_sc_hd__a32o_4" at bad file path /openlane/designs/picorv32_base/runs/RUN_2022.04.10_15.39.50/results/finishing/sky130_fd_sc_hd__a32o_4.mag.
The cell exists in the search paths at /home/rahul/Documents/OpenLane/pdks/sky130A/libs.ref/sky130_fd_sc_hd/maglef/sky130_fd_sc_hd__a32o_4.mag.
The discovered version will be used.
Warning:  Parent cell lists instance of "sky130_fd_sc_hd__xor2_4" at bad file path /openlane/designs/picorv32_base/runs/RUN_2022.04.10_15.39.50/results/finishing/sky130_fd_sc_hd__xor2_4.mag.
The cell exists in the search paths at /home/rahul/Documents/OpenLane/pdks/sky130A/libs.ref/sky130_fd_sc_hd/maglef/sky130_fd_sc_hd__xor2_4.mag.
The discovered version will be used.
Warning:  Parent cell lists instance of "sky130_fd_sc_hd__o211a_2" at bad file path /openlane/designs/picorv32_base/runs/RUN_2022.04.10_15.39.50/results/finishing/sky130_fd_sc_hd__o211a_2.mag.
The cell exists in the search paths at /home/rahul/Documents/OpenLane/pdks/sky130A/libs.ref/sky130_fd_sc_hd/maglef/sky130_fd_sc_hd__o211a_2.mag.
The discovered version will be used.
Warning:  Parent cell lists instance of "sky130_fd_sc_hd__and3_4" at bad file path /openlane/designs/picorv32_base/runs/RUN_2022.04.10_15.39.50/results/finishing/sky130_fd_sc_hd__and3_4.mag.
The cell exists in the search paths at /home/rahul/Documents/OpenLane/pdks/sky130A/libs.ref/sky130_fd_sc_hd/maglef/sky130_fd_sc_hd__and3_4.mag.
The discovered version will be used.
Warning:  Parent cell lists instance of "sky130_fd_sc_hd__and4_4" at bad file path /openlane/designs/picorv32_base/runs/RUN_2022.04.10_15.39.50/results/finishing/sky130_fd_sc_hd__and4_4.mag.
The cell exists in the search paths at /home/rahul/Documents/OpenLane/pdks/sky130A/libs.ref/sky130_fd_sc_hd/maglef/sky130_fd_sc_hd__and4_4.mag.
The discovered version will be used.
Warning:  Parent cell lists instance of "sky130_fd_sc_hd__a31o_4" at bad file path /openlane/designs/picorv32_base/runs/RUN_2022.04.10_15.39.50/results/finishing/sky130_fd_sc_hd__a31o_4.mag.
The cell exists in the search paths at /home/rahul/Documents/OpenLane/pdks/sky130A/libs.ref/sky130_fd_sc_hd/maglef/sky130_fd_sc_hd__a31o_4.mag.
The discovered version will be used.
Warning:  Parent cell lists instance of "sky130_fd_sc_hd__nor4_2" at bad file path /openlane/designs/picorv32_base/runs/RUN_2022.04.10_15.39.50/results/finishing/sky130_fd_sc_hd__nor4_2.mag.
The cell exists in the search paths at /home/rahul/Documents/OpenLane/pdks/sky130A/libs.ref/sky130_fd_sc_hd/maglef/sky130_fd_sc_hd__nor4_2.mag.
The discovered version will be used.
Warning:  Parent cell lists instance of "sky130_fd_sc_hd__a21bo_2" at bad file path /openlane/designs/picorv32_base/runs/RUN_2022.04.10_15.39.50/results/finishing/sky130_fd_sc_hd__a21bo_2.mag.
The cell exists in the search paths at /home/rahul/Documents/OpenLane/pdks/sky130A/libs.ref/sky130_fd_sc_hd/maglef/sky130_fd_sc_hd__a21bo_2.mag.
The discovered version will be used.
Warning:  Parent cell lists instance of "sky130_fd_sc_hd__nand3b_4" at bad file path /openlane/designs/picorv32_base/runs/RUN_2022.04.10_15.39.50/results/finishing/sky130_fd_sc_hd__nand3b_4.mag.
The cell exists in the search paths at /home/rahul/Documents/OpenLane/pdks/sky130A/libs.ref/sky130_fd_sc_hd/maglef/sky130_fd_sc_hd__nand3b_4.mag.
The discovered version will be used.
Warning:  Parent cell lists instance of "sky130_fd_sc_hd__or4bb_1" at bad file path /openlane/designs/picorv32_base/runs/RUN_2022.04.10_15.39.50/results/finishing/sky130_fd_sc_hd__or4bb_1.mag.
The cell exists in the search paths at /home/rahul/Documents/OpenLane/pdks/sky130A/libs.ref/sky130_fd_sc_hd/maglef/sky130_fd_sc_hd__or4bb_1.mag.
The discovered version will be used.
Warning:  Parent cell lists instance of "sky130_fd_sc_hd__inv_4" at bad file path /openlane/designs/picorv32_base/runs/RUN_2022.04.10_15.39.50/results/finishing/sky130_fd_sc_hd__inv_4.mag.
The cell exists in the search paths at /home/rahul/Documents/OpenLane/pdks/sky130A/libs.ref/sky130_fd_sc_hd/maglef/sky130_fd_sc_hd__inv_4.mag.
The discovered version will be used.
Warning:  Parent cell lists instance of "sky130_fd_sc_hd__o21ba_2" at bad file path /openlane/designs/picorv32_base/runs/RUN_2022.04.10_15.39.50/results/finishing/sky130_fd_sc_hd__o21ba_2.mag.
The cell exists in the search paths at /home/rahul/Documents/OpenLane/pdks/sky130A/libs.ref/sky130_fd_sc_hd/maglef/sky130_fd_sc_hd__o21ba_2.mag.
The discovered version will be used.
Warning:  Parent cell lists instance of "sky130_fd_sc_hd__o22ai_4" at bad file path /openlane/designs/picorv32_base/runs/RUN_2022.04.10_15.39.50/results/finishing/sky130_fd_sc_hd__o22ai_4.mag.
The cell exists in the search paths at /home/rahul/Documents/OpenLane/pdks/sky130A/libs.ref/sky130_fd_sc_hd/maglef/sky130_fd_sc_hd__o22ai_4.mag.
The discovered version will be used.
Warning:  Parent cell lists instance of "sky130_fd_sc_hd__a21boi_2" at bad file path /openlane/designs/picorv32_base/runs/RUN_2022.04.10_15.39.50/results/finishing/sky130_fd_sc_hd__a21boi_2.mag.
The cell exists in the search paths at /home/rahul/Documents/OpenLane/pdks/sky130A/libs.ref/sky130_fd_sc_hd/maglef/sky130_fd_sc_hd__a21boi_2.mag.
The discovered version will be used.
Warning:  Parent cell lists instance of "sky130_fd_sc_hd__or4bb_4" at bad file path /openlane/designs/picorv32_base/runs/RUN_2022.04.10_15.39.50/results/finishing/sky130_fd_sc_hd__or4bb_4.mag.
The cell exists in the search paths at /home/rahul/Documents/OpenLane/pdks/sky130A/libs.ref/sky130_fd_sc_hd/maglef/sky130_fd_sc_hd__or4bb_4.mag.
The discovered version will be used.
Warning:  Parent cell lists instance of "sky130_fd_sc_hd__o21ba_4" at bad file path /openlane/designs/picorv32_base/runs/RUN_2022.04.10_15.39.50/results/finishing/sky130_fd_sc_hd__o21ba_4.mag.
The cell exists in the search paths at /home/rahul/Documents/OpenLane/pdks/sky130A/libs.ref/sky130_fd_sc_hd/maglef/sky130_fd_sc_hd__o21ba_4.mag.
The discovered version will be used.
Warning:  Parent cell lists instance of "sky130_fd_sc_hd__a2bb2oi_2" at bad file path /openlane/designs/picorv32_base/runs/RUN_2022.04.10_15.39.50/results/finishing/sky130_fd_sc_hd__a2bb2oi_2.mag.
The cell exists in the search paths at /home/rahul/Documents/OpenLane/pdks/sky130A/libs.ref/sky130_fd_sc_hd/maglef/sky130_fd_sc_hd__a2bb2oi_2.mag.
The discovered version will be used.
Warning:  Parent cell lists instance of "sky130_fd_sc_hd__clkinv_4" at bad file path /openlane/designs/picorv32_base/runs/RUN_2022.04.10_15.39.50/results/finishing/sky130_fd_sc_hd__clkinv_4.mag.
The cell exists in the search paths at /home/rahul/Documents/OpenLane/pdks/sky130A/libs.ref/sky130_fd_sc_hd/maglef/sky130_fd_sc_hd__clkinv_4.mag.
The discovered version will be used.
Warning:  Parent cell lists instance of "sky130_fd_sc_hd__o22a_4" at bad file path /openlane/designs/picorv32_base/runs/RUN_2022.04.10_15.39.50/results/finishing/sky130_fd_sc_hd__o22a_4.mag.
The cell exists in the search paths at /home/rahul/Documents/OpenLane/pdks/sky130A/libs.ref/sky130_fd_sc_hd/maglef/sky130_fd_sc_hd__o22a_4.mag.
The discovered version will be used.
Warning:  Parent cell lists instance of "sky130_fd_sc_hd__o21a_4" at bad file path /openlane/designs/picorv32_base/runs/RUN_2022.04.10_15.39.50/results/finishing/sky130_fd_sc_hd__o21a_4.mag.
The cell exists in the search paths at /home/rahul/Documents/OpenLane/pdks/sky130A/libs.ref/sky130_fd_sc_hd/maglef/sky130_fd_sc_hd__o21a_4.mag.
The discovered version will be used.
Warning:  Parent cell lists instance of "sky130_fd_sc_hd__and3b_4" at bad file path /openlane/designs/picorv32_base/runs/RUN_2022.04.10_15.39.50/results/finishing/sky130_fd_sc_hd__and3b_4.mag.
The cell exists in the search paths at /home/rahul/Documents/OpenLane/pdks/sky130A/libs.ref/sky130_fd_sc_hd/maglef/sky130_fd_sc_hd__and3b_4.mag.
The discovered version will be used.
Warning:  Parent cell lists instance of "sky130_fd_sc_hd__a32o_2" at bad file path /openlane/designs/picorv32_base/runs/RUN_2022.04.10_15.39.50/results/finishing/sky130_fd_sc_hd__a32o_2.mag.
The cell exists in the search paths at /home/rahul/Documents/OpenLane/pdks/sky130A/libs.ref/sky130_fd_sc_hd/maglef/sky130_fd_sc_hd__a32o_2.mag.
The discovered version will be used.
Warning:  Parent cell lists instance of "sky130_fd_sc_hd__and4b_2" at bad file path /openlane/designs/picorv32_base/runs/RUN_2022.04.10_15.39.50/results/finishing/sky130_fd_sc_hd__and4b_2.mag.
The cell exists in the search paths at /home/rahul/Documents/OpenLane/pdks/sky130A/libs.ref/sky130_fd_sc_hd/maglef/sky130_fd_sc_hd__and4b_2.mag.
The discovered version will be used.
Warning:  Parent cell lists instance of "sky130_fd_sc_hd__a2bb2oi_1" at bad file path /openlane/designs/picorv32_base/runs/RUN_2022.04.10_15.39.50/results/finishing/sky130_fd_sc_hd__a2bb2oi_1.mag.
The cell exists in the search paths at /home/rahul/Documents/OpenLane/pdks/sky130A/libs.ref/sky130_fd_sc_hd/maglef/sky130_fd_sc_hd__a2bb2oi_1.mag.
The discovered version will be used.
Warning:  Parent cell lists instance of "sky130_fd_sc_hd__and3b_2" at bad file path /openlane/designs/picorv32_base/runs/RUN_2022.04.10_15.39.50/results/finishing/sky130_fd_sc_hd__and3b_2.mag.
The cell exists in the search paths at /home/rahul/Documents/OpenLane/pdks/sky130A/libs.ref/sky130_fd_sc_hd/maglef/sky130_fd_sc_hd__and3b_2.mag.
The discovered version will be used.
Warning:  Parent cell lists instance of "sky130_fd_sc_hd__o41ai_4" at bad file path /openlane/designs/picorv32_base/runs/RUN_2022.04.10_15.39.50/results/finishing/sky130_fd_sc_hd__o41ai_4.mag.
The cell exists in the search paths at /home/rahul/Documents/OpenLane/pdks/sky130A/libs.ref/sky130_fd_sc_hd/maglef/sky130_fd_sc_hd__o41ai_4.mag.
The discovered version will be used.
Warning:  Parent cell lists instance of "sky130_fd_sc_hd__a32oi_4" at bad file path /openlane/designs/picorv32_base/runs/RUN_2022.04.10_15.39.50/results/finishing/sky130_fd_sc_hd__a32oi_4.mag.
The cell exists in the search paths at /home/rahul/Documents/OpenLane/pdks/sky130A/libs.ref/sky130_fd_sc_hd/maglef/sky130_fd_sc_hd__a32oi_4.mag.
The discovered version will be used.
Warning:  Parent cell lists instance of "sky130_fd_sc_hd__nor3b_1" at bad file path /openlane/designs/picorv32_base/runs/RUN_2022.04.10_15.39.50/results/finishing/sky130_fd_sc_hd__nor3b_1.mag.
The cell exists in the search paths at /home/rahul/Documents/OpenLane/pdks/sky130A/libs.ref/sky130_fd_sc_hd/maglef/sky130_fd_sc_hd__nor3b_1.mag.
The discovered version will be used.
Warning:  Parent cell lists instance of "sky130_fd_sc_hd__a32oi_2" at bad file path /openlane/designs/picorv32_base/runs/RUN_2022.04.10_15.39.50/results/finishing/sky130_fd_sc_hd__a32oi_2.mag.
The cell exists in the search paths at /home/rahul/Documents/OpenLane/pdks/sky130A/libs.ref/sky130_fd_sc_hd/maglef/sky130_fd_sc_hd__a32oi_2.mag.
The discovered version will be used.
Warning:  Parent cell lists instance of "sky130_fd_sc_hd__o31ai_4" at bad file path /openlane/designs/picorv32_base/runs/RUN_2022.04.10_15.39.50/results/finishing/sky130_fd_sc_hd__o31ai_4.mag.
The cell exists in the search paths at /home/rahul/Documents/OpenLane/pdks/sky130A/libs.ref/sky130_fd_sc_hd/maglef/sky130_fd_sc_hd__o31ai_4.mag.
The discovered version will be used.
Warning:  Parent cell lists instance of "sky130_fd_sc_hd__o31a_4" at bad file path /openlane/designs/picorv32_base/runs/RUN_2022.04.10_15.39.50/results/finishing/sky130_fd_sc_hd__o31a_4.mag.
The cell exists in the search paths at /home/rahul/Documents/OpenLane/pdks/sky130A/libs.ref/sky130_fd_sc_hd/maglef/sky130_fd_sc_hd__o31a_4.mag.
The discovered version will be used.
Warning:  Parent cell lists instance of "sky130_fd_sc_hd__nor4b_4" at bad file path /openlane/designs/picorv32_base/runs/RUN_2022.04.10_15.39.50/results/finishing/sky130_fd_sc_hd__nor4b_4.mag.
The cell exists in the search paths at /home/rahul/Documents/OpenLane/pdks/sky130A/libs.ref/sky130_fd_sc_hd/maglef/sky130_fd_sc_hd__nor4b_4.mag.
The discovered version will be used.
Warning:  Parent cell lists instance of "sky130_fd_sc_hd__nor4b_2" at bad file path /openlane/designs/picorv32_base/runs/RUN_2022.04.10_15.39.50/results/finishing/sky130_fd_sc_hd__nor4b_2.mag.
The cell exists in the search paths at /home/rahul/Documents/OpenLane/pdks/sky130A/libs.ref/sky130_fd_sc_hd/maglef/sky130_fd_sc_hd__nor4b_2.mag.
The discovered version will be used.
Warning:  Parent cell lists instance of "sky130_fd_sc_hd__a2bb2o_2" at bad file path /openlane/designs/picorv32_base/runs/RUN_2022.04.10_15.39.50/results/finishing/sky130_fd_sc_hd__a2bb2o_2.mag.
The cell exists in the search paths at /home/rahul/Documents/OpenLane/pdks/sky130A/libs.ref/sky130_fd_sc_hd/maglef/sky130_fd_sc_hd__a2bb2o_2.mag.
The discovered version will be used.
Warning:  Parent cell lists instance of "sky130_fd_sc_hd__inv_6" at bad file path /openlane/designs/picorv32_base/runs/RUN_2022.04.10_15.39.50/results/finishing/sky130_fd_sc_hd__inv_6.mag.
The cell exists in the search paths at /home/rahul/Documents/OpenLane/pdks/sky130A/libs.ref/sky130_fd_sc_hd/maglef/sky130_fd_sc_hd__inv_6.mag.
The discovered version will be used.
Warning:  Parent cell lists instance of "sky130_fd_sc_hd__a2111o_1" at bad file path /openlane/designs/picorv32_base/runs/RUN_2022.04.10_15.39.50/results/finishing/sky130_fd_sc_hd__a2111o_1.mag.
The cell exists in the search paths at /home/rahul/Documents/OpenLane/pdks/sky130A/libs.ref/sky130_fd_sc_hd/maglef/sky130_fd_sc_hd__a2111o_1.mag.
The discovered version will be used.
Warning:  Parent cell lists instance of "sky130_fd_sc_hd__and2b_4" at bad file path /openlane/designs/picorv32_base/runs/RUN_2022.04.10_15.39.50/results/finishing/sky130_fd_sc_hd__and2b_4.mag.
The cell exists in the search paths at /home/rahul/Documents/OpenLane/pdks/sky130A/libs.ref/sky130_fd_sc_hd/maglef/sky130_fd_sc_hd__and2b_4.mag.
The discovered version will be used.
Warning:  Parent cell lists instance of "sky130_fd_sc_hd__clkinv_8" at bad file path /openlane/designs/picorv32_base/runs/RUN_2022.04.10_15.39.50/results/finishing/sky130_fd_sc_hd__clkinv_8.mag.
The cell exists in the search paths at /home/rahul/Documents/OpenLane/pdks/sky130A/libs.ref/sky130_fd_sc_hd/maglef/sky130_fd_sc_hd__clkinv_8.mag.
The discovered version will be used.
Warning:  Parent cell lists instance of "sky130_fd_sc_hd__tapvpwrvgnd_1" at bad file path /openlane/designs/picorv32_base/runs/RUN_2022.04.10_15.39.50/results/finishing/sky130_fd_sc_hd__tapvpwrvgnd_1.mag.
The cell exists in the search paths at /home/rahul/Documents/OpenLane/pdks/sky130A/libs.ref/sky130_fd_sc_hd/maglef/sky130_fd_sc_hd__tapvpwrvgnd_1.mag.
The discovered version will be used.
Warning:  Parent cell lists instance of "sky130_fd_sc_hd__decap_3" at bad file path /openlane/designs/picorv32_base/runs/RUN_2022.04.10_15.39.50/results/finishing/sky130_fd_sc_hd__decap_3.mag.
The cell exists in the search paths at /home/rahul/Documents/OpenLane/pdks/sky130A/libs.ref/sky130_fd_sc_hd/maglef/sky130_fd_sc_hd__decap_3.mag.
The discovered version will be used.
Warning:  Parent cell lists instance of "sky130_fd_sc_hd__decap_4" at bad file path /openlane/designs/picorv32_base/runs/RUN_2022.04.10_15.39.50/results/finishing/sky130_fd_sc_hd__decap_4.mag.
The cell exists in the search paths at /home/rahul/Documents/OpenLane/pdks/sky130A/libs.ref/sky130_fd_sc_hd/maglef/sky130_fd_sc_hd__decap_4.mag.
The discovered version will be used.
Warning:  Parent cell lists instance of "sky130_fd_sc_hd__decap_6" at bad file path /openlane/designs/picorv32_base/runs/RUN_2022.04.10_15.39.50/results/finishing/sky130_fd_sc_hd__decap_6.mag.
The cell exists in the search paths at /home/rahul/Documents/OpenLane/pdks/sky130A/libs.ref/sky130_fd_sc_hd/maglef/sky130_fd_sc_hd__decap_6.mag.
The discovered version will be used.
Warning:  Parent cell lists instance of "sky130_fd_sc_hd__fill_2" at bad file path /openlane/designs/picorv32_base/runs/RUN_2022.04.10_15.39.50/results/finishing/sky130_fd_sc_hd__fill_2.mag.
The cell exists in the search paths at /home/rahul/Documents/OpenLane/pdks/sky130A/libs.ref/sky130_fd_sc_hd/maglef/sky130_fd_sc_hd__fill_2.mag.
The discovered version will be used.
Warning:  Parent cell lists instance of "sky130_fd_sc_hd__fill_1" at bad file path /openlane/designs/picorv32_base/runs/RUN_2022.04.10_15.39.50/results/finishing/sky130_fd_sc_hd__fill_1.mag.
The cell exists in the search paths at /home/rahul/Documents/OpenLane/pdks/sky130A/libs.ref/sky130_fd_sc_hd/maglef/sky130_fd_sc_hd__fill_1.mag.
The discovered version will be used.
Warning:  Parent cell lists instance of "sky130_fd_sc_hd__decap_12" at bad file path /openlane/designs/picorv32_base/runs/RUN_2022.04.10_15.39.50/results/finishing/sky130_fd_sc_hd__decap_12.mag.
The cell exists in the search paths at /home/rahul/Documents/OpenLane/pdks/sky130A/libs.ref/sky130_fd_sc_hd/maglef/sky130_fd_sc_hd__decap_12.mag.
The discovered version will be used.
Warning:  Parent cell lists instance of "sky130_fd_sc_hd__decap_8" at bad file path /openlane/designs/picorv32_base/runs/RUN_2022.04.10_15.39.50/results/finishing/sky130_fd_sc_hd__decap_8.mag.
The cell exists in the search paths at /home/rahul/Documents/OpenLane/pdks/sky130A/libs.ref/sky130_fd_sc_hd/maglef/sky130_fd_sc_hd__decap_8.mag.
The discovered version will be used.
Warning:  Parent cell lists instance of "sky130_fd_sc_hd__diode_2" at bad file path /openlane/designs/picorv32_base/runs/RUN_2022.04.10_15.39.50/results/finishing/sky130_fd_sc_hd__diode_2.mag.
The cell exists in the search paths at /home/rahul/Documents/OpenLane/pdks/sky130A/libs.ref/sky130_fd_sc_hd/maglef/sky130_fd_sc_hd__diode_2.mag.
The discovered version will be used.
Diagnostic:  Scale value is 0.005000
[INFO]: LEF Write Complete
Using technology "sky130A", version 1.0.283-0-g7519dfb
