First Layout: /openlane/designs/picorv32_base/runs/RUN_2022.04.10_15.39.50/results/finishing/picorv32_base.gds
Second Layout: /openlane/designs/picorv32_base/runs/RUN_2022.04.10_15.39.50/results/finishing/picorv32_base.klayout.gds
Design Name: picorv32_base
Output GDS will be: /openlane/designs/picorv32_base/runs/RUN_2022.04.10_15.39.50/reports/finishing/picorv32_base.xor.xml
Reading /openlane/designs/picorv32_base/runs/RUN_2022.04.10_15.39.50/results/finishing/picorv32_base.gds ..
Reading /openlane/designs/picorv32_base/runs/RUN_2022.04.10_15.39.50/results/finishing/picorv32_base.klayout.gds ..
--- Running XOR for 122/16 ---
"input" in: xor.drc:38
    Polygons (raw): 66053 (flat)  209 (hierarchical)
    Elapsed: 0.000s  Memory: 518.00M
"input" in: xor.drc:38
    Polygons (raw): 66053 (flat)  209 (hierarchical)
    Elapsed: 0.000s  Memory: 518.00M
"^" in: xor.drc:38
    Polygons (raw): 0 (flat)  0 (hierarchical)
    Elapsed: 0.670s  Memory: 518.00M
XOR differences: 0
"output" in: xor.drc:40
    Polygons (raw): 0 (flat)  0 (hierarchical)
    Elapsed: 0.020s  Memory: 518.00M
--- Running XOR for 235/4 ---
"input" in: xor.drc:38
    Polygons (raw): 1 (flat)  1 (hierarchical)
    Elapsed: 0.000s  Memory: 518.00M
"input" in: xor.drc:38
    Polygons (raw): 1 (flat)  1 (hierarchical)
    Elapsed: 0.010s  Memory: 518.00M
"^" in: xor.drc:38
    Polygons (raw): 0 (flat)  0 (hierarchical)
    Elapsed: 0.120s  Memory: 518.00M
XOR differences: 0
"output" in: xor.drc:40
    Polygons (raw): 0 (flat)  0 (hierarchical)
    Elapsed: 0.000s  Memory: 518.00M
--- Running XOR for 236/0 ---
"input" in: xor.drc:38
    Polygons (raw): 52727 (flat)  200 (hierarchical)
    Elapsed: 0.010s  Memory: 518.00M
"input" in: xor.drc:38
    Polygons (raw): 52727 (flat)  200 (hierarchical)
    Elapsed: 0.000s  Memory: 518.00M
"^" in: xor.drc:38
    Polygons (raw): 0 (flat)  0 (hierarchical)
    Elapsed: 0.580s  Memory: 515.00M
XOR differences: 0
"output" in: xor.drc:40
    Polygons (raw): 0 (flat)  0 (hierarchical)
    Elapsed: 0.000s  Memory: 515.00M
--- Running XOR for 64/16 ---
"input" in: xor.drc:38
    Polygons (raw): 66051 (flat)  207 (hierarchical)
    Elapsed: 0.000s  Memory: 515.00M
"input" in: xor.drc:38
    Polygons (raw): 66051 (flat)  207 (hierarchical)
    Elapsed: 0.000s  Memory: 515.00M
"^" in: xor.drc:38
    Polygons (raw): 0 (flat)  0 (hierarchical)
    Elapsed: 0.640s  Memory: 533.00M
XOR differences: 0
"output" in: xor.drc:40
    Polygons (raw): 0 (flat)  0 (hierarchical)
    Elapsed: 0.010s  Memory: 533.00M
--- Running XOR for 64/20 ---
"input" in: xor.drc:38
    Polygons (raw): 70107 (flat)  203 (hierarchical)
    Elapsed: 0.000s  Memory: 533.00M
"input" in: xor.drc:38
    Polygons (raw): 70107 (flat)  203 (hierarchical)
    Elapsed: 0.010s  Memory: 533.00M
"^" in: xor.drc:38
    Polygons (raw): 0 (flat)  0 (hierarchical)
    Elapsed: 0.820s  Memory: 561.00M
XOR differences: 0
"output" in: xor.drc:40
    Polygons (raw): 0 (flat)  0 (hierarchical)
    Elapsed: 0.000s  Memory: 561.00M
--- Running XOR for 64/5 ---
"input" in: xor.drc:38
    Polygons (raw): 0 (flat)  0 (hierarchical)
    Elapsed: 0.010s  Memory: 561.00M
"input" in: xor.drc:38
    Polygons (raw): 0 (flat)  0 (hierarchical)
    Elapsed: 0.010s  Memory: 561.00M
"^" in: xor.drc:38
    Polygons (raw): 0 (flat)  0 (hierarchical)
    Elapsed: 0.200s  Memory: 561.00M
XOR differences: 0
"output" in: xor.drc:40
    Polygons (raw): 0 (flat)  0 (hierarchical)
    Elapsed: 0.000s  Memory: 561.00M
--- Running XOR for 64/59 ---
"input" in: xor.drc:38
    Polygons (raw): 0 (flat)  0 (hierarchical)
    Elapsed: 0.000s  Memory: 561.00M
"input" in: xor.drc:38
    Polygons (raw): 0 (flat)  0 (hierarchical)
    Elapsed: 0.000s  Memory: 561.00M
"^" in: xor.drc:38
    Polygons (raw): 0 (flat)  0 (hierarchical)
    Elapsed: 0.200s  Memory: 561.00M
XOR differences: 0
"output" in: xor.drc:40
    Polygons (raw): 0 (flat)  0 (hierarchical)
    Elapsed: 0.010s  Memory: 561.00M
--- Running XOR for 65/20 ---
"input" in: xor.drc:38
    Polygons (raw): 124949 (flat)  605 (hierarchical)
    Elapsed: 0.000s  Memory: 561.00M
"input" in: xor.drc:38
    Polygons (raw): 124949 (flat)  605 (hierarchical)
    Elapsed: 0.010s  Memory: 561.00M
"^" in: xor.drc:38
    Polygons (raw): 0 (flat)  0 (hierarchical)
    Elapsed: 1.150s  Memory: 561.00M
XOR differences: 0
"output" in: xor.drc:40
    Polygons (raw): 0 (flat)  0 (hierarchical)
    Elapsed: 0.000s  Memory: 561.00M
--- Running XOR for 65/44 ---
"input" in: xor.drc:38
    Polygons (raw): 13104 (flat)  2 (hierarchical)
    Elapsed: 0.000s  Memory: 561.00M
"input" in: xor.drc:38
    Polygons (raw): 13104 (flat)  2 (hierarchical)
    Elapsed: 0.010s  Memory: 561.00M
"^" in: xor.drc:38
    Polygons (raw): 0 (flat)  0 (hierarchical)
    Elapsed: 0.150s  Memory: 561.00M
XOR differences: 0
"output" in: xor.drc:40
    Polygons (raw): 0 (flat)  0 (hierarchical)
    Elapsed: 0.000s  Memory: 561.00M
--- Running XOR for 66/15 ---
"input" in: xor.drc:38
    Polygons (raw): 82 (flat)  2 (hierarchical)
    Elapsed: 0.010s  Memory: 561.00M
"input" in: xor.drc:38
    Polygons (raw): 82 (flat)  2 (hierarchical)
    Elapsed: 0.000s  Memory: 561.00M
"^" in: xor.drc:38
    Polygons (raw): 0 (flat)  0 (hierarchical)
    Elapsed: 0.080s  Memory: 561.00M
XOR differences: 0
"output" in: xor.drc:40
    Polygons (raw): 0 (flat)  0 (hierarchical)
    Elapsed: 0.000s  Memory: 561.00M
--- Running XOR for 66/20 ---
"input" in: xor.drc:38
    Polygons (raw): 172626 (flat)  1003 (hierarchical)
    Elapsed: 0.000s  Memory: 561.00M
"input" in: xor.drc:38
    Polygons (raw): 172626 (flat)  1003 (hierarchical)
    Elapsed: 0.010s  Memory: 561.00M
"^" in: xor.drc:38
    Polygons (raw): 0 (flat)  0 (hierarchical)
    Elapsed: 3.240s  Memory: 561.00M
XOR differences: 0
"output" in: xor.drc:40
    Polygons (raw): 0 (flat)  0 (hierarchical)
    Elapsed: 0.000s  Memory: 561.00M
--- Running XOR for 66/44 ---
"input" in: xor.drc:38
    Polygons (raw): 869414 (flat)  6711 (hierarchical)
    Elapsed: 0.000s  Memory: 561.00M
"input" in: xor.drc:38
    Polygons (raw): 869414 (flat)  6711 (hierarchical)
    Elapsed: 0.010s  Memory: 561.00M
"^" in: xor.drc:38
    Polygons (raw): 0 (flat)  0 (hierarchical)
    Elapsed: 6.710s  Memory: 561.00M
XOR differences: 0
"output" in: xor.drc:40
    Polygons (raw): 0 (flat)  0 (hierarchical)
    Elapsed: 0.010s  Memory: 561.00M
--- Running XOR for 67/16 ---
"input" in: xor.drc:38
    Polygons (raw): 163680 (flat)  1699 (hierarchical)
    Elapsed: 0.000s  Memory: 561.00M
"input" in: xor.drc:38
    Polygons (raw): 163680 (flat)  1699 (hierarchical)
    Elapsed: 0.010s  Memory: 561.00M
"^" in: xor.drc:38
    Polygons (raw): 0 (flat)  0 (hierarchical)
    Elapsed: 1.090s  Memory: 561.00M
XOR differences: 0
"output" in: xor.drc:40
    Polygons (raw): 0 (flat)  0 (hierarchical)
    Elapsed: 0.000s  Memory: 561.00M
--- Running XOR for 67/20 ---
"input" in: xor.drc:38
    Polygons (raw): 374174 (flat)  79737 (hierarchical)
    Elapsed: 0.010s  Memory: 561.00M
"input" in: xor.drc:38
    Polygons (raw): 374174 (flat)  1729 (hierarchical)
    Elapsed: 0.000s  Memory: 561.00M
"^" in: xor.drc:38
    Polygons (raw): 0 (flat)  0 (hierarchical)
    Elapsed: 7.300s  Memory: 575.00M
XOR differences: 0
"output" in: xor.drc:40
    Polygons (raw): 0 (flat)  0 (hierarchical)
    Elapsed: 0.010s  Memory: 575.00M
--- Running XOR for 67/44 ---
"input" in: xor.drc:38
    Polygons (raw): 835329 (flat)  81911 (hierarchical)
    Elapsed: 0.020s  Memory: 575.00M
"input" in: xor.drc:38
    Polygons (raw): 835329 (flat)  3903 (hierarchical)
    Elapsed: 0.010s  Memory: 575.00M
"^" in: xor.drc:38
    Polygons (raw): 0 (flat)  0 (hierarchical)
    Elapsed: 4.550s  Memory: 575.00M
XOR differences: 0
"output" in: xor.drc:40
    Polygons (raw): 0 (flat)  0 (hierarchical)
    Elapsed: 0.000s  Memory: 575.00M
--- Running XOR for 67/5 ---
"input" in: xor.drc:38
    Polygons (raw): 0 (flat)  0 (hierarchical)
    Elapsed: 0.000s  Memory: 575.00M
"input" in: xor.drc:38
    Polygons (raw): 0 (flat)  0 (hierarchical)
    Elapsed: 0.000s  Memory: 575.00M
"^" in: xor.drc:38
    Polygons (raw): 0 (flat)  0 (hierarchical)
    Elapsed: 0.150s  Memory: 575.00M
XOR differences: 0
"output" in: xor.drc:40
    Polygons (raw): 0 (flat)  0 (hierarchical)
    Elapsed: 0.010s  Memory: 575.00M
--- Running XOR for 68/16 ---
"input" in: xor.drc:38
    Polygons (raw): 141406 (flat)  415 (hierarchical)
    Elapsed: 0.000s  Memory: 575.00M
"input" in: xor.drc:38
    Polygons (raw): 141406 (flat)  415 (hierarchical)
    Elapsed: 0.010s  Memory: 575.00M
"^" in: xor.drc:38
    Polygons (raw): 0 (flat)  0 (hierarchical)
    Elapsed: 1.090s  Memory: 575.00M
XOR differences: 0
"output" in: xor.drc:40
    Polygons (raw): 0 (flat)  0 (hierarchical)
    Elapsed: 0.000s  Memory: 575.00M
--- Running XOR for 68/20 ---
"input" in: xor.drc:38
    Polygons (raw): 587164 (flat)  441504 (hierarchical)
    Elapsed: 0.000s  Memory: 575.00M
"input" in: xor.drc:38
    Polygons (raw): 478381 (flat)  149745 (hierarchical)
    Elapsed: 0.000s  Memory: 575.00M
"^" in: xor.drc:38
    Polygons (raw): 0 (flat)  0 (hierarchical)
    Elapsed: 4.660s  Memory: 600.00M
XOR differences: 0
"output" in: xor.drc:40
    Polygons (raw): 0 (flat)  0 (hierarchical)
    Elapsed: 0.010s  Memory: 600.00M
--- Running XOR for 68/44 ---
"input" in: xor.drc:38
    Polygons (raw): 109487 (flat)  109487 (hierarchical)
    Elapsed: 0.030s  Memory: 600.00M
"input" in: xor.drc:38
    Polygons (raw): 109487 (flat)  7 (hierarchical)
    Elapsed: 0.000s  Memory: 600.00M
"^" in: xor.drc:38
    Polygons (raw): 0 (flat)  0 (hierarchical)
    Elapsed: 0.730s  Memory: 615.00M
XOR differences: 0
"output" in: xor.drc:40
    Polygons (raw): 0 (flat)  0 (hierarchical)
    Elapsed: 0.000s  Memory: 615.00M
--- Running XOR for 68/5 ---
"input" in: xor.drc:38
    Polygons (raw): 0 (flat)  0 (hierarchical)
    Elapsed: 0.000s  Memory: 615.00M
"input" in: xor.drc:38
    Polygons (raw): 0 (flat)  0 (hierarchical)
    Elapsed: 0.000s  Memory: 615.00M
"^" in: xor.drc:38
    Polygons (raw): 0 (flat)  0 (hierarchical)
    Elapsed: 0.210s  Memory: 615.00M
XOR differences: 0
"output" in: xor.drc:40
    Polygons (raw): 0 (flat)  0 (hierarchical)
    Elapsed: 0.000s  Memory: 615.00M
--- Running XOR for 69/16 ---
"input" in: xor.drc:38
    Polygons (raw): 209 (flat)  209 (hierarchical)
    Elapsed: 0.000s  Memory: 615.00M
"input" in: xor.drc:38
    Polygons (raw): 209 (flat)  209 (hierarchical)
    Elapsed: 0.000s  Memory: 615.00M
"^" in: xor.drc:38
    Polygons (raw): 0 (flat)  0 (hierarchical)
    Elapsed: 0.120s  Memory: 615.00M
XOR differences: 0
"output" in: xor.drc:40
    Polygons (raw): 0 (flat)  0 (hierarchical)
    Elapsed: 0.000s  Memory: 615.00M
--- Running XOR for 69/20 ---
"input" in: xor.drc:38
    Polygons (raw): 221145 (flat)  221145 (hierarchical)
    Elapsed: 0.000s  Memory: 615.00M
"input" in: xor.drc:38
    Polygons (raw): 223030 (flat)  93690 (hierarchical)
    Elapsed: 0.000s  Memory: 615.00M
"^" in: xor.drc:38
    Polygons (raw): 209 (flat)  209 (hierarchical)
    Elapsed: 2.880s  Memory: 616.00M
XOR differences: 209
"output" in: xor.drc:40
    Polygons (raw): 209 (flat)  209 (hierarchical)
    Elapsed: 0.000s  Memory: 616.00M
--- Running XOR for 69/44 ---
"input" in: xor.drc:38
    Polygons (raw): 27761 (flat)  27761 (hierarchical)
    Elapsed: 0.000s  Memory: 616.00M
"input" in: xor.drc:38
    Polygons (raw): 27761 (flat)  5 (hierarchical)
    Elapsed: 0.000s  Memory: 616.00M
"^" in: xor.drc:38
    Polygons (raw): 0 (flat)  0 (hierarchical)
    Elapsed: 0.260s  Memory: 616.00M
XOR differences: 0
"output" in: xor.drc:40
    Polygons (raw): 0 (flat)  0 (hierarchical)
    Elapsed: 0.000s  Memory: 616.00M
--- Running XOR for 69/5 ---
"input" in: xor.drc:38
    Polygons (raw): 0 (flat)  0 (hierarchical)
    Elapsed: 0.010s  Memory: 616.00M
"input" in: xor.drc:38
    Polygons (raw): 0 (flat)  0 (hierarchical)
    Elapsed: 0.000s  Memory: 616.00M
"^" in: xor.drc:38
    Polygons (raw): 0 (flat)  0 (hierarchical)
    Elapsed: 0.000s  Memory: 616.00M
XOR differences: 0
"output" in: xor.drc:40
    Polygons (raw): 0 (flat)  0 (hierarchical)
    Elapsed: 0.040s  Memory: 616.00M
--- Running XOR for 70/16 ---
"input" in: xor.drc:38
    Polygons (raw): 200 (flat)  200 (hierarchical)
    Elapsed: 0.010s  Memory: 616.00M
"input" in: xor.drc:38
    Polygons (raw): 200 (flat)  200 (hierarchical)
    Elapsed: 0.000s  Memory: 616.00M
"^" in: xor.drc:38
    Polygons (raw): 0 (flat)  0 (hierarchical)
    Elapsed: 0.110s  Memory: 616.00M
XOR differences: 0
"output" in: xor.drc:40
    Polygons (raw): 0 (flat)  0 (hierarchical)
    Elapsed: 0.010s  Memory: 616.00M
--- Running XOR for 70/20 ---
"input" in: xor.drc:38
    Polygons (raw): 78627 (flat)  78627 (hierarchical)
    Elapsed: 0.000s  Memory: 616.00M
"input" in: xor.drc:38
    Polygons (raw): 53116 (flat)  21218 (hierarchical)
    Elapsed: 0.010s  Memory: 616.00M
"^" in: xor.drc:38
    Polygons (raw): 200 (flat)  200 (hierarchical)
    Elapsed: 0.610s  Memory: 616.00M
XOR differences: 200
"output" in: xor.drc:40
    Polygons (raw): 200 (flat)  200 (hierarchical)
    Elapsed: 0.000s  Memory: 616.00M
--- Running XOR for 70/44 ---
"input" in: xor.drc:38
    Polygons (raw): 10915 (flat)  10915 (hierarchical)
    Elapsed: 0.000s  Memory: 616.00M
"input" in: xor.drc:38
    Polygons (raw): 10915 (flat)  5 (hierarchical)
    Elapsed: 0.010s  Memory: 616.00M
"^" in: xor.drc:38
    Polygons (raw): 0 (flat)  0 (hierarchical)
    Elapsed: 0.170s  Memory: 616.00M
XOR differences: 0
"output" in: xor.drc:40
    Polygons (raw): 0 (flat)  0 (hierarchical)
    Elapsed: 0.000s  Memory: 616.00M
--- Running XOR for 70/5 ---
"input" in: xor.drc:38
    Polygons (raw): 0 (flat)  0 (hierarchical)
    Elapsed: 0.010s  Memory: 616.00M
"input" in: xor.drc:38
    Polygons (raw): 0 (flat)  0 (hierarchical)
    Elapsed: 0.000s  Memory: 616.00M
"^" in: xor.drc:38
    Polygons (raw): 0 (flat)  0 (hierarchical)
    Elapsed: 0.010s  Memory: 616.00M
XOR differences: 0
"output" in: xor.drc:40
    Polygons (raw): 0 (flat)  0 (hierarchical)
    Elapsed: 0.040s  Memory: 616.00M
--- Running XOR for 71/16 ---
"input" in: xor.drc:38
    Polygons (raw): 9 (flat)  9 (hierarchical)
    Elapsed: 0.010s  Memory: 616.00M
"input" in: xor.drc:38
    Polygons (raw): 9 (flat)  9 (hierarchical)
    Elapsed: 0.000s  Memory: 616.00M
"^" in: xor.drc:38
    Polygons (raw): 0 (flat)  0 (hierarchical)
    Elapsed: 0.110s  Memory: 616.00M
XOR differences: 0
"output" in: xor.drc:40
    Polygons (raw): 0 (flat)  0 (hierarchical)
    Elapsed: 0.010s  Memory: 616.00M
--- Running XOR for 71/20 ---
"input" in: xor.drc:38
    Polygons (raw): 10755 (flat)  10755 (hierarchical)
    Elapsed: 0.000s  Memory: 616.00M
"input" in: xor.drc:38
    Polygons (raw): 11891 (flat)  4224 (hierarchical)
    Elapsed: 0.010s  Memory: 616.00M
"^" in: xor.drc:38
    Polygons (raw): 0 (flat)  0 (hierarchical)
    Elapsed: 0.250s  Memory: 616.00M
XOR differences: 0
"output" in: xor.drc:40
    Polygons (raw): 0 (flat)  0 (hierarchical)
    Elapsed: 0.000s  Memory: 616.00M
--- Running XOR for 71/44 ---
"input" in: xor.drc:38
    Polygons (raw): 143 (flat)  143 (hierarchical)
    Elapsed: 0.000s  Memory: 616.00M
"input" in: xor.drc:38
    Polygons (raw): 143 (flat)  2 (hierarchical)
    Elapsed: 0.000s  Memory: 616.00M
"^" in: xor.drc:38
    Polygons (raw): 0 (flat)  0 (hierarchical)
    Elapsed: 0.110s  Memory: 616.00M
XOR differences: 0
"output" in: xor.drc:40
    Polygons (raw): 0 (flat)  0 (hierarchical)
    Elapsed: 0.010s  Memory: 616.00M
--- Running XOR for 71/5 ---
"input" in: xor.drc:38
    Polygons (raw): 0 (flat)  0 (hierarchical)
    Elapsed: 0.000s  Memory: 616.00M
"input" in: xor.drc:38
    Polygons (raw): 0 (flat)  0 (hierarchical)
    Elapsed: 0.000s  Memory: 616.00M
"^" in: xor.drc:38
    Polygons (raw): 0 (flat)  0 (hierarchical)
    Elapsed: 0.000s  Memory: 616.00M
XOR differences: 0
"output" in: xor.drc:40
    Polygons (raw): 0 (flat)  0 (hierarchical)
    Elapsed: 0.040s  Memory: 616.00M
--- Running XOR for 72/16 ---
"input" in: xor.drc:38
    Polygons (raw): 9 (flat)  9 (hierarchical)
    Elapsed: 0.010s  Memory: 616.00M
"input" in: xor.drc:38
    Polygons (raw): 9 (flat)  9 (hierarchical)
    Elapsed: 0.000s  Memory: 616.00M
"^" in: xor.drc:38
    Polygons (raw): 0 (flat)  0 (hierarchical)
    Elapsed: 0.110s  Memory: 616.00M
XOR differences: 0
"output" in: xor.drc:40
    Polygons (raw): 0 (flat)  0 (hierarchical)
    Elapsed: 0.000s  Memory: 616.00M
--- Running XOR for 72/20 ---
"input" in: xor.drc:38
    Polygons (raw): 66 (flat)  66 (hierarchical)
    Elapsed: 0.000s  Memory: 616.00M
"input" in: xor.drc:38
    Polygons (raw): 209 (flat)  68 (hierarchical)
    Elapsed: 0.000s  Memory: 616.00M
"^" in: xor.drc:38
    Polygons (raw): 0 (flat)  0 (hierarchical)
    Elapsed: 0.110s  Memory: 616.00M
XOR differences: 0
"output" in: xor.drc:40
    Polygons (raw): 0 (flat)  0 (hierarchical)
    Elapsed: 0.010s  Memory: 616.00M
--- Running XOR for 72/5 ---
"input" in: xor.drc:38
    Polygons (raw): 0 (flat)  0 (hierarchical)
    Elapsed: 0.000s  Memory: 616.00M
"input" in: xor.drc:38
    Polygons (raw): 0 (flat)  0 (hierarchical)
    Elapsed: 0.000s  Memory: 616.00M
"^" in: xor.drc:38
    Polygons (raw): 0 (flat)  0 (hierarchical)
    Elapsed: 0.000s  Memory: 616.00M
XOR differences: 0
"output" in: xor.drc:40
    Polygons (raw): 0 (flat)  0 (hierarchical)
    Elapsed: 0.040s  Memory: 616.00M
--- Running XOR for 78/44 ---
"input" in: xor.drc:38
    Polygons (raw): 71135 (flat)  205 (hierarchical)
    Elapsed: 0.000s  Memory: 616.00M
"input" in: xor.drc:38
    Polygons (raw): 71135 (flat)  205 (hierarchical)
    Elapsed: 0.010s  Memory: 616.00M
"^" in: xor.drc:38
    Polygons (raw): 0 (flat)  0 (hierarchical)
    Elapsed: 0.640s  Memory: 616.00M
XOR differences: 0
"output" in: xor.drc:40
    Polygons (raw): 0 (flat)  0 (hierarchical)
    Elapsed: 0.000s  Memory: 616.00M
--- Running XOR for 81/14 ---
"input" in: xor.drc:38
    Polygons (raw): 1 (flat)  1 (hierarchical)
    Elapsed: 0.000s  Memory: 616.00M
"input" in: xor.drc:38
    Polygons (raw): 0 (flat)  0 (hierarchical)
    Elapsed: 0.000s  Memory: 616.00M
"^" in: xor.drc:38
    Polygons (raw): 1 (flat)  1 (hierarchical)
    Elapsed: 0.000s  Memory: 616.00M
XOR differences: 1
"output" in: xor.drc:40
    Polygons (raw): 1 (flat)  1 (hierarchical)
    Elapsed: 0.010s  Memory: 616.00M
--- Running XOR for 81/23 ---
"input" in: xor.drc:38
    Polygons (raw): 1447 (flat)  1 (hierarchical)
    Elapsed: 0.000s  Memory: 616.00M
"input" in: xor.drc:38
    Polygons (raw): 1447 (flat)  1 (hierarchical)
    Elapsed: 0.010s  Memory: 616.00M
"^" in: xor.drc:38
    Polygons (raw): 0 (flat)  0 (hierarchical)
    Elapsed: 0.090s  Memory: 616.00M
XOR differences: 0
"output" in: xor.drc:40
    Polygons (raw): 0 (flat)  0 (hierarchical)
    Elapsed: 0.000s  Memory: 616.00M
--- Running XOR for 81/4 ---
"input" in: xor.drc:38
    Polygons (raw): 70107 (flat)  203 (hierarchical)
    Elapsed: 0.000s  Memory: 616.00M
"input" in: xor.drc:38
    Polygons (raw): 70107 (flat)  203 (hierarchical)
    Elapsed: 0.000s  Memory: 616.00M
"^" in: xor.drc:38
    Polygons (raw): 0 (flat)  0 (hierarchical)
    Elapsed: 0.720s  Memory: 616.00M
XOR differences: 0
"output" in: xor.drc:40
    Polygons (raw): 0 (flat)  0 (hierarchical)
    Elapsed: 0.000s  Memory: 616.00M
--- Running XOR for 83/44 ---
"input" in: xor.drc:38
    Polygons (raw): 0 (flat)  0 (hierarchical)
    Elapsed: 0.000s  Memory: 616.00M
"input" in: xor.drc:38
    Polygons (raw): 0 (flat)  0 (hierarchical)
    Elapsed: 0.000s  Memory: 616.00M
"^" in: xor.drc:38
    Polygons (raw): 0 (flat)  0 (hierarchical)
    Elapsed: 0.190s  Memory: 616.00M
XOR differences: 0
"output" in: xor.drc:40
    Polygons (raw): 0 (flat)  0 (hierarchical)
    Elapsed: 0.000s  Memory: 616.00M
--- Running XOR for 93/44 ---
"input" in: xor.drc:38
    Polygons (raw): 76659 (flat)  204 (hierarchical)
    Elapsed: 0.000s  Memory: 616.00M
"input" in: xor.drc:38
    Polygons (raw): 76659 (flat)  204 (hierarchical)
    Elapsed: 0.000s  Memory: 616.00M
"^" in: xor.drc:38
    Polygons (raw): 0 (flat)  0 (hierarchical)
    Elapsed: 0.850s  Memory: 635.00M
XOR differences: 0
"output" in: xor.drc:40
    Polygons (raw): 0 (flat)  0 (hierarchical)
    Elapsed: 0.000s  Memory: 635.00M
--- Running XOR for 94/20 ---
"input" in: xor.drc:38
    Polygons (raw): 76659 (flat)  204 (hierarchical)
    Elapsed: 0.000s  Memory: 635.00M
"input" in: xor.drc:38
    Polygons (raw): 76659 (flat)  204 (hierarchical)
    Elapsed: 0.000s  Memory: 635.00M
"^" in: xor.drc:38
    Polygons (raw): 0 (flat)  0 (hierarchical)
    Elapsed: 1.060s  Memory: 638.00M
XOR differences: 0
"output" in: xor.drc:40
    Polygons (raw): 0 (flat)  0 (hierarchical)
    Elapsed: 0.000s  Memory: 638.00M
--- Running XOR for 95/20 ---
"input" in: xor.drc:38
    Polygons (raw): 53483 (flat)  217 (hierarchical)
    Elapsed: 0.000s  Memory: 638.00M
"input" in: xor.drc:38
    Polygons (raw): 53483 (flat)  217 (hierarchical)
    Elapsed: 0.000s  Memory: 638.00M
"^" in: xor.drc:38
    Polygons (raw): 0 (flat)  0 (hierarchical)
    Elapsed: 0.870s  Memory: 638.00M
XOR differences: 0
"output" in: xor.drc:40
    Polygons (raw): 0 (flat)  0 (hierarchical)
    Elapsed: 0.000s  Memory: 638.00M
Writing report database: /openlane/designs/picorv32_base/runs/RUN_2022.04.10_15.39.50/reports/finishing/picorv32_base.xor.xml ..
Total elapsed: 46.800s  Memory: 638.00M
