
===========================================================================
report_checks -unconstrained
============================================================================
Startpoint: resetn (input port clocked by clk)
Endpoint: mem_la_addr[31] (output port clocked by clk)
Path Group: clk
Path Type: max

Fanout     Cap    Slew   Delay    Time   Description
-----------------------------------------------------------------------------
                  0.15    0.00    0.00   clock clk (rise edge)
                          0.00    0.00   clock network delay (ideal)
                          4.00    4.00 ^ input external delay
                  0.41    0.31    4.31 ^ resetn (in)
     3    0.09                           resetn (net)
                  0.42    0.00    4.31 ^ _19628_/B (sky130_fd_sc_hd__and3_2)
                  0.09    0.32    4.63 ^ _19628_/X (sky130_fd_sc_hd__and3_2)
     3    0.01                           _14298_ (net)
                  0.09    0.00    4.63 ^ _19629_/C (sky130_fd_sc_hd__and3_2)
                  0.06    0.20    4.84 ^ _19629_/X (sky130_fd_sc_hd__and3_2)
     2    0.01                           _14299_ (net)
                  0.06    0.00    4.84 ^ _19650_/B1 (sky130_fd_sc_hd__a22o_2)
                  0.11    0.18    5.02 ^ _19650_/X (sky130_fd_sc_hd__a22o_2)
     2    0.02                           _14320_ (net)
                  0.11    0.00    5.02 ^ _23059_/A (sky130_fd_sc_hd__and3_2)
                  0.13    0.27    5.29 ^ _23059_/X (sky130_fd_sc_hd__and3_2)
     3    0.02                           _17551_ (net)
                  0.13    0.00    5.29 ^ _23069_/A (sky130_fd_sc_hd__and2_2)
                  0.04    0.16    5.45 ^ _23069_/X (sky130_fd_sc_hd__and2_2)
     1    0.00                           _17560_ (net)
                  0.04    0.00    5.45 ^ _23070_/A (sky130_fd_sc_hd__buf_1)
                  0.30    0.27    5.72 ^ _23070_/X (sky130_fd_sc_hd__buf_1)
     4    0.03                           _17561_ (net)
                  0.30    0.00    5.72 ^ _23079_/A (sky130_fd_sc_hd__and3_2)
                  0.14    0.34    6.05 ^ _23079_/X (sky130_fd_sc_hd__and3_2)
     4    0.02                           _17568_ (net)
                  0.14    0.00    6.05 ^ _23090_/A (sky130_fd_sc_hd__and3_2)
                  0.15    0.30    6.35 ^ _23090_/X (sky130_fd_sc_hd__and3_2)
     4    0.03                           _17577_ (net)
                  0.15    0.00    6.35 ^ _23102_/A (sky130_fd_sc_hd__and3_2)
                  0.19    0.34    6.69 ^ _23102_/X (sky130_fd_sc_hd__and3_2)
     4    0.04                           _17587_ (net)
                  0.19    0.00    6.69 ^ _23112_/A (sky130_fd_sc_hd__and3_2)
                  0.14    0.31    7.00 ^ _23112_/X (sky130_fd_sc_hd__and3_2)
     4    0.02                           _17595_ (net)
                  0.14    0.00    7.00 ^ _23123_/A (sky130_fd_sc_hd__and3_2)
                  0.15    0.30    7.30 ^ _23123_/X (sky130_fd_sc_hd__and3_2)
     4    0.03                           _17604_ (net)
                  0.15    0.00    7.30 ^ _23134_/A (sky130_fd_sc_hd__and3_2)
                  0.14    0.29    7.58 ^ _23134_/X (sky130_fd_sc_hd__and3_2)
     4    0.02                           _17613_ (net)
                  0.14    0.00    7.58 ^ _23145_/A (sky130_fd_sc_hd__and3_2)
                  0.14    0.28    7.87 ^ _23145_/X (sky130_fd_sc_hd__and3_2)
     4    0.02                           _17622_ (net)
                  0.14    0.00    7.87 ^ _23156_/A (sky130_fd_sc_hd__and3_2)
                  0.13    0.28    8.15 ^ _23156_/X (sky130_fd_sc_hd__and3_2)
     4    0.02                           _17631_ (net)
                  0.13    0.00    8.15 ^ _23167_/A (sky130_fd_sc_hd__and3_2)
                  0.13    0.28    8.43 ^ _23167_/X (sky130_fd_sc_hd__and3_2)
     4    0.02                           _17640_ (net)
                  0.13    0.00    8.43 ^ _23178_/A (sky130_fd_sc_hd__and3_2)
                  0.13    0.28    8.71 ^ _23178_/X (sky130_fd_sc_hd__and3_2)
     4    0.02                           _17649_ (net)
                  0.13    0.00    8.71 ^ _23189_/A (sky130_fd_sc_hd__and3_2)
                  0.16    0.31    9.02 ^ _23189_/X (sky130_fd_sc_hd__and3_2)
     4    0.03                           _17658_ (net)
                  0.16    0.00    9.02 ^ _23199_/A (sky130_fd_sc_hd__and3_2)
                  0.13    0.29    9.31 ^ _23199_/X (sky130_fd_sc_hd__and3_2)
     4    0.02                           _17666_ (net)
                  0.13    0.00    9.31 ^ _23210_/A (sky130_fd_sc_hd__and3_2)
                  0.09    0.24    9.55 ^ _23210_/X (sky130_fd_sc_hd__and3_2)
     3    0.01                           _17675_ (net)
                  0.09    0.00    9.55 ^ _23216_/A (sky130_fd_sc_hd__nand2_2)
                  0.06    0.08    9.63 v _23216_/Y (sky130_fd_sc_hd__nand2_2)
     2    0.01                           _17680_ (net)
                  0.06    0.00    9.63 v _23222_/A (sky130_fd_sc_hd__xnor2_2)
                  0.09    0.14    9.77 ^ _23222_/Y (sky130_fd_sc_hd__xnor2_2)
     1    0.00                           _17685_ (net)
                  0.09    0.00    9.77 ^ _23223_/A1 (sky130_fd_sc_hd__mux2_2)
                  0.05    0.15    9.92 ^ _23223_/X (sky130_fd_sc_hd__mux2_2)
     1    0.00                           _17686_ (net)
                  0.05    0.00    9.92 ^ _23224_/A (sky130_fd_sc_hd__buf_1)
                  2.03    1.52   11.44 ^ _23224_/X (sky130_fd_sc_hd__buf_1)
     2    0.05                           mem_la_addr[31] (net)
                  2.03    0.02   11.47 ^ mem_la_addr[31] (out)
                                 11.47   data arrival time

                  0.15   20.00   20.00   clock clk (rise edge)
                          0.00   20.00   clock network delay (ideal)
                         -0.25   19.75   clock uncertainty
                          0.00   19.75   clock reconvergence pessimism
                         -4.00   15.75   output external delay
                                 15.75   data required time
-----------------------------------------------------------------------------
                                 15.75   data required time
                                -11.47   data arrival time
-----------------------------------------------------------------------------
                                  4.28   slack (MET)



===========================================================================
report_checks --slack_max -0.01
============================================================================
No paths found.
