
===========================================================================
report_checks -unconstrained
============================================================================
Startpoint: resetn (input port clocked by clk)
Endpoint: mem_la_addr[31] (output port clocked by clk)
Path Group: clk
Path Type: max

Fanout     Cap    Slew   Delay    Time   Description
-----------------------------------------------------------------------------
                          0.00    0.00   clock clk (rise edge)
                          0.00    0.00   clock network delay (propagated)
                          4.00    4.00 ^ input external delay
                  0.05    0.03    4.03 ^ resetn (in)
     1    0.01                           resetn (net)
                  0.05    0.00    4.03 ^ input101/A (sky130_fd_sc_hd__clkbuf_16)
                  0.12    0.19    4.22 ^ input101/X (sky130_fd_sc_hd__clkbuf_16)
     3    0.11                           net101 (net)
                  0.13    0.03    4.25 ^ _19628_/B (sky130_fd_sc_hd__and3_1)
                  0.15    0.26    4.51 ^ _19628_/X (sky130_fd_sc_hd__and3_1)
     3    0.01                           _14298_ (net)
                  0.15    0.00    4.51 ^ _19629_/C (sky130_fd_sc_hd__and3_1)
                  0.08    0.21    4.72 ^ _19629_/X (sky130_fd_sc_hd__and3_1)
     2    0.01                           _14299_ (net)
                  0.08    0.00    4.72 ^ _19650_/B1 (sky130_fd_sc_hd__a22o_1)
                  0.16    0.22    4.94 ^ _19650_/X (sky130_fd_sc_hd__a22o_1)
     2    0.02                           _14320_ (net)
                  0.16    0.00    4.94 ^ _23059_/A (sky130_fd_sc_hd__and3_2)
                  0.13    0.29    5.23 ^ _23059_/X (sky130_fd_sc_hd__and3_2)
     3    0.02                           _17551_ (net)
                  0.13    0.00    5.23 ^ _23069_/A (sky130_fd_sc_hd__and2_1)
                  0.05    0.15    5.38 ^ _23069_/X (sky130_fd_sc_hd__and2_1)
     1    0.00                           _17560_ (net)
                  0.05    0.00    5.38 ^ _23070_/A (sky130_fd_sc_hd__buf_2)
                  0.15    0.19    5.57 ^ _23070_/X (sky130_fd_sc_hd__buf_2)
     4    0.03                           _17561_ (net)
                  0.15    0.00    5.57 ^ _23079_/A (sky130_fd_sc_hd__and3_1)
                  0.16    0.27    5.84 ^ _23079_/X (sky130_fd_sc_hd__and3_1)
     4    0.02                           _17568_ (net)
                  0.16    0.00    5.84 ^ _23090_/A (sky130_fd_sc_hd__and3_1)
                  0.17    0.28    6.12 ^ _23090_/X (sky130_fd_sc_hd__and3_1)
     4    0.02                           _17577_ (net)
                  0.17    0.00    6.12 ^ _23102_/A (sky130_fd_sc_hd__and3_2)
                  0.15    0.31    6.43 ^ _23102_/X (sky130_fd_sc_hd__and3_2)
     4    0.03                           _17587_ (net)
                  0.15    0.00    6.43 ^ _23112_/A (sky130_fd_sc_hd__and3_1)
                  0.17    0.27    6.70 ^ _23112_/X (sky130_fd_sc_hd__and3_1)
     4    0.02                           _17595_ (net)
                  0.17    0.00    6.70 ^ _23123_/A (sky130_fd_sc_hd__and3_1)
                  0.22    0.32    7.02 ^ _23123_/X (sky130_fd_sc_hd__and3_1)
     4    0.02                           _17604_ (net)
                  0.22    0.00    7.03 ^ _23134_/A (sky130_fd_sc_hd__and3_1)
                  0.17    0.30    7.32 ^ _23134_/X (sky130_fd_sc_hd__and3_1)
     4    0.02                           _17613_ (net)
                  0.17    0.00    7.32 ^ _23145_/A (sky130_fd_sc_hd__and3_1)
                  0.18    0.29    7.61 ^ _23145_/X (sky130_fd_sc_hd__and3_1)
     4    0.02                           _17622_ (net)
                  0.18    0.00    7.61 ^ _23156_/A (sky130_fd_sc_hd__and3_1)
                  0.16    0.27    7.89 ^ _23156_/X (sky130_fd_sc_hd__and3_1)
     4    0.01                           _17631_ (net)
                  0.16    0.00    7.89 ^ _23167_/A (sky130_fd_sc_hd__and3_1)
                  0.15    0.26    8.15 ^ _23167_/X (sky130_fd_sc_hd__and3_1)
     4    0.01                           _17640_ (net)
                  0.15    0.00    8.15 ^ _23178_/A (sky130_fd_sc_hd__and3_1)
                  0.17    0.27    8.43 ^ _23178_/X (sky130_fd_sc_hd__and3_1)
     4    0.02                           _17649_ (net)
                  0.17    0.00    8.43 ^ _23189_/A (sky130_fd_sc_hd__and3_2)
                  0.12    0.28    8.71 ^ _23189_/X (sky130_fd_sc_hd__and3_2)
     4    0.02                           _17658_ (net)
                  0.12    0.00    8.71 ^ _23199_/A (sky130_fd_sc_hd__and3_1)
                  0.15    0.25    8.96 ^ _23199_/X (sky130_fd_sc_hd__and3_1)
     4    0.01                           _17666_ (net)
                  0.15    0.00    8.96 ^ _23210_/A (sky130_fd_sc_hd__and3_1)
                  0.11    0.23    9.19 ^ _23210_/X (sky130_fd_sc_hd__and3_1)
     3    0.01                           _17675_ (net)
                  0.11    0.00    9.19 ^ _23216_/A (sky130_fd_sc_hd__nand2_1)
                  0.07    0.10    9.30 v _23216_/Y (sky130_fd_sc_hd__nand2_1)
     2    0.01                           _17680_ (net)
                  0.07    0.00    9.30 v _23222_/A (sky130_fd_sc_hd__xnor2_1)
                  0.05    0.14    9.44 v _23222_/Y (sky130_fd_sc_hd__xnor2_1)
     1    0.00                           _17685_ (net)
                  0.05    0.00    9.44 v _23223_/A1 (sky130_fd_sc_hd__mux2_1)
                  0.09    0.35    9.79 v _23223_/X (sky130_fd_sc_hd__mux2_1)
     1    0.01                           _17686_ (net)
                  0.09    0.00    9.79 v _23224_/A (sky130_fd_sc_hd__buf_12)
                  0.07    0.19    9.98 v _23224_/X (sky130_fd_sc_hd__buf_12)
     2    0.13                           net187 (net)
                  0.08    0.01    9.99 v output187/A (sky130_fd_sc_hd__buf_4)
                  0.08    0.21   10.20 v output187/X (sky130_fd_sc_hd__buf_4)
     1    0.05                           mem_la_addr[31] (net)
                  0.08    0.00   10.20 v mem_la_addr[31] (out)
                                 10.20   data arrival time

                         20.00   20.00   clock clk (rise edge)
                          0.00   20.00   clock network delay (propagated)
                         -0.25   19.75   clock uncertainty
                          0.00   19.75   clock reconvergence pessimism
                         -4.00   15.75   output external delay
                                 15.75   data required time
-----------------------------------------------------------------------------
                                 15.75   data required time
                                -10.20   data arrival time
-----------------------------------------------------------------------------
                                  5.55   slack (MET)



===========================================================================
report_checks --slack_max -0.01
============================================================================
No paths found.
