CVC: Log output to /openlane/designs/picorv32_base/runs/RUN_2022.04.10_15.39.50/reports/finishing/picorv32_base.rpt
CVC: Error output to /openlane/designs/picorv32_base/runs/RUN_2022.04.10_15.39.50/reports/finishing/picorv32_base.rpt.error.gz
CVC: Debug output to /openlane/designs/picorv32_base/runs/RUN_2022.04.10_15.39.50/reports/finishing/picorv32_base.rpt.debug.gz
CVC: Circuit Validation Check  Version 1.1.0
CVC: Start: Sun Apr 10 17:00:41 2022

Using the following parameters for CVC (Circuit Validation Check) from /openlane/scripts/cvc/sky130A/cvcrc.sky130A
CVC_TOP = 'picorv32_base'
CVC_NETLIST = '/openlane/designs/picorv32_base/runs/RUN_2022.04.10_15.39.50/tmp/finishing/picorv32_base.cdl'
CVC_MODE = 'picorv32_base'
CVC_MODEL_FILE = '/openlane/scripts/cvc/sky130A/cvc.sky130A.models'
CVC_POWER_FILE = '/openlane/designs/picorv32_base/runs/RUN_2022.04.10_15.39.50/tmp/finishing/picorv32_base.power'
CVC_FUSE_FILE = ''
CVC_REPORT_FILE = '/openlane/designs/picorv32_base/runs/RUN_2022.04.10_15.39.50/reports/finishing/picorv32_base.rpt'
CVC_REPORT_TITLE = 'CVC $CVC_TOP'
CVC_CIRCUIT_ERROR_LIMIT = '100'
CVC_SEARCH_LIMIT = '100'
CVC_LEAK_LIMIT = '0.0002'
CVC_SOI = 'false'
CVC_SCRC = 'false'
CVC_VTH_GATES = 'false'
CVC_MIN_VTH_GATES = 'false'
CVC_IGNORE_VTH_FLOATING = 'false'
CVC_IGNORE_NO_LEAK_FLOATING = 'false'
CVC_LEAK_OVERVOLTAGE = 'true'
CVC_LOGIC_DIODES = 'false'
CVC_ANALOG_GATES = 'true'
CVC_BACKUP_RESULTS = 'false'
CVC_MOS_DIODE_ERROR_THRESHOLD = '0'
CVC_SHORT_ERROR_THRESHOLD = '0'
CVC_BIAS_ERROR_THRESHOLD = '0'
CVC_FORWARD_ERROR_THRESHOLD = '0'
CVC_FLOATING_ERROR_THRESHOLD = '0'
CVC_GATE_ERROR_THRESHOLD = '0'
CVC_LEAK?_ERROR_THRESHOLD = '0'
CVC_EXPECTED_ERROR_THRESHOLD = '0'
CVC_OVERVOLTAGE_ERROR_THRESHOLD = '0'
CVC_PARALLEL_CIRCUIT_PORT_LIMIT = '0'
CVC_CELL_ERROR_LIMIT_FILE = ''
CVC_CELL_CHECKSUM_FILE = ''
CVC_LARGE_CIRCUIT_SIZE = '10000000'
CVC_NET_CHECK_FILE = ''
CVC_MODEL_CHECK_FILE = ''
End of parameters

CVC: Reading device model settings...
CVC: Reading power settings...
CVC: Parsing netlist /openlane/designs/picorv32_base/runs/RUN_2022.04.10_15.39.50/tmp/finishing/picorv32_base.cdl
Cdl fixed data size 1160695
Usage CDL: Time: 0  Memory: 46468  I/O: 8  Swap: 0
CVC: Counting and linking...
CVC: Assigning IDs ...
Usage DB: Time: 0  Memory: 53168  I/O: 8  Swap: 0
CVC: 70108(70108) instances, 103223(103223) nets, 258318(258318) devices.
CVC: Setting models ...
Setting model tolerances...
CVC: Shorting switches...
	Shorted 82 short
Setting instance power...

ModelList> filename /openlane/scripts/cvc/sky130A/cvc.sky130A.models
 Model> sky130_fd_pr__cap_mim_m3_1         0 C->capacitor  Parameters>
 Model> sky130_fd_pr__cap_mim_m3_2         0 C->capacitor  Parameters>
 Model> sky130_fd_pr__cap_var         0 C->capacitor  Parameters>
 Model> condiode           0 D->diode      Parameters> Diodes> 1-2
 Model> sky130_fd_pr__diode_pd2nw_05v5         0 D->diode      Parameters> Diodes> 1-2
 Model> sky130_fd_pr__diode_pw2nd_05v5         0 D->diode      Parameters> Diodes> 1-2
 Model> sky130_fd_pr__diode_pw2nd_11v0         0 D->diode      Parameters> Diodes> 1-2
 Model> sky130_fd_pr__model__parasitic__diode_ps2dn         0 D->diode      Parameters> Diodes> 1-2
 Model> sky130_fd_pr__model__parasitic__diode_ps2nw         0 D->diode      Parameters> Diodes> 1-2
 Model> sky130_fd_pr__model__parasitic__diode_pw2dn         0 D->diode      Parameters> Diodes> 1-2
 Model> nfet_01v8     129118 M->nmos       Parameters> Vth=0.2 Vds=1.8 Vgs=1.8 R=L/W*7000 Diodes> 4-1 4-3
 Model> pfet_01v8_hvt    129118 M->pmos       Parameters> Vth=-0.2 Vds=1.8 Vgs=1.8 R=L/W*7000 Diodes> 1-4 3-4
 Model> sky130_fd_bs_flash__special_sonosfet_star         0 M->nmos       Parameters> Vth=0.2 R=L/W*7000 Diodes> 4-1 4-3
 Model> sky130_fd_pr__esd_nfet_g5v0d10v5         0 M->nmos       Parameters> Vth=0.2 R=L/W*7000 Diodes> 4-1 4-3
 Model> sky130_fd_pr__nfet_01v8         0 M->nmos       Parameters> Vth=0.2 Vds=1.8 Vgs=1.8 R=L/W*7000 Diodes> 4-1 4-3
 Model> sky130_fd_pr__nfet_01v8_lvt         0 M->nmos       Parameters> Vth=0.1 Vds=1.8 Vgs=1.8 R=L/W*7000 Diodes> 4-1 4-3
 Model> sky130_fd_pr__nfet_03v3_nvt         0 M->nmos       Parameters> Vth=0.2 Vds=3.3 Vgs=3.3 R=L/W*7000 Diodes> 4-1 4-3
 Model> sky130_fd_pr__nfet_05v0_nvt         0 M->nmos       Parameters> Vth=0.2 R=L/W*7000 Diodes> 4-1 4-3
 Model> sky130_fd_pr__nfet_g5v0d10v5         0 M->nmos       Parameters> Vth=0.2 R=L/W*7000 Diodes> 4-1 4-3
 Model> sky130_fd_pr__pfet_01v8         0 M->pmos       Parameters> Vth=-0.2 Vds=1.8 Vgs=1.8 R=L/W*7000 Diodes> 1-4 3-4
 Model> sky130_fd_pr__pfet_01v8_hvt         0 M->pmos       Parameters> Vth=-0.3 Vds=1.8 Vgs=1.8 R=L/W*7000 Diodes> 1-4 3-4
 Model> sky130_fd_pr__pfet_01v8_lvt         0 M->pmos       Parameters> Vth=-0.1 Vds=1.8 Vgs=1.8 R=L/W*7000 Diodes> 1-4 3-4
 Model> sky130_fd_pr__pfet_g5v0d10v5         0 M->pmos       Parameters> Vth=-0.2 R=L/W*7000 Diodes> 1-4 3-4
 Model> sky130_fd_pr__special_nfet_latch         0 M->nmos       Parameters> Vth=0.2 Vds=1.8 Vgs=1.8 R=L/W*7000 Diodes> 4-1 4-3
 Model> sky130_fd_pr__special_pfet_pass         0 M->pmos       Parameters> Vth=-0.2 Vds=1.8 Vgs=1.8 R=L/W*7000 Diodes> 1-4 3-4
 Model> sky130_fd_pr__pnp_05v5         0 Q->bipolar    Parameters>
 Model> short             82 R->switch_on  Parameters>
 Model> sky130_fd_pr__res_generic_m1         0 R->resistor   Parameters> R=l/w
 Model> sky130_fd_pr__res_generic_m2         0 R->resistor   Parameters> R=l/w
 Model> sky130_fd_pr__res_generic_m3         0 R->resistor   Parameters> R=l/w
 Model> sky130_fd_pr__res_generic_m4         0 R->resistor   Parameters> R=l/w
 Model> sky130_fd_pr__res_generic_m5         0 R->resistor   Parameters> R=l/w
 Model> sky130_fd_pr__res_generic_nd         0 R->resistor   Parameters> R=l/w*120
 Model> sky130_fd_pr__res_generic_nd__hv         0 R->resistor   Parameters> R=l/w*114
 Model> sky130_fd_pr__res_generic_pd__hv         0 R->resistor   Parameters> R=l/w*191
 Model> sky130_fd_pr__res_generic_po         0 R->resistor   Parameters> R=l/w*48
 Model> sky130_fd_pr__res_high_po         0 R->resistor   Parameters> R=l/w*2000
 Model> sky130_fd_pr__res_xhigh_po         0 R->resistor   Parameters> R=l/w*2000
ModelList> end

Power List> filename /openlane/designs/picorv32_base/runs/RUN_2022.04.10_15.39.50/tmp/finishing/picorv32_base.power
 VPWR power 1.8 -> 1.8 power
 VGND power 0.0 -> 0.0 power
 clk~>std_input input std_input -> min@0.0 max@1.8 input family(std_input;)
 mem_ready~>std_input input std_input -> min@0.0 max@1.8 input family(std_input;)
 pcpi_ready~>std_input input std_input -> min@0.0 max@1.8 input family(std_input;)
 pcpi_wait~>std_input input std_input -> min@0.0 max@1.8 input family(std_input;)
 pcpi_wr~>std_input input std_input -> min@0.0 max@1.8 input family(std_input;)
 resetn~>std_input input std_input -> min@0.0 max@1.8 input family(std_input;)
irq[31:0]~>std_input input std_input
 ->irq[0] input std_input -> min@0.0 max@1.8 input family(std_input;)
 ->irq[10] input std_input -> min@0.0 max@1.8 input family(std_input;)
 ->irq[11] input std_input -> min@0.0 max@1.8 input family(std_input;)
 ->irq[12] input std_input -> min@0.0 max@1.8 input family(std_input;)
 ->irq[13] input std_input -> min@0.0 max@1.8 input family(std_input;)
 ->irq[14] input std_input -> min@0.0 max@1.8 input family(std_input;)
 ->irq[15] input std_input -> min@0.0 max@1.8 input family(std_input;)
 ->irq[16] input std_input -> min@0.0 max@1.8 input family(std_input;)
 ->irq[17] input std_input -> min@0.0 max@1.8 input family(std_input;)
 ->irq[18] input std_input -> min@0.0 max@1.8 input family(std_input;)
 ->irq[19] input std_input -> min@0.0 max@1.8 input family(std_input;)
 ->irq[1] input std_input -> min@0.0 max@1.8 input family(std_input;)
 ->irq[20] input std_input -> min@0.0 max@1.8 input family(std_input;)
 ->irq[21] input std_input -> min@0.0 max@1.8 input family(std_input;)
 ->irq[22] input std_input -> min@0.0 max@1.8 input family(std_input;)
 ->irq[23] input std_input -> min@0.0 max@1.8 input family(std_input;)
 ->irq[24] input std_input -> min@0.0 max@1.8 input family(std_input;)
 ->irq[25] input std_input -> min@0.0 max@1.8 input family(std_input;)
 ->irq[26] input std_input -> min@0.0 max@1.8 input family(std_input;)
 ->irq[27] input std_input -> min@0.0 max@1.8 input family(std_input;)
 ->irq[28] input std_input -> min@0.0 max@1.8 input family(std_input;)
 ->irq[29] input std_input -> min@0.0 max@1.8 input family(std_input;)
 ->irq[2] input std_input -> min@0.0 max@1.8 input family(std_input;)
 ->irq[30] input std_input -> min@0.0 max@1.8 input family(std_input;)
 ->irq[31] input std_input -> min@0.0 max@1.8 input family(std_input;)
 ->irq[3] input std_input -> min@0.0 max@1.8 input family(std_input;)
 ->irq[4] input std_input -> min@0.0 max@1.8 input family(std_input;)
 ->irq[5] input std_input -> min@0.0 max@1.8 input family(std_input;)
 ->irq[6] input std_input -> min@0.0 max@1.8 input family(std_input;)
 ->irq[7] input std_input -> min@0.0 max@1.8 input family(std_input;)
 ->irq[8] input std_input -> min@0.0 max@1.8 input family(std_input;)
 ->irq[9] input std_input -> min@0.0 max@1.8 input family(std_input;)
mem_rdata[31:0]~>std_input input std_input
 ->mem_rdata[0] input std_input -> min@0.0 max@1.8 input family(std_input;)
 ->mem_rdata[10] input std_input -> min@0.0 max@1.8 input family(std_input;)
 ->mem_rdata[11] input std_input -> min@0.0 max@1.8 input family(std_input;)
 ->mem_rdata[12] input std_input -> min@0.0 max@1.8 input family(std_input;)
 ->mem_rdata[13] input std_input -> min@0.0 max@1.8 input family(std_input;)
 ->mem_rdata[14] input std_input -> min@0.0 max@1.8 input family(std_input;)
 ->mem_rdata[15] input std_input -> min@0.0 max@1.8 input family(std_input;)
 ->mem_rdata[16] input std_input -> min@0.0 max@1.8 input family(std_input;)
 ->mem_rdata[17] input std_input -> min@0.0 max@1.8 input family(std_input;)
 ->mem_rdata[18] input std_input -> min@0.0 max@1.8 input family(std_input;)
 ->mem_rdata[19] input std_input -> min@0.0 max@1.8 input family(std_input;)
 ->mem_rdata[1] input std_input -> min@0.0 max@1.8 input family(std_input;)
 ->mem_rdata[20] input std_input -> min@0.0 max@1.8 input family(std_input;)
 ->mem_rdata[21] input std_input -> min@0.0 max@1.8 input family(std_input;)
 ->mem_rdata[22] input std_input -> min@0.0 max@1.8 input family(std_input;)
 ->mem_rdata[23] input std_input -> min@0.0 max@1.8 input family(std_input;)
 ->mem_rdata[24] input std_input -> min@0.0 max@1.8 input family(std_input;)
 ->mem_rdata[25] input std_input -> min@0.0 max@1.8 input family(std_input;)
 ->mem_rdata[26] input std_input -> min@0.0 max@1.8 input family(std_input;)
 ->mem_rdata[27] input std_input -> min@0.0 max@1.8 input family(std_input;)
 ->mem_rdata[28] input std_input -> min@0.0 max@1.8 input family(std_input;)
 ->mem_rdata[29] input std_input -> min@0.0 max@1.8 input family(std_input;)
 ->mem_rdata[2] input std_input -> min@0.0 max@1.8 input family(std_input;)
 ->mem_rdata[30] input std_input -> min@0.0 max@1.8 input family(std_input;)
 ->mem_rdata[31] input std_input -> min@0.0 max@1.8 input family(std_input;)
 ->mem_rdata[3] input std_input -> min@0.0 max@1.8 input family(std_input;)
 ->mem_rdata[4] input std_input -> min@0.0 max@1.8 input family(std_input;)
 ->mem_rdata[5] input std_input -> min@0.0 max@1.8 input family(std_input;)
 ->mem_rdata[6] input std_input -> min@0.0 max@1.8 input family(std_input;)
 ->mem_rdata[7] input std_input -> min@0.0 max@1.8 input family(std_input;)
 ->mem_rdata[8] input std_input -> min@0.0 max@1.8 input family(std_input;)
 ->mem_rdata[9] input std_input -> min@0.0 max@1.8 input family(std_input;)
pcpi_rd[31:0]~>std_input input std_input
 ->pcpi_rd[0] input std_input -> min@0.0 max@1.8 input family(std_input;)
 ->pcpi_rd[10] input std_input -> min@0.0 max@1.8 input family(std_input;)
 ->pcpi_rd[11] input std_input -> min@0.0 max@1.8 input family(std_input;)
 ->pcpi_rd[12] input std_input -> min@0.0 max@1.8 input family(std_input;)
 ->pcpi_rd[13] input std_input -> min@0.0 max@1.8 input family(std_input;)
 ->pcpi_rd[14] input std_input -> min@0.0 max@1.8 input family(std_input;)
 ->pcpi_rd[15] input std_input -> min@0.0 max@1.8 input family(std_input;)
 ->pcpi_rd[16] input std_input -> min@0.0 max@1.8 input family(std_input;)
 ->pcpi_rd[17] input std_input -> min@0.0 max@1.8 input family(std_input;)
 ->pcpi_rd[18] input std_input -> min@0.0 max@1.8 input family(std_input;)
 ->pcpi_rd[19] input std_input -> min@0.0 max@1.8 input family(std_input;)
 ->pcpi_rd[1] input std_input -> min@0.0 max@1.8 input family(std_input;)
 ->pcpi_rd[20] input std_input -> min@0.0 max@1.8 input family(std_input;)
 ->pcpi_rd[21] input std_input -> min@0.0 max@1.8 input family(std_input;)
 ->pcpi_rd[22] input std_input -> min@0.0 max@1.8 input family(std_input;)
 ->pcpi_rd[23] input std_input -> min@0.0 max@1.8 input family(std_input;)
 ->pcpi_rd[24] input std_input -> min@0.0 max@1.8 input family(std_input;)
 ->pcpi_rd[25] input std_input -> min@0.0 max@1.8 input family(std_input;)
 ->pcpi_rd[26] input std_input -> min@0.0 max@1.8 input family(std_input;)
 ->pcpi_rd[27] input std_input -> min@0.0 max@1.8 input family(std_input;)
 ->pcpi_rd[28] input std_input -> min@0.0 max@1.8 input family(std_input;)
 ->pcpi_rd[29] input std_input -> min@0.0 max@1.8 input family(std_input;)
 ->pcpi_rd[2] input std_input -> min@0.0 max@1.8 input family(std_input;)
 ->pcpi_rd[30] input std_input -> min@0.0 max@1.8 input family(std_input;)
 ->pcpi_rd[31] input std_input -> min@0.0 max@1.8 input family(std_input;)
 ->pcpi_rd[3] input std_input -> min@0.0 max@1.8 input family(std_input;)
 ->pcpi_rd[4] input std_input -> min@0.0 max@1.8 input family(std_input;)
 ->pcpi_rd[5] input std_input -> min@0.0 max@1.8 input family(std_input;)
 ->pcpi_rd[6] input std_input -> min@0.0 max@1.8 input family(std_input;)
 ->pcpi_rd[7] input std_input -> min@0.0 max@1.8 input family(std_input;)
 ->pcpi_rd[8] input std_input -> min@0.0 max@1.8 input family(std_input;)
 ->pcpi_rd[9] input std_input -> min@0.0 max@1.8 input family(std_input;)
> expected values
> macros
 #define std_input min@VGND max@VPWR -> min@0.0 max@1.8
Power List> end

CVC: Linking devices...
Usage EQUIV: Time: 0  Memory: 79260  I/O: 32  Swap: 0
Power nets 113
Hash dump:parameter->resistance map
Contains 53 buckets, 55 elements
Element count 0, 22
Element count 1, 14
Element count 2, 10
Element count 3, 7
Unused hash: 0.42, average depth 2.13
Hash dump:text->circuit map
Contains 337 buckets, 438 elements
Element count 0, 68
Element count 1, 143
Element count 2, 89
Element count 3, 31
Element count 4, 6
Unused hash: 0.20, average depth 2.00
Hash dump:string->text map
Contains 53201 buckets, 94063 elements
Element count 0, 9000
Element count 1, 16123
Element count 2, 14195
Element count 3, 8405
Element count 4, 3713
Element count 5, 1251
Element count 6, 398
Element count 7, 95
Element count 8, 14
Element count 9, 7
Unused hash: 0.17, average depth 2.76
CVC: Shorting non conducting resistors...
CVC: Calculating resistor voltages...
Usage RES: Time: 0  Memory: 79260  I/O: 32  Swap: 0
Power nets 113
CVC: Calculating min/max voltages...
Processing trivial nets found 32623 trivial nets
CVC: Ignoring invalid calculations...
CVC:   Removed 0 calculations
Copying master nets
CVC: Ignoring non-conducting devices...
CVC:   Ignored 0 devices
Usage MIN/MAX1: Time: 1  Memory: 82488  I/O: 32  Swap: 0
Power nets 40912
! Checking forward bias diode errors: 

! Checking nmos source/drain vs bias errors: 

! Checking nmos gate vs source errors: 

! Checking pmos source/drain vs bias errors: 

! Checking pmos gate vs source errors: 

Usage ERROR: Time: 1  Memory: 82488  I/O: 32  Swap: 0
CVC: Propagating Simulation voltages 1...
Usage SIM1: Time: 1  Memory: 84336  I/O: 32  Swap: 0
Power nets 40912
CVC: Propagating Simulation voltages 3...
Usage SIM2: Time: 1  Memory: 85128  I/O: 32  Swap: 0
Power nets 40912
Added 0 latch voltages
CVC: Calculating min/max voltages...
Processing trivial nets found 32623 trivial nets
CVC: Ignoring invalid calculations...
CVC:   Removed 0 calculations
Copying master nets
CVC: Ignoring non-conducting devices...
CVC:   Ignored 0 devices
Usage MIN/MAX2: Time: 1  Memory: 88560  I/O: 32  Swap: 0
Power nets 81711
! Checking overvoltage errors

! Checking nmos possible leak errors: 

! Checking pmos possible leak errors: 

! Checking mos floating input errors:

! Checking expected values:

CVC: Error Counts
CVC: Fuse Problems:         0
CVC: Min Voltage Conflicts: 0
CVC: Max Voltage Conflicts: 0
CVC: Leaks:                 0
CVC: LDD drain->source:     0
CVC: HI-Z Inputs:           0
CVC: Forward Bias Diodes:   0
CVC: NMOS Source vs Bulk:   0
CVC: NMOS Gate vs Source:   0
CVC: NMOS Possible Leaks:   0
CVC: PMOS Source vs Bulk:   0
CVC: PMOS Gate vs Source:   0
CVC: PMOS Possible Leaks:   0
CVC: Overvoltage-VBG:       0
CVC: Overvoltage-VBS:       0
CVC: Overvoltage-VDS:       0
CVC: Overvoltage-VGS:       0
CVC: Model errors:          0
CVC: Unexpected voltage :   0
CVC: Total:                 0
Usage Total: Time: 1  Memory: 88824  I/O: 80  Swap: 0
Virtual net update/access 913493/25695476
CVC: Log output to /openlane/designs/picorv32_base/runs/RUN_2022.04.10_15.39.50/reports/finishing/picorv32_base.rpt
CVC: End: Sun Apr 10 17:00:43 2022

