OpenROAD 944855835623e651e7b9c7c50efcce1fb04b4fee 
This program is licensed under the BSD-3 license. See the LICENSE file for details.
Components of this program may be licensed under more restrictive licenses which must be honored.
[INFO ODB-0222] Reading LEF file: /openlane/designs/picorv32_base/runs/RUN_2022.04.10_15.39.50/tmp/merged_unpadded.lef
[INFO ODB-0223]     Created 13 technology layers
[INFO ODB-0224]     Created 25 technology vias
[INFO ODB-0225]     Created 441 library cells
[INFO ODB-0226] Finished LEF file:  /openlane/designs/picorv32_base/runs/RUN_2022.04.10_15.39.50/tmp/merged_unpadded.lef
[WARNING ORD-0033] -order_wires is deprecated.
[INFO ODB-0127] Reading DEF file: /openlane/designs/picorv32_base/runs/RUN_2022.04.10_15.39.50/results/routing/picorv32_base.def
[INFO ODB-0128] Design: picorv32_base
[INFO ODB-0130]     Created 411 pins.
[INFO ODB-0131]     Created 70107 components and 345563 component-terminals.
[INFO ODB-0132]     Created 2 special nets and 267324 connections.
[INFO ODB-0133]     Created 22782 nets and 78198 connections.
[INFO ODB-0134] Finished DEF file: /openlane/designs/picorv32_base/runs/RUN_2022.04.10_15.39.50/results/routing/picorv32_base.def
[INFO]: Setting RC values...
[INFO RCX-0431] Defined process_corner X with ext_model_index 0
[INFO RCX-0029] Defined extraction corner X
[INFO RCX-0008] extracting parasitics of picorv32_base ...
Notice 0: Split top of 7380 T shapes.
[INFO RCX-0435] Reading extraction model file /home/rahul/Documents/OpenLane/pdks/sky130A/libs.tech/openlane/rcx_rules.info ...
[INFO RCX-0436] RC segment generation picorv32_base (max_merge_res 50.0) ...
[INFO RCX-0040] Final 108968 rc segments
[INFO RCX-0439] Coupling Cap extraction picorv32_base ...
[INFO RCX-0440] Coupling threshhold is 0.1000 fF, coupling capacitance less than 0.1000 fF will be grounded.
[INFO RCX-0043] 244450 wires to be extracted
[INFO RCX-0442] 51% completion -- 125111 wires have been extracted
[INFO RCX-0442] 100% completion -- 244450 wires have been extracted
[INFO RCX-0045] Extract 22782 nets, 131738 rsegs, 131738 caps, 341702 ccs
[INFO RCX-0015] Finished extracting picorv32_base.
[INFO RCX-0016] Writing SPEF ...
[INFO RCX-0443] 22782 nets finished
[INFO RCX-0017] Finished writing SPEF ...
