
===========================================================================
report_checks -path_delay max (Setup)
============================================================================
Startpoint: resetn (input port clocked by clk)
Endpoint: mem_la_addr[31] (output port clocked by clk)
Path Group: clk
Path Type: max

Fanout     Cap    Slew   Delay    Time   Description
-----------------------------------------------------------------------------
                          0.00    0.00   clock clk (rise edge)
                          0.00    0.00   clock network delay (propagated)
                          4.00    4.00 ^ input external delay
                  0.06    0.04    4.04 ^ resetn (in)
     1    0.01                           resetn (net)
                  0.06    0.00    4.04 ^ input101/A (sky130_fd_sc_hd__clkbuf_16)
                  0.12    0.19    4.23 ^ input101/X (sky130_fd_sc_hd__clkbuf_16)
     3    0.11                           net101 (net)
                  0.13    0.03    4.26 ^ _19628_/B (sky130_fd_sc_hd__and3_1)
                  0.18    0.28    4.54 ^ _19628_/X (sky130_fd_sc_hd__and3_1)
     3    0.02                           _14298_ (net)
                  0.18    0.00    4.55 ^ _19629_/C (sky130_fd_sc_hd__and3_1)
                  0.08    0.22    4.76 ^ _19629_/X (sky130_fd_sc_hd__and3_1)
     2    0.01                           _14299_ (net)
                  0.08    0.00    4.76 ^ _19650_/B1 (sky130_fd_sc_hd__a22o_1)
                  0.18    0.24    5.00 ^ _19650_/X (sky130_fd_sc_hd__a22o_1)
     2    0.02                           _14320_ (net)
                  0.18    0.00    5.00 ^ _23059_/A (sky130_fd_sc_hd__and3_2)
                  0.13    0.29    5.29 ^ _23059_/X (sky130_fd_sc_hd__and3_2)
     3    0.02                           _17551_ (net)
                  0.13    0.00    5.30 ^ _23069_/A (sky130_fd_sc_hd__and2_1)
                  0.06    0.16    5.45 ^ _23069_/X (sky130_fd_sc_hd__and2_1)
     1    0.00                           _17560_ (net)
                  0.06    0.00    5.45 ^ _23070_/A (sky130_fd_sc_hd__buf_2)
                  0.16    0.20    5.66 ^ _23070_/X (sky130_fd_sc_hd__buf_2)
     4    0.03                           _17561_ (net)
                  0.16    0.00    5.66 ^ _23079_/A (sky130_fd_sc_hd__and3_1)
                  0.18    0.29    5.94 ^ _23079_/X (sky130_fd_sc_hd__and3_1)
     4    0.02                           _17568_ (net)
                  0.18    0.00    5.94 ^ _23090_/A (sky130_fd_sc_hd__and3_1)
                  0.18    0.30    6.24 ^ _23090_/X (sky130_fd_sc_hd__and3_1)
     4    0.02                           _17577_ (net)
                  0.18    0.00    6.24 ^ _23102_/A (sky130_fd_sc_hd__and3_2)
                  0.16    0.32    6.56 ^ _23102_/X (sky130_fd_sc_hd__and3_2)
     4    0.03                           _17587_ (net)
                  0.16    0.00    6.56 ^ _23112_/A (sky130_fd_sc_hd__and3_1)
                  0.18    0.29    6.85 ^ _23112_/X (sky130_fd_sc_hd__and3_1)
     4    0.02                           _17595_ (net)
                  0.18    0.00    6.85 ^ _23123_/A (sky130_fd_sc_hd__and3_1)
                  0.24    0.34    7.18 ^ _23123_/X (sky130_fd_sc_hd__and3_1)
     4    0.02                           _17604_ (net)
                  0.24    0.00    7.18 ^ _23134_/A (sky130_fd_sc_hd__and3_1)
                  0.20    0.32    7.51 ^ _23134_/X (sky130_fd_sc_hd__and3_1)
     4    0.02                           _17613_ (net)
                  0.20    0.00    7.51 ^ _23145_/A (sky130_fd_sc_hd__and3_1)
                  0.19    0.31    7.81 ^ _23145_/X (sky130_fd_sc_hd__and3_1)
     4    0.02                           _17622_ (net)
                  0.19    0.00    7.81 ^ _23156_/A (sky130_fd_sc_hd__and3_1)
                  0.18    0.30    8.11 ^ _23156_/X (sky130_fd_sc_hd__and3_1)
     4    0.02                           _17631_ (net)
                  0.18    0.00    8.11 ^ _23167_/A (sky130_fd_sc_hd__and3_1)
                  0.17    0.29    8.39 ^ _23167_/X (sky130_fd_sc_hd__and3_1)
     4    0.02                           _17640_ (net)
                  0.17    0.00    8.39 ^ _23178_/A (sky130_fd_sc_hd__and3_1)
                  0.18    0.29    8.69 ^ _23178_/X (sky130_fd_sc_hd__and3_1)
     4    0.02                           _17649_ (net)
                  0.18    0.00    8.69 ^ _23189_/A (sky130_fd_sc_hd__and3_2)
                  0.13    0.30    8.98 ^ _23189_/X (sky130_fd_sc_hd__and3_2)
     4    0.02                           _17658_ (net)
                  0.13    0.00    8.98 ^ _23199_/A (sky130_fd_sc_hd__and3_1)
                  0.17    0.27    9.26 ^ _23199_/X (sky130_fd_sc_hd__and3_1)
     4    0.02                           _17666_ (net)
                  0.17    0.00    9.26 ^ _23210_/A (sky130_fd_sc_hd__and3_1)
                  0.12    0.25    9.50 ^ _23210_/X (sky130_fd_sc_hd__and3_1)
     3    0.01                           _17675_ (net)
                  0.12    0.00    9.50 ^ _23216_/A (sky130_fd_sc_hd__nand2_1)
                  0.08    0.11    9.61 v _23216_/Y (sky130_fd_sc_hd__nand2_1)
     2    0.01                           _17680_ (net)
                  0.08    0.00    9.61 v _23222_/A (sky130_fd_sc_hd__xnor2_1)
                  0.06    0.15    9.76 v _23222_/Y (sky130_fd_sc_hd__xnor2_1)
     1    0.00                           _17685_ (net)
                  0.06    0.00    9.76 v _23223_/A1 (sky130_fd_sc_hd__mux2_1)
                  0.09    0.36   10.12 v _23223_/X (sky130_fd_sc_hd__mux2_1)
     1    0.01                           _17686_ (net)
                  0.09    0.00   10.12 v _23224_/A (sky130_fd_sc_hd__buf_12)
                  0.08    0.20   10.32 v _23224_/X (sky130_fd_sc_hd__buf_12)
     5    0.13                           net187 (net)
                  0.08    0.01   10.33 v output187/A (sky130_fd_sc_hd__buf_4)
                  0.08    0.21   10.54 v output187/X (sky130_fd_sc_hd__buf_4)
     1    0.05                           mem_la_addr[31] (net)
                  0.08    0.00   10.54 v mem_la_addr[31] (out)
                                 10.54   data arrival time

                         20.00   20.00   clock clk (rise edge)
                          0.00   20.00   clock network delay (propagated)
                         -0.25   19.75   clock uncertainty
                          0.00   19.75   clock reconvergence pessimism
                         -4.00   15.75   output external delay
                                 15.75   data required time
-----------------------------------------------------------------------------
                                 15.75   data required time
                                -10.54   data arrival time
-----------------------------------------------------------------------------
                                  5.21   slack (MET)


Startpoint: resetn (input port clocked by clk)
Endpoint: mem_la_addr[29] (output port clocked by clk)
Path Group: clk
Path Type: max

Fanout     Cap    Slew   Delay    Time   Description
-----------------------------------------------------------------------------
                          0.00    0.00   clock clk (rise edge)
                          0.00    0.00   clock network delay (propagated)
                          4.00    4.00 ^ input external delay
                  0.06    0.04    4.04 ^ resetn (in)
     1    0.01                           resetn (net)
                  0.06    0.00    4.04 ^ input101/A (sky130_fd_sc_hd__clkbuf_16)
                  0.12    0.19    4.23 ^ input101/X (sky130_fd_sc_hd__clkbuf_16)
     3    0.11                           net101 (net)
                  0.13    0.03    4.26 ^ _19628_/B (sky130_fd_sc_hd__and3_1)
                  0.18    0.28    4.54 ^ _19628_/X (sky130_fd_sc_hd__and3_1)
     3    0.02                           _14298_ (net)
                  0.18    0.00    4.55 ^ _19629_/C (sky130_fd_sc_hd__and3_1)
                  0.08    0.22    4.76 ^ _19629_/X (sky130_fd_sc_hd__and3_1)
     2    0.01                           _14299_ (net)
                  0.08    0.00    4.76 ^ _19650_/B1 (sky130_fd_sc_hd__a22o_1)
                  0.18    0.24    5.00 ^ _19650_/X (sky130_fd_sc_hd__a22o_1)
     2    0.02                           _14320_ (net)
                  0.18    0.00    5.00 ^ _23059_/A (sky130_fd_sc_hd__and3_2)
                  0.13    0.29    5.29 ^ _23059_/X (sky130_fd_sc_hd__and3_2)
     3    0.02                           _17551_ (net)
                  0.13    0.00    5.30 ^ _23069_/A (sky130_fd_sc_hd__and2_1)
                  0.06    0.16    5.45 ^ _23069_/X (sky130_fd_sc_hd__and2_1)
     1    0.00                           _17560_ (net)
                  0.06    0.00    5.45 ^ _23070_/A (sky130_fd_sc_hd__buf_2)
                  0.16    0.20    5.66 ^ _23070_/X (sky130_fd_sc_hd__buf_2)
     4    0.03                           _17561_ (net)
                  0.16    0.00    5.66 ^ _23079_/A (sky130_fd_sc_hd__and3_1)
                  0.18    0.29    5.94 ^ _23079_/X (sky130_fd_sc_hd__and3_1)
     4    0.02                           _17568_ (net)
                  0.18    0.00    5.94 ^ _23090_/A (sky130_fd_sc_hd__and3_1)
                  0.18    0.30    6.24 ^ _23090_/X (sky130_fd_sc_hd__and3_1)
     4    0.02                           _17577_ (net)
                  0.18    0.00    6.24 ^ _23102_/A (sky130_fd_sc_hd__and3_2)
                  0.16    0.32    6.56 ^ _23102_/X (sky130_fd_sc_hd__and3_2)
     4    0.03                           _17587_ (net)
                  0.16    0.00    6.56 ^ _23112_/A (sky130_fd_sc_hd__and3_1)
                  0.18    0.29    6.85 ^ _23112_/X (sky130_fd_sc_hd__and3_1)
     4    0.02                           _17595_ (net)
                  0.18    0.00    6.85 ^ _23123_/A (sky130_fd_sc_hd__and3_1)
                  0.24    0.34    7.18 ^ _23123_/X (sky130_fd_sc_hd__and3_1)
     4    0.02                           _17604_ (net)
                  0.24    0.00    7.18 ^ _23134_/A (sky130_fd_sc_hd__and3_1)
                  0.20    0.32    7.51 ^ _23134_/X (sky130_fd_sc_hd__and3_1)
     4    0.02                           _17613_ (net)
                  0.20    0.00    7.51 ^ _23145_/A (sky130_fd_sc_hd__and3_1)
                  0.19    0.31    7.81 ^ _23145_/X (sky130_fd_sc_hd__and3_1)
     4    0.02                           _17622_ (net)
                  0.19    0.00    7.81 ^ _23156_/A (sky130_fd_sc_hd__and3_1)
                  0.18    0.30    8.11 ^ _23156_/X (sky130_fd_sc_hd__and3_1)
     4    0.02                           _17631_ (net)
                  0.18    0.00    8.11 ^ _23167_/A (sky130_fd_sc_hd__and3_1)
                  0.17    0.29    8.39 ^ _23167_/X (sky130_fd_sc_hd__and3_1)
     4    0.02                           _17640_ (net)
                  0.17    0.00    8.39 ^ _23178_/A (sky130_fd_sc_hd__and3_1)
                  0.18    0.29    8.69 ^ _23178_/X (sky130_fd_sc_hd__and3_1)
     4    0.02                           _17649_ (net)
                  0.18    0.00    8.69 ^ _23189_/A (sky130_fd_sc_hd__and3_2)
                  0.13    0.30    8.98 ^ _23189_/X (sky130_fd_sc_hd__and3_2)
     4    0.02                           _17658_ (net)
                  0.13    0.00    8.98 ^ _23199_/A (sky130_fd_sc_hd__and3_1)
                  0.17    0.27    9.26 ^ _23199_/X (sky130_fd_sc_hd__and3_1)
     4    0.02                           _17666_ (net)
                  0.17    0.00    9.26 ^ _23210_/A (sky130_fd_sc_hd__and3_1)
                  0.12    0.25    9.50 ^ _23210_/X (sky130_fd_sc_hd__and3_1)
     3    0.01                           _17675_ (net)
                  0.12    0.00    9.50 ^ _23212_/A (sky130_fd_sc_hd__nor2_1)
                  0.05    0.09    9.59 v _23212_/Y (sky130_fd_sc_hd__nor2_1)
     1    0.01                           _17677_ (net)
                  0.05    0.00    9.59 v _23213_/A1 (sky130_fd_sc_hd__mux2_8)
                  0.11    0.40    9.99 v _23213_/X (sky130_fd_sc_hd__mux2_8)
     1    0.08                           _17678_ (net)
                  0.11    0.01   10.00 v _23214_/A (sky130_fd_sc_hd__buf_6)
                  0.08    0.21   10.20 v _23214_/X (sky130_fd_sc_hd__buf_6)
     2    0.08                           net184 (net)
                  0.08    0.01   10.21 v output184/A (sky130_fd_sc_hd__buf_4)
                  0.08    0.21   10.42 v output184/X (sky130_fd_sc_hd__buf_4)
     1    0.05                           mem_la_addr[29] (net)
                  0.08    0.00   10.42 v mem_la_addr[29] (out)
                                 10.42   data arrival time

                         20.00   20.00   clock clk (rise edge)
                          0.00   20.00   clock network delay (propagated)
                         -0.25   19.75   clock uncertainty
                          0.00   19.75   clock reconvergence pessimism
                         -4.00   15.75   output external delay
                                 15.75   data required time
-----------------------------------------------------------------------------
                                 15.75   data required time
                                -10.42   data arrival time
-----------------------------------------------------------------------------
                                  5.33   slack (MET)


Startpoint: resetn (input port clocked by clk)
Endpoint: mem_la_addr[30] (output port clocked by clk)
Path Group: clk
Path Type: max

Fanout     Cap    Slew   Delay    Time   Description
-----------------------------------------------------------------------------
                          0.00    0.00   clock clk (rise edge)
                          0.00    0.00   clock network delay (propagated)
                          4.00    4.00 ^ input external delay
                  0.06    0.04    4.04 ^ resetn (in)
     1    0.01                           resetn (net)
                  0.06    0.00    4.04 ^ input101/A (sky130_fd_sc_hd__clkbuf_16)
                  0.12    0.19    4.23 ^ input101/X (sky130_fd_sc_hd__clkbuf_16)
     3    0.11                           net101 (net)
                  0.13    0.03    4.26 ^ _19628_/B (sky130_fd_sc_hd__and3_1)
                  0.18    0.28    4.54 ^ _19628_/X (sky130_fd_sc_hd__and3_1)
     3    0.02                           _14298_ (net)
                  0.18    0.00    4.55 ^ _19629_/C (sky130_fd_sc_hd__and3_1)
                  0.08    0.22    4.76 ^ _19629_/X (sky130_fd_sc_hd__and3_1)
     2    0.01                           _14299_ (net)
                  0.08    0.00    4.76 ^ _19650_/B1 (sky130_fd_sc_hd__a22o_1)
                  0.18    0.24    5.00 ^ _19650_/X (sky130_fd_sc_hd__a22o_1)
     2    0.02                           _14320_ (net)
                  0.18    0.00    5.00 ^ _23059_/A (sky130_fd_sc_hd__and3_2)
                  0.13    0.29    5.29 ^ _23059_/X (sky130_fd_sc_hd__and3_2)
     3    0.02                           _17551_ (net)
                  0.13    0.00    5.30 ^ _23069_/A (sky130_fd_sc_hd__and2_1)
                  0.06    0.16    5.45 ^ _23069_/X (sky130_fd_sc_hd__and2_1)
     1    0.00                           _17560_ (net)
                  0.06    0.00    5.45 ^ _23070_/A (sky130_fd_sc_hd__buf_2)
                  0.16    0.20    5.66 ^ _23070_/X (sky130_fd_sc_hd__buf_2)
     4    0.03                           _17561_ (net)
                  0.16    0.00    5.66 ^ _23079_/A (sky130_fd_sc_hd__and3_1)
                  0.18    0.29    5.94 ^ _23079_/X (sky130_fd_sc_hd__and3_1)
     4    0.02                           _17568_ (net)
                  0.18    0.00    5.94 ^ _23090_/A (sky130_fd_sc_hd__and3_1)
                  0.18    0.30    6.24 ^ _23090_/X (sky130_fd_sc_hd__and3_1)
     4    0.02                           _17577_ (net)
                  0.18    0.00    6.24 ^ _23102_/A (sky130_fd_sc_hd__and3_2)
                  0.16    0.32    6.56 ^ _23102_/X (sky130_fd_sc_hd__and3_2)
     4    0.03                           _17587_ (net)
                  0.16    0.00    6.56 ^ _23112_/A (sky130_fd_sc_hd__and3_1)
                  0.18    0.29    6.85 ^ _23112_/X (sky130_fd_sc_hd__and3_1)
     4    0.02                           _17595_ (net)
                  0.18    0.00    6.85 ^ _23123_/A (sky130_fd_sc_hd__and3_1)
                  0.24    0.34    7.18 ^ _23123_/X (sky130_fd_sc_hd__and3_1)
     4    0.02                           _17604_ (net)
                  0.24    0.00    7.18 ^ _23134_/A (sky130_fd_sc_hd__and3_1)
                  0.20    0.32    7.51 ^ _23134_/X (sky130_fd_sc_hd__and3_1)
     4    0.02                           _17613_ (net)
                  0.20    0.00    7.51 ^ _23145_/A (sky130_fd_sc_hd__and3_1)
                  0.19    0.31    7.81 ^ _23145_/X (sky130_fd_sc_hd__and3_1)
     4    0.02                           _17622_ (net)
                  0.19    0.00    7.81 ^ _23156_/A (sky130_fd_sc_hd__and3_1)
                  0.18    0.30    8.11 ^ _23156_/X (sky130_fd_sc_hd__and3_1)
     4    0.02                           _17631_ (net)
                  0.18    0.00    8.11 ^ _23167_/A (sky130_fd_sc_hd__and3_1)
                  0.17    0.29    8.39 ^ _23167_/X (sky130_fd_sc_hd__and3_1)
     4    0.02                           _17640_ (net)
                  0.17    0.00    8.39 ^ _23178_/A (sky130_fd_sc_hd__and3_1)
                  0.18    0.29    8.69 ^ _23178_/X (sky130_fd_sc_hd__and3_1)
     4    0.02                           _17649_ (net)
                  0.18    0.00    8.69 ^ _23189_/A (sky130_fd_sc_hd__and3_2)
                  0.13    0.30    8.98 ^ _23189_/X (sky130_fd_sc_hd__and3_2)
     4    0.02                           _17658_ (net)
                  0.13    0.00    8.98 ^ _23199_/A (sky130_fd_sc_hd__and3_1)
                  0.17    0.27    9.26 ^ _23199_/X (sky130_fd_sc_hd__and3_1)
     4    0.02                           _17666_ (net)
                  0.17    0.00    9.26 ^ _23210_/A (sky130_fd_sc_hd__and3_1)
                  0.12    0.25    9.50 ^ _23210_/X (sky130_fd_sc_hd__and3_1)
     3    0.01                           _17675_ (net)
                  0.12    0.00    9.50 ^ _23217_/A (sky130_fd_sc_hd__or2_1)
                  0.05    0.13    9.63 ^ _23217_/X (sky130_fd_sc_hd__or2_1)
     1    0.00                           _17681_ (net)
                  0.05    0.00    9.63 ^ _23219_/A3 (sky130_fd_sc_hd__a31o_1)
                  0.20    0.26    9.89 ^ _23219_/X (sky130_fd_sc_hd__a31o_1)
     1    0.02                           _17683_ (net)
                  0.20    0.00    9.90 ^ _23220_/A (sky130_fd_sc_hd__clkbuf_4)
                  0.13    0.26   10.16 ^ _23220_/X (sky130_fd_sc_hd__clkbuf_4)
     4    0.04                           net186 (net)
                  0.13    0.00   10.16 ^ output186/A (sky130_fd_sc_hd__buf_4)
                  0.15    0.23   10.40 ^ output186/X (sky130_fd_sc_hd__buf_4)
     1    0.05                           mem_la_addr[30] (net)
                  0.15    0.00   10.40 ^ mem_la_addr[30] (out)
                                 10.40   data arrival time

                         20.00   20.00   clock clk (rise edge)
                          0.00   20.00   clock network delay (propagated)
                         -0.25   19.75   clock uncertainty
                          0.00   19.75   clock reconvergence pessimism
                         -4.00   15.75   output external delay
                                 15.75   data required time
-----------------------------------------------------------------------------
                                 15.75   data required time
                                -10.40   data arrival time
-----------------------------------------------------------------------------
                                  5.35   slack (MET)


Startpoint: resetn (input port clocked by clk)
Endpoint: mem_la_addr[28] (output port clocked by clk)
Path Group: clk
Path Type: max

Fanout     Cap    Slew   Delay    Time   Description
-----------------------------------------------------------------------------
                          0.00    0.00   clock clk (rise edge)
                          0.00    0.00   clock network delay (propagated)
                          4.00    4.00 ^ input external delay
                  0.06    0.04    4.04 ^ resetn (in)
     1    0.01                           resetn (net)
                  0.06    0.00    4.04 ^ input101/A (sky130_fd_sc_hd__clkbuf_16)
                  0.12    0.19    4.23 ^ input101/X (sky130_fd_sc_hd__clkbuf_16)
     3    0.11                           net101 (net)
                  0.13    0.03    4.26 ^ _19628_/B (sky130_fd_sc_hd__and3_1)
                  0.18    0.28    4.54 ^ _19628_/X (sky130_fd_sc_hd__and3_1)
     3    0.02                           _14298_ (net)
                  0.18    0.00    4.55 ^ _19629_/C (sky130_fd_sc_hd__and3_1)
                  0.08    0.22    4.76 ^ _19629_/X (sky130_fd_sc_hd__and3_1)
     2    0.01                           _14299_ (net)
                  0.08    0.00    4.76 ^ _19650_/B1 (sky130_fd_sc_hd__a22o_1)
                  0.18    0.24    5.00 ^ _19650_/X (sky130_fd_sc_hd__a22o_1)
     2    0.02                           _14320_ (net)
                  0.18    0.00    5.00 ^ _23059_/A (sky130_fd_sc_hd__and3_2)
                  0.13    0.29    5.29 ^ _23059_/X (sky130_fd_sc_hd__and3_2)
     3    0.02                           _17551_ (net)
                  0.13    0.00    5.30 ^ _23069_/A (sky130_fd_sc_hd__and2_1)
                  0.06    0.16    5.45 ^ _23069_/X (sky130_fd_sc_hd__and2_1)
     1    0.00                           _17560_ (net)
                  0.06    0.00    5.45 ^ _23070_/A (sky130_fd_sc_hd__buf_2)
                  0.16    0.20    5.66 ^ _23070_/X (sky130_fd_sc_hd__buf_2)
     4    0.03                           _17561_ (net)
                  0.16    0.00    5.66 ^ _23079_/A (sky130_fd_sc_hd__and3_1)
                  0.18    0.29    5.94 ^ _23079_/X (sky130_fd_sc_hd__and3_1)
     4    0.02                           _17568_ (net)
                  0.18    0.00    5.94 ^ _23090_/A (sky130_fd_sc_hd__and3_1)
                  0.18    0.30    6.24 ^ _23090_/X (sky130_fd_sc_hd__and3_1)
     4    0.02                           _17577_ (net)
                  0.18    0.00    6.24 ^ _23102_/A (sky130_fd_sc_hd__and3_2)
                  0.16    0.32    6.56 ^ _23102_/X (sky130_fd_sc_hd__and3_2)
     4    0.03                           _17587_ (net)
                  0.16    0.00    6.56 ^ _23112_/A (sky130_fd_sc_hd__and3_1)
                  0.18    0.29    6.85 ^ _23112_/X (sky130_fd_sc_hd__and3_1)
     4    0.02                           _17595_ (net)
                  0.18    0.00    6.85 ^ _23123_/A (sky130_fd_sc_hd__and3_1)
                  0.24    0.34    7.18 ^ _23123_/X (sky130_fd_sc_hd__and3_1)
     4    0.02                           _17604_ (net)
                  0.24    0.00    7.18 ^ _23134_/A (sky130_fd_sc_hd__and3_1)
                  0.20    0.32    7.51 ^ _23134_/X (sky130_fd_sc_hd__and3_1)
     4    0.02                           _17613_ (net)
                  0.20    0.00    7.51 ^ _23145_/A (sky130_fd_sc_hd__and3_1)
                  0.19    0.31    7.81 ^ _23145_/X (sky130_fd_sc_hd__and3_1)
     4    0.02                           _17622_ (net)
                  0.19    0.00    7.81 ^ _23156_/A (sky130_fd_sc_hd__and3_1)
                  0.18    0.30    8.11 ^ _23156_/X (sky130_fd_sc_hd__and3_1)
     4    0.02                           _17631_ (net)
                  0.18    0.00    8.11 ^ _23167_/A (sky130_fd_sc_hd__and3_1)
                  0.17    0.29    8.39 ^ _23167_/X (sky130_fd_sc_hd__and3_1)
     4    0.02                           _17640_ (net)
                  0.17    0.00    8.39 ^ _23178_/A (sky130_fd_sc_hd__and3_1)
                  0.18    0.29    8.69 ^ _23178_/X (sky130_fd_sc_hd__and3_1)
     4    0.02                           _17649_ (net)
                  0.18    0.00    8.69 ^ _23189_/A (sky130_fd_sc_hd__and3_2)
                  0.13    0.30    8.98 ^ _23189_/X (sky130_fd_sc_hd__and3_2)
     4    0.02                           _17658_ (net)
                  0.13    0.00    8.98 ^ _23199_/A (sky130_fd_sc_hd__and3_1)
                  0.17    0.27    9.26 ^ _23199_/X (sky130_fd_sc_hd__and3_1)
     4    0.02                           _17666_ (net)
                  0.17    0.00    9.26 ^ _23206_/A (sky130_fd_sc_hd__xor2_1)
                  0.17    0.21    9.47 ^ _23206_/X (sky130_fd_sc_hd__xor2_1)
     1    0.01                           _17672_ (net)
                  0.17    0.00    9.47 ^ _23207_/A1 (sky130_fd_sc_hd__mux2_4)
                  0.11    0.25    9.72 ^ _23207_/X (sky130_fd_sc_hd__mux2_4)
     1    0.03                           _17673_ (net)
                  0.11    0.00    9.72 ^ _23208_/A (sky130_fd_sc_hd__clkbuf_8)
                  0.11    0.21    9.93 ^ _23208_/X (sky130_fd_sc_hd__clkbuf_8)
     2    0.06                           net183 (net)
                  0.12    0.01    9.95 ^ output183/A (sky130_fd_sc_hd__buf_4)
                  0.15    0.23   10.17 ^ output183/X (sky130_fd_sc_hd__buf_4)
     1    0.05                           mem_la_addr[28] (net)
                  0.15    0.00   10.18 ^ mem_la_addr[28] (out)
                                 10.18   data arrival time

                         20.00   20.00   clock clk (rise edge)
                          0.00   20.00   clock network delay (propagated)
                         -0.25   19.75   clock uncertainty
                          0.00   19.75   clock reconvergence pessimism
                         -4.00   15.75   output external delay
                                 15.75   data required time
-----------------------------------------------------------------------------
                                 15.75   data required time
                                -10.18   data arrival time
-----------------------------------------------------------------------------
                                  5.57   slack (MET)


Startpoint: resetn (input port clocked by clk)
Endpoint: mem_la_addr[27] (output port clocked by clk)
Path Group: clk
Path Type: max

Fanout     Cap    Slew   Delay    Time   Description
-----------------------------------------------------------------------------
                          0.00    0.00   clock clk (rise edge)
                          0.00    0.00   clock network delay (propagated)
                          4.00    4.00 ^ input external delay
                  0.06    0.04    4.04 ^ resetn (in)
     1    0.01                           resetn (net)
                  0.06    0.00    4.04 ^ input101/A (sky130_fd_sc_hd__clkbuf_16)
                  0.12    0.19    4.23 ^ input101/X (sky130_fd_sc_hd__clkbuf_16)
     3    0.11                           net101 (net)
                  0.13    0.03    4.26 ^ _19628_/B (sky130_fd_sc_hd__and3_1)
                  0.18    0.28    4.54 ^ _19628_/X (sky130_fd_sc_hd__and3_1)
     3    0.02                           _14298_ (net)
                  0.18    0.00    4.55 ^ _19629_/C (sky130_fd_sc_hd__and3_1)
                  0.08    0.22    4.76 ^ _19629_/X (sky130_fd_sc_hd__and3_1)
     2    0.01                           _14299_ (net)
                  0.08    0.00    4.76 ^ _19650_/B1 (sky130_fd_sc_hd__a22o_1)
                  0.18    0.24    5.00 ^ _19650_/X (sky130_fd_sc_hd__a22o_1)
     2    0.02                           _14320_ (net)
                  0.18    0.00    5.00 ^ _23059_/A (sky130_fd_sc_hd__and3_2)
                  0.13    0.29    5.29 ^ _23059_/X (sky130_fd_sc_hd__and3_2)
     3    0.02                           _17551_ (net)
                  0.13    0.00    5.30 ^ _23069_/A (sky130_fd_sc_hd__and2_1)
                  0.06    0.16    5.45 ^ _23069_/X (sky130_fd_sc_hd__and2_1)
     1    0.00                           _17560_ (net)
                  0.06    0.00    5.45 ^ _23070_/A (sky130_fd_sc_hd__buf_2)
                  0.16    0.20    5.66 ^ _23070_/X (sky130_fd_sc_hd__buf_2)
     4    0.03                           _17561_ (net)
                  0.16    0.00    5.66 ^ _23079_/A (sky130_fd_sc_hd__and3_1)
                  0.18    0.29    5.94 ^ _23079_/X (sky130_fd_sc_hd__and3_1)
     4    0.02                           _17568_ (net)
                  0.18    0.00    5.94 ^ _23090_/A (sky130_fd_sc_hd__and3_1)
                  0.18    0.30    6.24 ^ _23090_/X (sky130_fd_sc_hd__and3_1)
     4    0.02                           _17577_ (net)
                  0.18    0.00    6.24 ^ _23102_/A (sky130_fd_sc_hd__and3_2)
                  0.16    0.32    6.56 ^ _23102_/X (sky130_fd_sc_hd__and3_2)
     4    0.03                           _17587_ (net)
                  0.16    0.00    6.56 ^ _23112_/A (sky130_fd_sc_hd__and3_1)
                  0.18    0.29    6.85 ^ _23112_/X (sky130_fd_sc_hd__and3_1)
     4    0.02                           _17595_ (net)
                  0.18    0.00    6.85 ^ _23123_/A (sky130_fd_sc_hd__and3_1)
                  0.24    0.34    7.18 ^ _23123_/X (sky130_fd_sc_hd__and3_1)
     4    0.02                           _17604_ (net)
                  0.24    0.00    7.18 ^ _23134_/A (sky130_fd_sc_hd__and3_1)
                  0.20    0.32    7.51 ^ _23134_/X (sky130_fd_sc_hd__and3_1)
     4    0.02                           _17613_ (net)
                  0.20    0.00    7.51 ^ _23145_/A (sky130_fd_sc_hd__and3_1)
                  0.19    0.31    7.81 ^ _23145_/X (sky130_fd_sc_hd__and3_1)
     4    0.02                           _17622_ (net)
                  0.19    0.00    7.81 ^ _23156_/A (sky130_fd_sc_hd__and3_1)
                  0.18    0.30    8.11 ^ _23156_/X (sky130_fd_sc_hd__and3_1)
     4    0.02                           _17631_ (net)
                  0.18    0.00    8.11 ^ _23167_/A (sky130_fd_sc_hd__and3_1)
                  0.17    0.29    8.39 ^ _23167_/X (sky130_fd_sc_hd__and3_1)
     4    0.02                           _17640_ (net)
                  0.17    0.00    8.39 ^ _23178_/A (sky130_fd_sc_hd__and3_1)
                  0.18    0.29    8.69 ^ _23178_/X (sky130_fd_sc_hd__and3_1)
     4    0.02                           _17649_ (net)
                  0.18    0.00    8.69 ^ _23189_/A (sky130_fd_sc_hd__and3_2)
                  0.13    0.30    8.98 ^ _23189_/X (sky130_fd_sc_hd__and3_2)
     4    0.02                           _17658_ (net)
                  0.13    0.00    8.98 ^ _23199_/A (sky130_fd_sc_hd__and3_1)
                  0.17    0.27    9.26 ^ _23199_/X (sky130_fd_sc_hd__and3_1)
     4    0.02                           _17666_ (net)
                  0.17    0.00    9.26 ^ _23201_/A (sky130_fd_sc_hd__nor2_1)
                  0.05    0.09    9.34 v _23201_/Y (sky130_fd_sc_hd__nor2_1)
     1    0.00                           _17668_ (net)
                  0.05    0.00    9.34 v _23202_/A1 (sky130_fd_sc_hd__mux2_1)
                  0.09    0.35    9.70 v _23202_/X (sky130_fd_sc_hd__mux2_1)
     1    0.01                           _17669_ (net)
                  0.09    0.00    9.70 v _23203_/A (sky130_fd_sc_hd__buf_12)
                  0.09    0.21    9.90 v _23203_/X (sky130_fd_sc_hd__buf_12)
    12    0.15                           net182 (net)
                  0.09    0.01    9.91 v output182/A (sky130_fd_sc_hd__buf_4)
                  0.08    0.22   10.13 v output182/X (sky130_fd_sc_hd__buf_4)
     1    0.05                           mem_la_addr[27] (net)
                  0.08    0.00   10.13 v mem_la_addr[27] (out)
                                 10.13   data arrival time

                         20.00   20.00   clock clk (rise edge)
                          0.00   20.00   clock network delay (propagated)
                         -0.25   19.75   clock uncertainty
                          0.00   19.75   clock reconvergence pessimism
                         -4.00   15.75   output external delay
                                 15.75   data required time
-----------------------------------------------------------------------------
                                 15.75   data required time
                                -10.13   data arrival time
-----------------------------------------------------------------------------
                                  5.62   slack (MET)


