
===========================================================================
report_checks -path_delay min (Hold)
============================================================================
Startpoint: _40607_ (rising edge-triggered flip-flop clocked by clk)
Endpoint: _40170_ (rising edge-triggered flip-flop clocked by clk)
Path Group: clk
Path Type: min

Fanout     Cap    Slew   Delay    Time   Description
-----------------------------------------------------------------------------
                          0.00    0.00   clock clk (rise edge)
                          0.00    0.00   clock source latency
                  0.47    0.32    0.32 ^ clk (in)
     2    0.10                           clk (net)
                  0.47    0.00    0.32 ^ clkbuf_0_clk/A (sky130_fd_sc_hd__clkbuf_16)
                  0.05    0.23    0.55 ^ clkbuf_0_clk/X (sky130_fd_sc_hd__clkbuf_16)
     2    0.02                           clknet_0_clk (net)
                  0.05    0.00    0.55 ^ clkbuf_1_0_0_clk/A (sky130_fd_sc_hd__clkbuf_2)
                  0.07    0.12    0.67 ^ clkbuf_1_0_0_clk/X (sky130_fd_sc_hd__clkbuf_2)
     1    0.01                           clknet_1_0_0_clk (net)
                  0.07    0.00    0.67 ^ clkbuf_1_0_1_clk/A (sky130_fd_sc_hd__clkbuf_2)
                  0.14    0.17    0.84 ^ clkbuf_1_0_1_clk/X (sky130_fd_sc_hd__clkbuf_2)
     2    0.02                           clknet_1_0_1_clk (net)
                  0.14    0.00    0.84 ^ clkbuf_2_0_0_clk/A (sky130_fd_sc_hd__clkbuf_2)
                  0.07    0.15    0.99 ^ clkbuf_2_0_0_clk/X (sky130_fd_sc_hd__clkbuf_2)
     1    0.01                           clknet_2_0_0_clk (net)
                  0.07    0.00    0.99 ^ clkbuf_2_0_1_clk/A (sky130_fd_sc_hd__clkbuf_2)
                  0.16    0.18    1.17 ^ clkbuf_2_0_1_clk/X (sky130_fd_sc_hd__clkbuf_2)
     2    0.03                           clknet_2_0_1_clk (net)
                  0.16    0.00    1.18 ^ clkbuf_3_1_0_clk/A (sky130_fd_sc_hd__clkbuf_2)
                  0.10    0.18    1.35 ^ clkbuf_3_1_0_clk/X (sky130_fd_sc_hd__clkbuf_2)
     2    0.02                           clknet_3_1_0_clk (net)
                  0.10    0.00    1.35 ^ clkbuf_4_2_0_clk/A (sky130_fd_sc_hd__clkbuf_2)
                  0.13    0.18    1.53 ^ clkbuf_4_2_0_clk/X (sky130_fd_sc_hd__clkbuf_2)
     2    0.02                           clknet_4_2_0_clk (net)
                  0.13    0.00    1.53 ^ clkbuf_5_4_0_clk/A (sky130_fd_sc_hd__clkbuf_2)
                  0.60    0.49    2.02 ^ clkbuf_5_4_0_clk/X (sky130_fd_sc_hd__clkbuf_2)
     9    0.11                           clknet_5_4_0_clk (net)
                  0.60    0.00    2.02 ^ clkbuf_leaf_273_clk/A (sky130_fd_sc_hd__clkbuf_16)
                  0.06    0.25    2.27 ^ clkbuf_leaf_273_clk/X (sky130_fd_sc_hd__clkbuf_16)
     5    0.02                           clknet_leaf_273_clk (net)
                  0.06    0.00    2.27 ^ _40607_/CLK (sky130_fd_sc_hd__dfxtp_2)
                  0.09    0.36    2.63 v _40607_/Q (sky130_fd_sc_hd__dfxtp_2)
     5    0.04                           mem_do_prefetch (net)
                  0.09    0.00    2.63 v _19680_/A (sky130_fd_sc_hd__nand2_2)
                  0.13    0.13    2.76 ^ _19680_/Y (sky130_fd_sc_hd__nand2_2)
     4    0.02                           _14347_ (net)
                  0.13    0.00    2.76 ^ _20048_/B2 (sky130_fd_sc_hd__a22o_1)
                  0.06    0.14    2.90 ^ _20048_/X (sky130_fd_sc_hd__a22o_1)
     1    0.00                           _14705_ (net)
                  0.06    0.00    2.90 ^ _20049_/A (sky130_fd_sc_hd__clkbuf_1)
                  0.05    0.09    2.99 ^ _20049_/X (sky130_fd_sc_hd__clkbuf_1)
     1    0.00                           _00075_ (net)
                  0.05    0.00    2.99 ^ _40170_/D (sky130_fd_sc_hd__dfxtp_4)
                                  2.99   data arrival time

                          0.00    0.00   clock clk (rise edge)
                          0.00    0.00   clock source latency
                  0.47    0.36    0.36 ^ clk (in)
     2    0.10                           clk (net)
                  0.47    0.00    0.36 ^ clkbuf_0_clk/A (sky130_fd_sc_hd__clkbuf_16)
                  0.05    0.25    0.61 ^ clkbuf_0_clk/X (sky130_fd_sc_hd__clkbuf_16)
     2    0.02                           clknet_0_clk (net)
                  0.05    0.00    0.61 ^ clkbuf_1_0_0_clk/A (sky130_fd_sc_hd__clkbuf_2)
                  0.07    0.13    0.74 ^ clkbuf_1_0_0_clk/X (sky130_fd_sc_hd__clkbuf_2)
     1    0.01                           clknet_1_0_0_clk (net)
                  0.07    0.00    0.74 ^ clkbuf_1_0_1_clk/A (sky130_fd_sc_hd__clkbuf_2)
                  0.14    0.19    0.93 ^ clkbuf_1_0_1_clk/X (sky130_fd_sc_hd__clkbuf_2)
     2    0.02                           clknet_1_0_1_clk (net)
                  0.14    0.00    0.93 ^ clkbuf_2_0_0_clk/A (sky130_fd_sc_hd__clkbuf_2)
                  0.07    0.17    1.09 ^ clkbuf_2_0_0_clk/X (sky130_fd_sc_hd__clkbuf_2)
     1    0.01                           clknet_2_0_0_clk (net)
                  0.07    0.00    1.09 ^ clkbuf_2_0_1_clk/A (sky130_fd_sc_hd__clkbuf_2)
                  0.16    0.20    1.30 ^ clkbuf_2_0_1_clk/X (sky130_fd_sc_hd__clkbuf_2)
     2    0.03                           clknet_2_0_1_clk (net)
                  0.16    0.00    1.30 ^ clkbuf_3_0_0_clk/A (sky130_fd_sc_hd__clkbuf_2)
                  0.11    0.19    1.49 ^ clkbuf_3_0_0_clk/X (sky130_fd_sc_hd__clkbuf_2)
     2    0.02                           clknet_3_0_0_clk (net)
                  0.11    0.00    1.50 ^ clkbuf_4_0_0_clk/A (sky130_fd_sc_hd__clkbuf_2)
                  0.15    0.21    1.70 ^ clkbuf_4_0_0_clk/X (sky130_fd_sc_hd__clkbuf_2)
     2    0.03                           clknet_4_0_0_clk (net)
                  0.15    0.00    1.71 ^ clkbuf_5_1_0_clk/A (sky130_fd_sc_hd__clkbuf_2)
                  0.88    0.75    2.46 ^ clkbuf_5_1_0_clk/X (sky130_fd_sc_hd__clkbuf_2)
    13    0.17                           clknet_5_1_0_clk (net)
                  0.88    0.01    2.46 ^ clkbuf_leaf_8_clk/A (sky130_fd_sc_hd__clkbuf_16)
                  0.07    0.32    2.78 ^ clkbuf_leaf_8_clk/X (sky130_fd_sc_hd__clkbuf_16)
     9    0.03                           clknet_leaf_8_clk (net)
                  0.07    0.00    2.78 ^ _40170_/CLK (sky130_fd_sc_hd__dfxtp_4)
                          0.25    3.03   clock uncertainty
                         -0.12    2.90   clock reconvergence pessimism
                         -0.03    2.87   library hold time
                                  2.87   data required time
-----------------------------------------------------------------------------
                                  2.87   data required time
                                 -2.99   data arrival time
-----------------------------------------------------------------------------
                                  0.12   slack (MET)


Startpoint: _40934_ (rising edge-triggered flip-flop clocked by clk)
Endpoint: _40792_ (rising edge-triggered flip-flop clocked by clk)
Path Group: clk
Path Type: min

Fanout     Cap    Slew   Delay    Time   Description
-----------------------------------------------------------------------------
                          0.00    0.00   clock clk (rise edge)
                          0.00    0.00   clock source latency
                  0.47    0.32    0.32 ^ clk (in)
     2    0.10                           clk (net)
                  0.47    0.00    0.32 ^ clkbuf_0_clk/A (sky130_fd_sc_hd__clkbuf_16)
                  0.05    0.23    0.55 ^ clkbuf_0_clk/X (sky130_fd_sc_hd__clkbuf_16)
     2    0.02                           clknet_0_clk (net)
                  0.05    0.00    0.55 ^ clkbuf_1_0_0_clk/A (sky130_fd_sc_hd__clkbuf_2)
                  0.07    0.12    0.67 ^ clkbuf_1_0_0_clk/X (sky130_fd_sc_hd__clkbuf_2)
     1    0.01                           clknet_1_0_0_clk (net)
                  0.07    0.00    0.67 ^ clkbuf_1_0_1_clk/A (sky130_fd_sc_hd__clkbuf_2)
                  0.14    0.17    0.84 ^ clkbuf_1_0_1_clk/X (sky130_fd_sc_hd__clkbuf_2)
     2    0.02                           clknet_1_0_1_clk (net)
                  0.14    0.00    0.84 ^ clkbuf_2_0_0_clk/A (sky130_fd_sc_hd__clkbuf_2)
                  0.07    0.15    0.99 ^ clkbuf_2_0_0_clk/X (sky130_fd_sc_hd__clkbuf_2)
     1    0.01                           clknet_2_0_0_clk (net)
                  0.07    0.00    0.99 ^ clkbuf_2_0_1_clk/A (sky130_fd_sc_hd__clkbuf_2)
                  0.16    0.18    1.17 ^ clkbuf_2_0_1_clk/X (sky130_fd_sc_hd__clkbuf_2)
     2    0.03                           clknet_2_0_1_clk (net)
                  0.16    0.00    1.18 ^ clkbuf_3_1_0_clk/A (sky130_fd_sc_hd__clkbuf_2)
                  0.10    0.18    1.35 ^ clkbuf_3_1_0_clk/X (sky130_fd_sc_hd__clkbuf_2)
     2    0.02                           clknet_3_1_0_clk (net)
                  0.10    0.00    1.35 ^ clkbuf_4_2_0_clk/A (sky130_fd_sc_hd__clkbuf_2)
                  0.13    0.18    1.53 ^ clkbuf_4_2_0_clk/X (sky130_fd_sc_hd__clkbuf_2)
     2    0.02                           clknet_4_2_0_clk (net)
                  0.13    0.00    1.53 ^ clkbuf_5_4_0_clk/A (sky130_fd_sc_hd__clkbuf_2)
                  0.60    0.49    2.02 ^ clkbuf_5_4_0_clk/X (sky130_fd_sc_hd__clkbuf_2)
     9    0.11                           clknet_5_4_0_clk (net)
                  0.60    0.00    2.02 ^ clkbuf_leaf_295_clk/A (sky130_fd_sc_hd__clkbuf_16)
                  0.07    0.27    2.29 ^ clkbuf_leaf_295_clk/X (sky130_fd_sc_hd__clkbuf_16)
    13    0.05                           clknet_leaf_295_clk (net)
                  0.07    0.00    2.29 ^ _40934_/CLK (sky130_fd_sc_hd__dfxtp_2)
                  0.20    0.42    2.71 ^ _40934_/Q (sky130_fd_sc_hd__dfxtp_2)
     6    0.04                           is_alu_reg_reg (net)
                  0.20    0.00    2.71 ^ _37425_/A2 (sky130_fd_sc_hd__a32o_1)
                  0.07    0.20    2.91 ^ _37425_/X (sky130_fd_sc_hd__a32o_1)
     1    0.00                           _12982_ (net)
                  0.07    0.00    2.91 ^ _37426_/A (sky130_fd_sc_hd__clkbuf_1)
                  0.05    0.09    3.00 ^ _37426_/X (sky130_fd_sc_hd__clkbuf_1)
     1    0.00                           _01477_ (net)
                  0.05    0.00    3.00 ^ _40792_/D (sky130_fd_sc_hd__dfxtp_2)
                                  3.00   data arrival time

                          0.00    0.00   clock clk (rise edge)
                          0.00    0.00   clock source latency
                  0.47    0.36    0.36 ^ clk (in)
     2    0.10                           clk (net)
                  0.47    0.00    0.36 ^ clkbuf_0_clk/A (sky130_fd_sc_hd__clkbuf_16)
                  0.05    0.25    0.61 ^ clkbuf_0_clk/X (sky130_fd_sc_hd__clkbuf_16)
     2    0.02                           clknet_0_clk (net)
                  0.05    0.00    0.61 ^ clkbuf_1_0_0_clk/A (sky130_fd_sc_hd__clkbuf_2)
                  0.07    0.13    0.74 ^ clkbuf_1_0_0_clk/X (sky130_fd_sc_hd__clkbuf_2)
     1    0.01                           clknet_1_0_0_clk (net)
                  0.07    0.00    0.74 ^ clkbuf_1_0_1_clk/A (sky130_fd_sc_hd__clkbuf_2)
                  0.14    0.19    0.93 ^ clkbuf_1_0_1_clk/X (sky130_fd_sc_hd__clkbuf_2)
     2    0.02                           clknet_1_0_1_clk (net)
                  0.14    0.00    0.93 ^ clkbuf_2_0_0_clk/A (sky130_fd_sc_hd__clkbuf_2)
                  0.07    0.17    1.09 ^ clkbuf_2_0_0_clk/X (sky130_fd_sc_hd__clkbuf_2)
     1    0.01                           clknet_2_0_0_clk (net)
                  0.07    0.00    1.09 ^ clkbuf_2_0_1_clk/A (sky130_fd_sc_hd__clkbuf_2)
                  0.16    0.20    1.30 ^ clkbuf_2_0_1_clk/X (sky130_fd_sc_hd__clkbuf_2)
     2    0.03                           clknet_2_0_1_clk (net)
                  0.16    0.00    1.30 ^ clkbuf_3_0_0_clk/A (sky130_fd_sc_hd__clkbuf_2)
                  0.11    0.19    1.49 ^ clkbuf_3_0_0_clk/X (sky130_fd_sc_hd__clkbuf_2)
     2    0.02                           clknet_3_0_0_clk (net)
                  0.11    0.00    1.50 ^ clkbuf_4_0_0_clk/A (sky130_fd_sc_hd__clkbuf_2)
                  0.15    0.21    1.70 ^ clkbuf_4_0_0_clk/X (sky130_fd_sc_hd__clkbuf_2)
     2    0.03                           clknet_4_0_0_clk (net)
                  0.15    0.00    1.71 ^ clkbuf_5_1_0_clk/A (sky130_fd_sc_hd__clkbuf_2)
                  0.88    0.75    2.46 ^ clkbuf_5_1_0_clk/X (sky130_fd_sc_hd__clkbuf_2)
    13    0.17                           clknet_5_1_0_clk (net)
                  0.88    0.00    2.46 ^ clkbuf_leaf_301_clk/A (sky130_fd_sc_hd__clkbuf_16)
                  0.07    0.31    2.77 ^ clkbuf_leaf_301_clk/X (sky130_fd_sc_hd__clkbuf_16)
     8    0.03                           clknet_leaf_301_clk (net)
                  0.07    0.00    2.77 ^ _40792_/CLK (sky130_fd_sc_hd__dfxtp_2)
                          0.25    3.02   clock uncertainty
                         -0.12    2.90   clock reconvergence pessimism
                         -0.03    2.87   library hold time
                                  2.87   data required time
-----------------------------------------------------------------------------
                                  2.87   data required time
                                 -3.00   data arrival time
-----------------------------------------------------------------------------
                                  0.13   slack (MET)


Startpoint: _41001_ (rising edge-triggered flip-flop clocked by clk)
Endpoint: _40714_ (rising edge-triggered flip-flop clocked by clk)
Path Group: clk
Path Type: min

Fanout     Cap    Slew   Delay    Time   Description
-----------------------------------------------------------------------------
                          0.00    0.00   clock clk (rise edge)
                          0.00    0.00   clock source latency
                  0.47    0.32    0.32 ^ clk (in)
     2    0.10                           clk (net)
                  0.47    0.00    0.32 ^ clkbuf_0_clk/A (sky130_fd_sc_hd__clkbuf_16)
                  0.05    0.23    0.55 ^ clkbuf_0_clk/X (sky130_fd_sc_hd__clkbuf_16)
     2    0.02                           clknet_0_clk (net)
                  0.05    0.00    0.55 ^ clkbuf_1_0_0_clk/A (sky130_fd_sc_hd__clkbuf_2)
                  0.07    0.12    0.67 ^ clkbuf_1_0_0_clk/X (sky130_fd_sc_hd__clkbuf_2)
     1    0.01                           clknet_1_0_0_clk (net)
                  0.07    0.00    0.67 ^ clkbuf_1_0_1_clk/A (sky130_fd_sc_hd__clkbuf_2)
                  0.14    0.17    0.84 ^ clkbuf_1_0_1_clk/X (sky130_fd_sc_hd__clkbuf_2)
     2    0.02                           clknet_1_0_1_clk (net)
                  0.14    0.00    0.84 ^ clkbuf_2_1_0_clk/A (sky130_fd_sc_hd__clkbuf_2)
                  0.07    0.14    0.98 ^ clkbuf_2_1_0_clk/X (sky130_fd_sc_hd__clkbuf_2)
     1    0.01                           clknet_2_1_0_clk (net)
                  0.07    0.00    0.99 ^ clkbuf_2_1_1_clk/A (sky130_fd_sc_hd__clkbuf_2)
                  0.21    0.21    1.20 ^ clkbuf_2_1_1_clk/X (sky130_fd_sc_hd__clkbuf_2)
     2    0.04                           clknet_2_1_1_clk (net)
                  0.21    0.00    1.20 ^ clkbuf_3_2_0_clk/A (sky130_fd_sc_hd__clkbuf_2)
                  0.13    0.21    1.41 ^ clkbuf_3_2_0_clk/X (sky130_fd_sc_hd__clkbuf_2)
     2    0.02                           clknet_3_2_0_clk (net)
                  0.13    0.00    1.41 ^ clkbuf_4_4_0_clk/A (sky130_fd_sc_hd__clkbuf_2)
                  0.13    0.18    1.59 ^ clkbuf_4_4_0_clk/X (sky130_fd_sc_hd__clkbuf_2)
     2    0.02                           clknet_4_4_0_clk (net)
                  0.13    0.00    1.59 ^ clkbuf_5_9_0_clk/A (sky130_fd_sc_hd__clkbuf_2)
                  0.64    0.52    2.11 ^ clkbuf_5_9_0_clk/X (sky130_fd_sc_hd__clkbuf_2)
     9    0.12                           clknet_5_9_0_clk (net)
                  0.64    0.00    2.11 ^ clkbuf_leaf_71_clk/A (sky130_fd_sc_hd__clkbuf_16)
                  0.05    0.25    2.36 ^ clkbuf_leaf_71_clk/X (sky130_fd_sc_hd__clkbuf_16)
     3    0.01                           clknet_leaf_71_clk (net)
                  0.05    0.00    2.36 ^ _41001_/CLK (sky130_fd_sc_hd__dfxtp_1)
                  0.07    0.31    2.67 ^ _41001_/Q (sky130_fd_sc_hd__dfxtp_1)
     1    0.01                           alu_add_sub[24] (net)
                  0.07    0.00    2.67 ^ _22941_/A (sky130_fd_sc_hd__and2_1)
                  0.05    0.12    2.79 ^ _22941_/X (sky130_fd_sc_hd__and2_1)
     1    0.00                           _17468_ (net)
                  0.05    0.00    2.79 ^ _22942_/B1 (sky130_fd_sc_hd__a21o_1)
                  0.05    0.08    2.88 ^ _22942_/X (sky130_fd_sc_hd__a21o_1)
     1    0.00                           _17469_ (net)
                  0.05    0.00    2.88 ^ _22943_/A (sky130_fd_sc_hd__clkbuf_1)
                  0.07    0.10    2.97 ^ _22943_/X (sky130_fd_sc_hd__clkbuf_1)
     1    0.01                           alu_out[24] (net)
                  0.07    0.00    2.97 ^ _40714_/D (sky130_fd_sc_hd__dfxtp_2)
                                  2.97   data arrival time

                          0.00    0.00   clock clk (rise edge)
                          0.00    0.00   clock source latency
                  0.47    0.36    0.36 ^ clk (in)
     2    0.10                           clk (net)
                  0.47    0.00    0.36 ^ clkbuf_0_clk/A (sky130_fd_sc_hd__clkbuf_16)
                  0.05    0.25    0.61 ^ clkbuf_0_clk/X (sky130_fd_sc_hd__clkbuf_16)
     2    0.02                           clknet_0_clk (net)
                  0.05    0.00    0.61 ^ clkbuf_1_0_0_clk/A (sky130_fd_sc_hd__clkbuf_2)
                  0.07    0.13    0.74 ^ clkbuf_1_0_0_clk/X (sky130_fd_sc_hd__clkbuf_2)
     1    0.01                           clknet_1_0_0_clk (net)
                  0.07    0.00    0.74 ^ clkbuf_1_0_1_clk/A (sky130_fd_sc_hd__clkbuf_2)
                  0.14    0.19    0.93 ^ clkbuf_1_0_1_clk/X (sky130_fd_sc_hd__clkbuf_2)
     2    0.02                           clknet_1_0_1_clk (net)
                  0.14    0.00    0.93 ^ clkbuf_2_1_0_clk/A (sky130_fd_sc_hd__clkbuf_2)
                  0.07    0.16    1.09 ^ clkbuf_2_1_0_clk/X (sky130_fd_sc_hd__clkbuf_2)
     1    0.01                           clknet_2_1_0_clk (net)
                  0.07    0.00    1.09 ^ clkbuf_2_1_1_clk/A (sky130_fd_sc_hd__clkbuf_2)
                  0.21    0.24    1.32 ^ clkbuf_2_1_1_clk/X (sky130_fd_sc_hd__clkbuf_2)
     2    0.04                           clknet_2_1_1_clk (net)
                  0.21    0.00    1.33 ^ clkbuf_3_2_0_clk/A (sky130_fd_sc_hd__clkbuf_2)
                  0.13    0.23    1.56 ^ clkbuf_3_2_0_clk/X (sky130_fd_sc_hd__clkbuf_2)
     2    0.02                           clknet_3_2_0_clk (net)
                  0.13    0.00    1.56 ^ clkbuf_4_4_0_clk/A (sky130_fd_sc_hd__clkbuf_2)
                  0.13    0.20    1.76 ^ clkbuf_4_4_0_clk/X (sky130_fd_sc_hd__clkbuf_2)
     2    0.02                           clknet_4_4_0_clk (net)
                  0.13    0.00    1.76 ^ clkbuf_5_8_0_clk/A (sky130_fd_sc_hd__clkbuf_2)
                  0.87    0.73    2.49 ^ clkbuf_5_8_0_clk/X (sky130_fd_sc_hd__clkbuf_2)
    13    0.16                           clknet_5_8_0_clk (net)
                  0.87    0.01    2.50 ^ clkbuf_leaf_26_clk/A (sky130_fd_sc_hd__clkbuf_16)
                  0.06    0.29    2.79 ^ clkbuf_leaf_26_clk/X (sky130_fd_sc_hd__clkbuf_16)
     3    0.01                           clknet_leaf_26_clk (net)
                  0.06    0.00    2.79 ^ _40714_/CLK (sky130_fd_sc_hd__dfxtp_2)
                          0.25    3.04   clock uncertainty
                         -0.17    2.88   clock reconvergence pessimism
                         -0.03    2.84   library hold time
                                  2.84   data required time
-----------------------------------------------------------------------------
                                  2.84   data required time
                                 -2.97   data arrival time
-----------------------------------------------------------------------------
                                  0.13   slack (MET)


Startpoint: _40894_ (rising edge-triggered flip-flop clocked by clk)
Endpoint: _40726_ (rising edge-triggered flip-flop clocked by clk)
Path Group: clk
Path Type: min

Fanout     Cap    Slew   Delay    Time   Description
-----------------------------------------------------------------------------
                          0.00    0.00   clock clk (rise edge)
                          0.00    0.00   clock source latency
                  0.47    0.32    0.32 ^ clk (in)
     2    0.10                           clk (net)
                  0.47    0.00    0.32 ^ clkbuf_0_clk/A (sky130_fd_sc_hd__clkbuf_16)
                  0.05    0.23    0.55 ^ clkbuf_0_clk/X (sky130_fd_sc_hd__clkbuf_16)
     2    0.02                           clknet_0_clk (net)
                  0.05    0.00    0.55 ^ clkbuf_1_0_0_clk/A (sky130_fd_sc_hd__clkbuf_2)
                  0.07    0.12    0.67 ^ clkbuf_1_0_0_clk/X (sky130_fd_sc_hd__clkbuf_2)
     1    0.01                           clknet_1_0_0_clk (net)
                  0.07    0.00    0.67 ^ clkbuf_1_0_1_clk/A (sky130_fd_sc_hd__clkbuf_2)
                  0.14    0.17    0.84 ^ clkbuf_1_0_1_clk/X (sky130_fd_sc_hd__clkbuf_2)
     2    0.02                           clknet_1_0_1_clk (net)
                  0.14    0.00    0.84 ^ clkbuf_2_0_0_clk/A (sky130_fd_sc_hd__clkbuf_2)
                  0.07    0.15    0.99 ^ clkbuf_2_0_0_clk/X (sky130_fd_sc_hd__clkbuf_2)
     1    0.01                           clknet_2_0_0_clk (net)
                  0.07    0.00    0.99 ^ clkbuf_2_0_1_clk/A (sky130_fd_sc_hd__clkbuf_2)
                  0.16    0.18    1.17 ^ clkbuf_2_0_1_clk/X (sky130_fd_sc_hd__clkbuf_2)
     2    0.03                           clknet_2_0_1_clk (net)
                  0.16    0.00    1.18 ^ clkbuf_3_1_0_clk/A (sky130_fd_sc_hd__clkbuf_2)
                  0.10    0.18    1.35 ^ clkbuf_3_1_0_clk/X (sky130_fd_sc_hd__clkbuf_2)
     2    0.02                           clknet_3_1_0_clk (net)
                  0.10    0.00    1.35 ^ clkbuf_4_2_0_clk/A (sky130_fd_sc_hd__clkbuf_2)
                  0.13    0.18    1.53 ^ clkbuf_4_2_0_clk/X (sky130_fd_sc_hd__clkbuf_2)
     2    0.02                           clknet_4_2_0_clk (net)
                  0.13    0.00    1.53 ^ clkbuf_5_4_0_clk/A (sky130_fd_sc_hd__clkbuf_2)
                  0.60    0.49    2.02 ^ clkbuf_5_4_0_clk/X (sky130_fd_sc_hd__clkbuf_2)
     9    0.11                           clknet_5_4_0_clk (net)
                  0.60    0.00    2.02 ^ clkbuf_leaf_274_clk/A (sky130_fd_sc_hd__clkbuf_16)
                  0.06    0.25    2.28 ^ clkbuf_leaf_274_clk/X (sky130_fd_sc_hd__clkbuf_16)
     8    0.03                           clknet_leaf_274_clk (net)
                  0.06    0.00    2.28 ^ _40894_/CLK (sky130_fd_sc_hd__dfxtp_1)
                  0.08    0.32    2.60 ^ _40894_/Q (sky130_fd_sc_hd__dfxtp_1)
     2    0.01                           is_slli_srli_srai (net)
                  0.08    0.00    2.60 ^ _20023_/A (sky130_fd_sc_hd__or3_2)
                  0.11    0.17    2.77 ^ _20023_/X (sky130_fd_sc_hd__or3_2)
     3    0.02                           _14683_ (net)
                  0.11    0.00    2.77 ^ _20024_/C (sky130_fd_sc_hd__nor3_4)
                  0.05    0.07    2.84 v _20024_/Y (sky130_fd_sc_hd__nor3_4)
     2    0.03                           _14684_ (net)
                  0.05    0.00    2.84 v _37224_/C (sky130_fd_sc_hd__and3_1)
                  0.04    0.18    3.02 v _37224_/X (sky130_fd_sc_hd__and3_1)
     1    0.00                           _12847_ (net)
                  0.04    0.00    3.02 v _37225_/A (sky130_fd_sc_hd__clkbuf_1)
                  0.03    0.09    3.11 v _37225_/X (sky130_fd_sc_hd__clkbuf_1)
     1    0.00                           _01411_ (net)
                  0.03    0.00    3.11 v _40726_/D (sky130_fd_sc_hd__dfxtp_2)
                                  3.11   data arrival time

                          0.00    0.00   clock clk (rise edge)
                          0.00    0.00   clock source latency
                  0.47    0.36    0.36 ^ clk (in)
     2    0.10                           clk (net)
                  0.47    0.00    0.36 ^ clkbuf_0_clk/A (sky130_fd_sc_hd__clkbuf_16)
                  0.05    0.25    0.61 ^ clkbuf_0_clk/X (sky130_fd_sc_hd__clkbuf_16)
     2    0.02                           clknet_0_clk (net)
                  0.05    0.00    0.61 ^ clkbuf_1_0_0_clk/A (sky130_fd_sc_hd__clkbuf_2)
                  0.07    0.13    0.74 ^ clkbuf_1_0_0_clk/X (sky130_fd_sc_hd__clkbuf_2)
     1    0.01                           clknet_1_0_0_clk (net)
                  0.07    0.00    0.74 ^ clkbuf_1_0_1_clk/A (sky130_fd_sc_hd__clkbuf_2)
                  0.14    0.19    0.93 ^ clkbuf_1_0_1_clk/X (sky130_fd_sc_hd__clkbuf_2)
     2    0.02                           clknet_1_0_1_clk (net)
                  0.14    0.00    0.93 ^ clkbuf_2_0_0_clk/A (sky130_fd_sc_hd__clkbuf_2)
                  0.07    0.17    1.09 ^ clkbuf_2_0_0_clk/X (sky130_fd_sc_hd__clkbuf_2)
     1    0.01                           clknet_2_0_0_clk (net)
                  0.07    0.00    1.09 ^ clkbuf_2_0_1_clk/A (sky130_fd_sc_hd__clkbuf_2)
                  0.16    0.20    1.30 ^ clkbuf_2_0_1_clk/X (sky130_fd_sc_hd__clkbuf_2)
     2    0.03                           clknet_2_0_1_clk (net)
                  0.16    0.00    1.30 ^ clkbuf_3_0_0_clk/A (sky130_fd_sc_hd__clkbuf_2)
                  0.11    0.19    1.49 ^ clkbuf_3_0_0_clk/X (sky130_fd_sc_hd__clkbuf_2)
     2    0.02                           clknet_3_0_0_clk (net)
                  0.11    0.00    1.50 ^ clkbuf_4_0_0_clk/A (sky130_fd_sc_hd__clkbuf_2)
                  0.15    0.21    1.70 ^ clkbuf_4_0_0_clk/X (sky130_fd_sc_hd__clkbuf_2)
     2    0.03                           clknet_4_0_0_clk (net)
                  0.15    0.00    1.71 ^ clkbuf_5_0_0_clk/A (sky130_fd_sc_hd__clkbuf_2)
                  1.01    0.84    2.55 ^ clkbuf_5_0_0_clk/X (sky130_fd_sc_hd__clkbuf_2)
    15    0.19                           clknet_5_0_0_clk (net)
                  1.01    0.01    2.55 ^ clkbuf_leaf_6_clk/A (sky130_fd_sc_hd__clkbuf_16)
                  0.07    0.32    2.87 ^ clkbuf_leaf_6_clk/X (sky130_fd_sc_hd__clkbuf_16)
     8    0.03                           clknet_leaf_6_clk (net)
                  0.07    0.00    2.88 ^ _40726_/CLK (sky130_fd_sc_hd__dfxtp_2)
                          0.25    3.13   clock uncertainty
                         -0.12    3.00   clock reconvergence pessimism
                         -0.04    2.97   library hold time
                                  2.97   data required time
-----------------------------------------------------------------------------
                                  2.97   data required time
                                 -3.11   data arrival time
-----------------------------------------------------------------------------
                                  0.14   slack (MET)


Startpoint: _40934_ (rising edge-triggered flip-flop clocked by clk)
Endpoint: _40785_ (rising edge-triggered flip-flop clocked by clk)
Path Group: clk
Path Type: min

Fanout     Cap    Slew   Delay    Time   Description
-----------------------------------------------------------------------------
                          0.00    0.00   clock clk (rise edge)
                          0.00    0.00   clock source latency
                  0.47    0.32    0.32 ^ clk (in)
     2    0.10                           clk (net)
                  0.47    0.00    0.32 ^ clkbuf_0_clk/A (sky130_fd_sc_hd__clkbuf_16)
                  0.05    0.23    0.55 ^ clkbuf_0_clk/X (sky130_fd_sc_hd__clkbuf_16)
     2    0.02                           clknet_0_clk (net)
                  0.05    0.00    0.55 ^ clkbuf_1_0_0_clk/A (sky130_fd_sc_hd__clkbuf_2)
                  0.07    0.12    0.67 ^ clkbuf_1_0_0_clk/X (sky130_fd_sc_hd__clkbuf_2)
     1    0.01                           clknet_1_0_0_clk (net)
                  0.07    0.00    0.67 ^ clkbuf_1_0_1_clk/A (sky130_fd_sc_hd__clkbuf_2)
                  0.14    0.17    0.84 ^ clkbuf_1_0_1_clk/X (sky130_fd_sc_hd__clkbuf_2)
     2    0.02                           clknet_1_0_1_clk (net)
                  0.14    0.00    0.84 ^ clkbuf_2_0_0_clk/A (sky130_fd_sc_hd__clkbuf_2)
                  0.07    0.15    0.99 ^ clkbuf_2_0_0_clk/X (sky130_fd_sc_hd__clkbuf_2)
     1    0.01                           clknet_2_0_0_clk (net)
                  0.07    0.00    0.99 ^ clkbuf_2_0_1_clk/A (sky130_fd_sc_hd__clkbuf_2)
                  0.16    0.18    1.17 ^ clkbuf_2_0_1_clk/X (sky130_fd_sc_hd__clkbuf_2)
     2    0.03                           clknet_2_0_1_clk (net)
                  0.16    0.00    1.18 ^ clkbuf_3_1_0_clk/A (sky130_fd_sc_hd__clkbuf_2)
                  0.10    0.18    1.35 ^ clkbuf_3_1_0_clk/X (sky130_fd_sc_hd__clkbuf_2)
     2    0.02                           clknet_3_1_0_clk (net)
                  0.10    0.00    1.35 ^ clkbuf_4_2_0_clk/A (sky130_fd_sc_hd__clkbuf_2)
                  0.13    0.18    1.53 ^ clkbuf_4_2_0_clk/X (sky130_fd_sc_hd__clkbuf_2)
     2    0.02                           clknet_4_2_0_clk (net)
                  0.13    0.00    1.53 ^ clkbuf_5_4_0_clk/A (sky130_fd_sc_hd__clkbuf_2)
                  0.60    0.49    2.02 ^ clkbuf_5_4_0_clk/X (sky130_fd_sc_hd__clkbuf_2)
     9    0.11                           clknet_5_4_0_clk (net)
                  0.60    0.00    2.02 ^ clkbuf_leaf_295_clk/A (sky130_fd_sc_hd__clkbuf_16)
                  0.07    0.27    2.29 ^ clkbuf_leaf_295_clk/X (sky130_fd_sc_hd__clkbuf_16)
    13    0.05                           clknet_leaf_295_clk (net)
                  0.07    0.00    2.29 ^ _40934_/CLK (sky130_fd_sc_hd__dfxtp_2)
                  0.20    0.42    2.71 ^ _40934_/Q (sky130_fd_sc_hd__dfxtp_2)
     6    0.04                           is_alu_reg_reg (net)
                  0.20    0.00    2.71 ^ _37404_/A (sky130_fd_sc_hd__and2_1)
                  0.10    0.19    2.90 ^ _37404_/X (sky130_fd_sc_hd__and2_1)
     2    0.01                           _12968_ (net)
                  0.10    0.00    2.90 ^ _37405_/A3 (sky130_fd_sc_hd__a32o_1)
                  0.06    0.17    3.07 ^ _37405_/X (sky130_fd_sc_hd__a32o_1)
     1    0.00                           _12969_ (net)
                  0.06    0.00    3.07 ^ _37406_/A (sky130_fd_sc_hd__clkbuf_1)
                  0.04    0.08    3.14 ^ _37406_/X (sky130_fd_sc_hd__clkbuf_1)
     1    0.00                           _01470_ (net)
                  0.04    0.00    3.14 ^ _40785_/D (sky130_fd_sc_hd__dfxtp_1)
                                  3.14   data arrival time

                          0.00    0.00   clock clk (rise edge)
                          0.00    0.00   clock source latency
                  0.47    0.36    0.36 ^ clk (in)
     2    0.10                           clk (net)
                  0.47    0.00    0.36 ^ clkbuf_0_clk/A (sky130_fd_sc_hd__clkbuf_16)
                  0.05    0.25    0.61 ^ clkbuf_0_clk/X (sky130_fd_sc_hd__clkbuf_16)
     2    0.02                           clknet_0_clk (net)
                  0.05    0.00    0.61 ^ clkbuf_1_0_0_clk/A (sky130_fd_sc_hd__clkbuf_2)
                  0.07    0.13    0.74 ^ clkbuf_1_0_0_clk/X (sky130_fd_sc_hd__clkbuf_2)
     1    0.01                           clknet_1_0_0_clk (net)
                  0.07    0.00    0.74 ^ clkbuf_1_0_1_clk/A (sky130_fd_sc_hd__clkbuf_2)
                  0.14    0.19    0.93 ^ clkbuf_1_0_1_clk/X (sky130_fd_sc_hd__clkbuf_2)
     2    0.02                           clknet_1_0_1_clk (net)
                  0.14    0.00    0.93 ^ clkbuf_2_0_0_clk/A (sky130_fd_sc_hd__clkbuf_2)
                  0.07    0.17    1.09 ^ clkbuf_2_0_0_clk/X (sky130_fd_sc_hd__clkbuf_2)
     1    0.01                           clknet_2_0_0_clk (net)
                  0.07    0.00    1.09 ^ clkbuf_2_0_1_clk/A (sky130_fd_sc_hd__clkbuf_2)
                  0.16    0.20    1.30 ^ clkbuf_2_0_1_clk/X (sky130_fd_sc_hd__clkbuf_2)
     2    0.03                           clknet_2_0_1_clk (net)
                  0.16    0.00    1.30 ^ clkbuf_3_0_0_clk/A (sky130_fd_sc_hd__clkbuf_2)
                  0.11    0.19    1.49 ^ clkbuf_3_0_0_clk/X (sky130_fd_sc_hd__clkbuf_2)
     2    0.02                           clknet_3_0_0_clk (net)
                  0.11    0.00    1.50 ^ clkbuf_4_0_0_clk/A (sky130_fd_sc_hd__clkbuf_2)
                  0.15    0.21    1.70 ^ clkbuf_4_0_0_clk/X (sky130_fd_sc_hd__clkbuf_2)
     2    0.03                           clknet_4_0_0_clk (net)
                  0.15    0.00    1.71 ^ clkbuf_5_0_0_clk/A (sky130_fd_sc_hd__clkbuf_2)
                  1.01    0.84    2.55 ^ clkbuf_5_0_0_clk/X (sky130_fd_sc_hd__clkbuf_2)
    15    0.19                           clknet_5_0_0_clk (net)
                  1.01    0.01    2.55 ^ clkbuf_leaf_5_clk/A (sky130_fd_sc_hd__clkbuf_16)
                  0.09    0.34    2.89 ^ clkbuf_leaf_5_clk/X (sky130_fd_sc_hd__clkbuf_16)
    14    0.05                           clknet_leaf_5_clk (net)
                  0.09    0.00    2.89 ^ _40785_/CLK (sky130_fd_sc_hd__dfxtp_1)
                          0.25    3.14   clock uncertainty
                         -0.12    3.02   clock reconvergence pessimism
                         -0.02    3.00   library hold time
                                  3.00   data required time
-----------------------------------------------------------------------------
                                  3.00   data required time
                                 -3.14   data arrival time
-----------------------------------------------------------------------------
                                  0.15   slack (MET)


