
===========================================================================
 report_clock_skew
============================================================================

======================== Slowest Corner ==================================

Clock clk
Latency      CRPR       Skew
_40714_/CLK ^
   5.62
_39516_/CLK ^
   3.99     -0.13       1.50


======================= Typical Corner ===================================

Clock clk
Latency      CRPR       Skew
_41366_/CLK ^
   3.16
_40646_/CLK ^
   2.26     -0.11       0.79


======================= Fastest Corner ===================================

Clock clk
Latency      CRPR       Skew
_41366_/CLK ^
   2.13
_40646_/CLK ^
   1.55     -0.07       0.50

