
===========================================================================
report_checks -unconstrained
============================================================================

======================= Slowest Corner ===================================

Startpoint: _40527_ (rising edge-triggered flip-flop clocked by clk)
Endpoint: _40343_ (rising edge-triggered flip-flop clocked by clk)
Path Group: clk
Path Type: max
Corner: ss

Fanout     Cap    Slew   Delay    Time   Description
-----------------------------------------------------------------------------
                          0.00    0.00   clock clk (rise edge)
                          0.00    0.00   clock source latency
                  0.99    0.75    0.75 ^ clk (in)
     2    0.14                           clk (net)
                  1.00    0.00    0.75 ^ clkbuf_0_clk/A (sky130_fd_sc_hd__clkbuf_16)
                  0.10    0.60    1.34 ^ clkbuf_0_clk/X (sky130_fd_sc_hd__clkbuf_16)
     2    0.03                           clknet_0_clk (net)
                  0.10    0.00    1.35 ^ clkbuf_1_0_0_clk/A (sky130_fd_sc_hd__clkbuf_2)
                  0.13    0.26    1.60 ^ clkbuf_1_0_0_clk/X (sky130_fd_sc_hd__clkbuf_2)
     1    0.01                           clknet_1_0_0_clk (net)
                  0.13    0.00    1.60 ^ clkbuf_1_0_1_clk/A (sky130_fd_sc_hd__clkbuf_2)
                  0.29    0.39    2.00 ^ clkbuf_1_0_1_clk/X (sky130_fd_sc_hd__clkbuf_2)
     2    0.03                           clknet_1_0_1_clk (net)
                  0.29    0.00    2.00 ^ clkbuf_2_1_0_clk/A (sky130_fd_sc_hd__clkbuf_2)
                  0.12    0.34    2.34 ^ clkbuf_2_1_0_clk/X (sky130_fd_sc_hd__clkbuf_2)
     1    0.01                           clknet_2_1_0_clk (net)
                  0.12    0.00    2.34 ^ clkbuf_2_1_1_clk/A (sky130_fd_sc_hd__clkbuf_2)
                  0.41    0.48    2.82 ^ clkbuf_2_1_1_clk/X (sky130_fd_sc_hd__clkbuf_2)
     2    0.05                           clknet_2_1_1_clk (net)
                  0.41    0.01    2.82 ^ clkbuf_3_3_0_clk/A (sky130_fd_sc_hd__clkbuf_2)
                  0.23    0.47    3.29 ^ clkbuf_3_3_0_clk/X (sky130_fd_sc_hd__clkbuf_2)
     2    0.03                           clknet_3_3_0_clk (net)
                  0.23    0.00    3.29 ^ clkbuf_4_6_0_clk/A (sky130_fd_sc_hd__clkbuf_2)
                  0.27    0.42    3.72 ^ clkbuf_4_6_0_clk/X (sky130_fd_sc_hd__clkbuf_2)
     2    0.03                           clknet_4_6_0_clk (net)
                  0.27    0.00    3.72 ^ clkbuf_5_13_0_clk/A (sky130_fd_sc_hd__clkbuf_2)
                  0.99    0.97    4.69 ^ clkbuf_5_13_0_clk/X (sky130_fd_sc_hd__clkbuf_2)
     9    0.12                           clknet_5_13_0_clk (net)
                  0.99    0.01    4.69 ^ clkbuf_leaf_98_clk/A (sky130_fd_sc_hd__clkbuf_16)
                  0.10    0.59    5.29 ^ clkbuf_leaf_98_clk/X (sky130_fd_sc_hd__clkbuf_16)
     9    0.03                           clknet_leaf_98_clk (net)
                  0.10    0.00    5.29 ^ _40527_/CLK (sky130_fd_sc_hd__dfxtp_1)
                  0.36    0.90    6.19 ^ _40527_/Q (sky130_fd_sc_hd__dfxtp_1)
     4    0.02                           irq_mask[16] (net)
                  0.36    0.00    6.19 ^ _19789_/A_N (sky130_fd_sc_hd__and2b_2)
                  0.24    0.77    6.96 v _19789_/X (sky130_fd_sc_hd__and2b_2)
     3    0.05                           _14453_ (net)
                  0.24    0.00    6.96 v _19792_/B (sky130_fd_sc_hd__or4_1)
                  0.31    1.50    8.46 v _19792_/X (sky130_fd_sc_hd__or4_1)
     1    0.01                           _14456_ (net)
                  0.31    0.00    8.46 v _19803_/B (sky130_fd_sc_hd__or4_1)
                  0.17    1.30    9.76 v _19803_/X (sky130_fd_sc_hd__or4_1)
     1    0.00                           _14467_ (net)
                  0.17    0.00    9.76 v _19825_/A (sky130_fd_sc_hd__or2_2)
                  0.24    0.93   10.69 v _19825_/X (sky130_fd_sc_hd__or2_2)
     1    0.03                           _14489_ (net)
                  0.24    0.00   10.69 v _19827_/A2 (sky130_fd_sc_hd__a31o_1)
                  0.19    0.60   11.29 v _19827_/X (sky130_fd_sc_hd__a31o_1)
     4    0.02                           _14491_ (net)
                  0.19    0.00   11.29 v _34845_/C (sky130_fd_sc_hd__or4b_4)
                  0.31    1.30   12.59 v _34845_/X (sky130_fd_sc_hd__or4b_4)
     4    0.06                           _10812_ (net)
                  0.31    0.01   12.60 v _34862_/D (sky130_fd_sc_hd__nor4_4)
                  0.68    0.64   13.24 ^ _34862_/Y (sky130_fd_sc_hd__nor4_4)
     4    0.02                           _10826_ (net)
                  0.68    0.00   13.24 ^ _34868_/C (sky130_fd_sc_hd__and3_1)
                  0.25    0.66   13.90 ^ _34868_/X (sky130_fd_sc_hd__and3_1)
     5    0.01                           _10830_ (net)
                  0.25    0.00   13.90 ^ _34877_/D (sky130_fd_sc_hd__and4_1)
                  0.34    0.70   14.60 ^ _34877_/X (sky130_fd_sc_hd__and4_1)
     5    0.02                           _10836_ (net)
                  0.34    0.00   14.60 ^ _34887_/D (sky130_fd_sc_hd__and4_1)
                  0.28    0.68   15.28 ^ _34887_/X (sky130_fd_sc_hd__and4_1)
     5    0.02                           _10843_ (net)
                  0.28    0.00   15.28 ^ _34896_/D (sky130_fd_sc_hd__and4_1)
                  0.10    0.47   15.76 ^ _34896_/X (sky130_fd_sc_hd__and4_1)
     1    0.00                           _10849_ (net)
                  0.10    0.00   15.76 ^ _34897_/A (sky130_fd_sc_hd__dlymetal6s2s_1)
                  0.31    0.36   16.12 ^ _34897_/X (sky130_fd_sc_hd__dlymetal6s2s_1)
     6    0.02                           _10850_ (net)
                  0.31    0.00   16.12 ^ _34909_/D (sky130_fd_sc_hd__and4_1)
                  0.10    0.49   16.61 ^ _34909_/X (sky130_fd_sc_hd__and4_1)
     1    0.00                           _10859_ (net)
                  0.10    0.00   16.61 ^ _34910_/A (sky130_fd_sc_hd__clkbuf_2)
                  0.20    0.32   16.93 ^ _34910_/X (sky130_fd_sc_hd__clkbuf_2)
     6    0.02                           _10860_ (net)
                  0.20    0.00   16.93 ^ _34920_/D (sky130_fd_sc_hd__and4_1)
                  0.10    0.46   17.39 ^ _34920_/X (sky130_fd_sc_hd__and4_1)
     1    0.00                           _10867_ (net)
                  0.10    0.00   17.39 ^ _34921_/A (sky130_fd_sc_hd__clkbuf_2)
                  0.20    0.32   17.71 ^ _34921_/X (sky130_fd_sc_hd__clkbuf_2)
     6    0.02                           _10868_ (net)
                  0.20    0.00   17.71 ^ _34933_/D (sky130_fd_sc_hd__and4_1)
                  0.28    0.63   18.34 ^ _34933_/X (sky130_fd_sc_hd__and4_1)
     5    0.02                           _10877_ (net)
                  0.28    0.00   18.34 ^ _34939_/C (sky130_fd_sc_hd__and3_1)
                  0.23    0.53   18.87 ^ _34939_/X (sky130_fd_sc_hd__and3_1)
     4    0.01                           _10881_ (net)
                  0.23    0.00   18.87 ^ _34943_/B (sky130_fd_sc_hd__and2_1)
                  0.26    0.45   19.32 ^ _34943_/X (sky130_fd_sc_hd__and2_1)
     4    0.02                           _10884_ (net)
                  0.26    0.00   19.32 ^ _34949_/C (sky130_fd_sc_hd__and3_1)
                  0.27    0.55   19.86 ^ _34949_/X (sky130_fd_sc_hd__and3_1)
     4    0.02                           _10888_ (net)
                  0.27    0.00   19.87 ^ _34953_/B (sky130_fd_sc_hd__and2_1)
                  0.28    0.47   20.34 ^ _34953_/X (sky130_fd_sc_hd__and2_1)
     4    0.02                           _10891_ (net)
                  0.28    0.00   20.34 ^ _34959_/C (sky130_fd_sc_hd__and3_1)
                  0.23    0.53   20.87 ^ _34959_/X (sky130_fd_sc_hd__and3_1)
     4    0.01                           _10895_ (net)
                  0.23    0.00   20.87 ^ _34963_/B (sky130_fd_sc_hd__and2_1)
                  0.09    0.31   21.17 ^ _34963_/X (sky130_fd_sc_hd__and2_1)
     1    0.00                           _10898_ (net)
                  0.09    0.00   21.17 ^ _34964_/A (sky130_fd_sc_hd__clkbuf_1)
                  0.29    0.33   21.50 ^ _34964_/X (sky130_fd_sc_hd__clkbuf_1)
     4    0.01                           _10899_ (net)
                  0.29    0.00   21.50 ^ _34969_/C (sky130_fd_sc_hd__and3_1)
                  0.28    0.56   22.07 ^ _34969_/X (sky130_fd_sc_hd__and3_1)
     4    0.02                           _10902_ (net)
                  0.28    0.00   22.07 ^ _34973_/B (sky130_fd_sc_hd__and2_1)
                  0.10    0.33   22.40 ^ _34973_/X (sky130_fd_sc_hd__and2_1)
     1    0.00                           _10905_ (net)
                  0.10    0.00   22.40 ^ _34974_/A (sky130_fd_sc_hd__clkbuf_1)
                  0.30    0.34   22.74 ^ _34974_/X (sky130_fd_sc_hd__clkbuf_1)
     4    0.02                           _10906_ (net)
                  0.30    0.00   22.74 ^ _34980_/C (sky130_fd_sc_hd__and3_1)
                  0.35    0.63   23.36 ^ _34980_/X (sky130_fd_sc_hd__and3_1)
     4    0.02                           _10910_ (net)
                  0.35    0.00   23.37 ^ _34988_/C (sky130_fd_sc_hd__and3_1)
                  0.22    0.53   23.90 ^ _34988_/X (sky130_fd_sc_hd__and3_1)
     4    0.01                           _10916_ (net)
                  0.22    0.00   23.90 ^ _34994_/C (sky130_fd_sc_hd__and3_1)
                  0.08    0.36   24.26 ^ _34994_/X (sky130_fd_sc_hd__and3_1)
     1    0.00                           _10920_ (net)
                  0.08    0.00   24.26 ^ _34995_/A (sky130_fd_sc_hd__dlymetal6s2s_1)
                  0.34    0.38   24.64 ^ _34995_/X (sky130_fd_sc_hd__dlymetal6s2s_1)
     5    0.02                           _10921_ (net)
                  0.34    0.00   24.64 ^ _35000_/C (sky130_fd_sc_hd__and3_1)
                  0.24    0.55   25.19 ^ _35000_/X (sky130_fd_sc_hd__and3_1)
     4    0.01                           _10924_ (net)
                  0.24    0.00   25.19 ^ _35005_/B (sky130_fd_sc_hd__and2_1)
                  0.08    0.30   25.50 ^ _35005_/X (sky130_fd_sc_hd__and2_1)
     1    0.00                           _10928_ (net)
                  0.08    0.00   25.50 ^ _35006_/A (sky130_fd_sc_hd__clkbuf_1)
                  0.26    0.31   25.81 ^ _35006_/X (sky130_fd_sc_hd__clkbuf_1)
     4    0.01                           _10929_ (net)
                  0.26    0.00   25.81 ^ _35011_/C (sky130_fd_sc_hd__and3_1)
                  0.23    0.52   26.33 ^ _35011_/X (sky130_fd_sc_hd__and3_1)
     4    0.01                           _10932_ (net)
                  0.23    0.00   26.33 ^ _35018_/C (sky130_fd_sc_hd__and3_1)
                  0.21    0.49   26.82 ^ _35018_/X (sky130_fd_sc_hd__and3_1)
     4    0.01                           _10937_ (net)
                  0.21    0.00   26.82 ^ _35025_/C (sky130_fd_sc_hd__and3_1)
                  0.09    0.37   27.18 ^ _35025_/X (sky130_fd_sc_hd__and3_1)
     1    0.00                           _10942_ (net)
                  0.09    0.00   27.18 ^ _35026_/A (sky130_fd_sc_hd__dlymetal6s2s_1)
                  0.28    0.34   27.52 ^ _35026_/X (sky130_fd_sc_hd__dlymetal6s2s_1)
     5    0.02                           _10943_ (net)
                  0.28    0.00   27.52 ^ _35031_/C (sky130_fd_sc_hd__and3_1)
                  0.21    0.51   28.03 ^ _35031_/X (sky130_fd_sc_hd__and3_1)
     4    0.01                           _10946_ (net)
                  0.21    0.00   28.03 ^ _35035_/B (sky130_fd_sc_hd__and2_1)
                  0.08    0.30   28.32 ^ _35035_/X (sky130_fd_sc_hd__and2_1)
     1    0.00                           _10949_ (net)
                  0.08    0.00   28.32 ^ _35036_/A (sky130_fd_sc_hd__clkbuf_1)
                  0.27    0.31   28.64 ^ _35036_/X (sky130_fd_sc_hd__clkbuf_1)
     4    0.01                           _10950_ (net)
                  0.27    0.00   28.64 ^ _35041_/C (sky130_fd_sc_hd__and3_1)
                  0.28    0.56   29.20 ^ _35041_/X (sky130_fd_sc_hd__and3_1)
     4    0.02                           _10953_ (net)
                  0.28    0.00   29.20 ^ _35048_/C (sky130_fd_sc_hd__and3_1)
                  0.23    0.53   29.73 ^ _35048_/X (sky130_fd_sc_hd__and3_1)
     4    0.01                           _10958_ (net)
                  0.23    0.00   29.73 ^ _35056_/C (sky130_fd_sc_hd__and3_1)
                  0.08    0.37   30.10 ^ _35056_/X (sky130_fd_sc_hd__and3_1)
     1    0.00                           _10964_ (net)
                  0.08    0.00   30.10 ^ _35057_/A (sky130_fd_sc_hd__dlymetal6s2s_1)
                  0.29    0.34   30.44 ^ _35057_/X (sky130_fd_sc_hd__dlymetal6s2s_1)
     5    0.02                           _10965_ (net)
                  0.29    0.00   30.44 ^ _35062_/C (sky130_fd_sc_hd__and3_1)
                  0.22    0.52   30.96 ^ _35062_/X (sky130_fd_sc_hd__and3_1)
     3    0.01                           _10968_ (net)
                  0.22    0.00   30.96 ^ _35064_/A_N (sky130_fd_sc_hd__and3b_1)
                  0.07    0.43   31.39 v _35064_/X (sky130_fd_sc_hd__and3b_1)
     1    0.00                           _10970_ (net)
                  0.07    0.00   31.39 v _35065_/A (sky130_fd_sc_hd__clkbuf_1)
                  0.06    0.18   31.56 v _35065_/X (sky130_fd_sc_hd__clkbuf_1)
     1    0.00                           _01127_ (net)
                  0.06    0.00   31.56 v _40343_/D (sky130_fd_sc_hd__dfxtp_1)
                                 31.56   data arrival time

                         20.00   20.00   clock clk (rise edge)
                          0.00   20.00   clock source latency
                  0.99    0.68   20.68 ^ clk (in)
     2    0.14                           clk (net)
                  1.00    0.00   20.68 ^ clkbuf_0_clk/A (sky130_fd_sc_hd__clkbuf_16)
                  0.10    0.54   21.22 ^ clkbuf_0_clk/X (sky130_fd_sc_hd__clkbuf_16)
     2    0.03                           clknet_0_clk (net)
                  0.10    0.00   21.22 ^ clkbuf_1_1_0_clk/A (sky130_fd_sc_hd__clkbuf_2)
                  0.13    0.23   21.45 ^ clkbuf_1_1_0_clk/X (sky130_fd_sc_hd__clkbuf_2)
     1    0.01                           clknet_1_1_0_clk (net)
                  0.13    0.00   21.45 ^ clkbuf_1_1_1_clk/A (sky130_fd_sc_hd__clkbuf_2)
                  0.22    0.31   21.76 ^ clkbuf_1_1_1_clk/X (sky130_fd_sc_hd__clkbuf_2)
     2    0.02                           clknet_1_1_1_clk (net)
                  0.22    0.00   21.76 ^ clkbuf_2_3_0_clk/A (sky130_fd_sc_hd__clkbuf_2)
                  0.10    0.27   22.03 ^ clkbuf_2_3_0_clk/X (sky130_fd_sc_hd__clkbuf_2)
     1    0.01                           clknet_2_3_0_clk (net)
                  0.10    0.00   22.03 ^ clkbuf_2_3_1_clk/A (sky130_fd_sc_hd__clkbuf_2)
                  0.37    0.40   22.43 ^ clkbuf_2_3_1_clk/X (sky130_fd_sc_hd__clkbuf_2)
     2    0.04                           clknet_2_3_1_clk (net)
                  0.37    0.00   22.43 ^ clkbuf_3_6_0_clk/A (sky130_fd_sc_hd__clkbuf_2)
                  0.24    0.42   22.85 ^ clkbuf_3_6_0_clk/X (sky130_fd_sc_hd__clkbuf_2)
     2    0.03                           clknet_3_6_0_clk (net)
                  0.24    0.00   22.85 ^ clkbuf_4_13_0_clk/A (sky130_fd_sc_hd__clkbuf_2)
                  0.25    0.37   23.23 ^ clkbuf_4_13_0_clk/X (sky130_fd_sc_hd__clkbuf_2)
     2    0.03                           clknet_4_13_0_clk (net)
                  0.25    0.00   23.23 ^ clkbuf_5_26_0_clk/A (sky130_fd_sc_hd__clkbuf_2)
                  0.81    0.75   23.98 ^ clkbuf_5_26_0_clk/X (sky130_fd_sc_hd__clkbuf_2)
     7    0.10                           clknet_5_26_0_clk (net)
                  0.81    0.01   23.98 ^ clkbuf_leaf_104_clk/A (sky130_fd_sc_hd__clkbuf_16)
                  0.09    0.49   24.47 ^ clkbuf_leaf_104_clk/X (sky130_fd_sc_hd__clkbuf_16)
     6    0.03                           clknet_leaf_104_clk (net)
                  0.09    0.00   24.47 ^ _40343_/CLK (sky130_fd_sc_hd__dfxtp_1)
                         -0.25   24.22   clock uncertainty
                          0.13   24.35   clock reconvergence pessimism
                         -0.26   24.09   library setup time
                                 24.09   data required time
-----------------------------------------------------------------------------
                                 24.09   data required time
                                -31.56   data arrival time
-----------------------------------------------------------------------------
                                 -7.48   slack (VIOLATED)



======================= Typical Corner ===================================

Startpoint: resetn (input port clocked by clk)
Endpoint: mem_la_addr[31] (output port clocked by clk)
Path Group: clk
Path Type: max
Corner: tt

Fanout     Cap    Slew   Delay    Time   Description
-----------------------------------------------------------------------------
                          0.00    0.00   clock clk (rise edge)
                          0.00    0.00   clock network delay (propagated)
                          4.00    4.00 ^ input external delay
                  0.05    0.03    4.03 ^ resetn (in)
     1    0.01                           resetn (net)
                  0.05    0.00    4.03 ^ input101/A (sky130_fd_sc_hd__clkbuf_16)
                  0.15    0.19    4.23 ^ input101/X (sky130_fd_sc_hd__clkbuf_16)
     3    0.14                           net101 (net)
                  0.18    0.06    4.29 ^ _19628_/B (sky130_fd_sc_hd__and3_1)
                  0.19    0.30    4.59 ^ _19628_/X (sky130_fd_sc_hd__and3_1)
     3    0.02                           _14298_ (net)
                  0.19    0.00    4.59 ^ _19629_/C (sky130_fd_sc_hd__and3_1)
                  0.09    0.22    4.81 ^ _19629_/X (sky130_fd_sc_hd__and3_1)
     2    0.01                           _14299_ (net)
                  0.09    0.00    4.81 ^ _19650_/B1 (sky130_fd_sc_hd__a22o_1)
                  0.23    0.28    5.09 ^ _19650_/X (sky130_fd_sc_hd__a22o_1)
     2    0.02                           _14320_ (net)
                  0.23    0.00    5.09 ^ _23059_/A (sky130_fd_sc_hd__and3_2)
                  0.16    0.33    5.42 ^ _23059_/X (sky130_fd_sc_hd__and3_2)
     3    0.03                           _17551_ (net)
                  0.16    0.00    5.42 ^ _23069_/A (sky130_fd_sc_hd__and2_1)
                  0.06    0.16    5.58 ^ _23069_/X (sky130_fd_sc_hd__and2_1)
     1    0.00                           _17560_ (net)
                  0.06    0.00    5.58 ^ _23070_/A (sky130_fd_sc_hd__buf_2)
                  0.16    0.20    5.78 ^ _23070_/X (sky130_fd_sc_hd__buf_2)
     4    0.03                           _17561_ (net)
                  0.16    0.00    5.78 ^ _23079_/A (sky130_fd_sc_hd__and3_1)
                  0.18    0.28    6.07 ^ _23079_/X (sky130_fd_sc_hd__and3_1)
     4    0.02                           _17568_ (net)
                  0.18    0.00    6.07 ^ _23090_/A (sky130_fd_sc_hd__and3_1)
                  0.20    0.30    6.37 ^ _23090_/X (sky130_fd_sc_hd__and3_1)
     4    0.02                           _17577_ (net)
                  0.20    0.00    6.38 ^ _23102_/A (sky130_fd_sc_hd__and3_2)
                  0.18    0.34    6.71 ^ _23102_/X (sky130_fd_sc_hd__and3_2)
     4    0.03                           _17587_ (net)
                  0.18    0.00    6.72 ^ _23112_/A (sky130_fd_sc_hd__and3_1)
                  0.19    0.30    7.02 ^ _23112_/X (sky130_fd_sc_hd__and3_1)
     4    0.02                           _17595_ (net)
                  0.19    0.00    7.02 ^ _23123_/A (sky130_fd_sc_hd__and3_1)
                  0.26    0.36    7.37 ^ _23123_/X (sky130_fd_sc_hd__and3_1)
     4    0.03                           _17604_ (net)
                  0.26    0.00    7.38 ^ _23134_/A (sky130_fd_sc_hd__and3_1)
                  0.19    0.32    7.70 ^ _23134_/X (sky130_fd_sc_hd__and3_1)
     4    0.02                           _17613_ (net)
                  0.19    0.00    7.70 ^ _23145_/A (sky130_fd_sc_hd__and3_1)
                  0.19    0.31    8.01 ^ _23145_/X (sky130_fd_sc_hd__and3_1)
     4    0.02                           _17622_ (net)
                  0.19    0.00    8.01 ^ _23156_/A (sky130_fd_sc_hd__and3_1)
                  0.18    0.29    8.30 ^ _23156_/X (sky130_fd_sc_hd__and3_1)
     4    0.02                           _17631_ (net)
                  0.18    0.00    8.30 ^ _23167_/A (sky130_fd_sc_hd__and3_1)
                  0.16    0.28    8.58 ^ _23167_/X (sky130_fd_sc_hd__and3_1)
     4    0.02                           _17640_ (net)
                  0.16    0.00    8.58 ^ _23178_/A (sky130_fd_sc_hd__and3_1)
                  0.17    0.28    8.87 ^ _23178_/X (sky130_fd_sc_hd__and3_1)
     4    0.02                           _17649_ (net)
                  0.17    0.00    8.87 ^ _23189_/A (sky130_fd_sc_hd__and3_2)
                  0.13    0.29    9.16 ^ _23189_/X (sky130_fd_sc_hd__and3_2)
     4    0.02                           _17658_ (net)
                  0.13    0.00    9.16 ^ _23199_/A (sky130_fd_sc_hd__and3_1)
                  0.17    0.27    9.43 ^ _23199_/X (sky130_fd_sc_hd__and3_1)
     4    0.02                           _17666_ (net)
                  0.17    0.00    9.43 ^ _23210_/A (sky130_fd_sc_hd__and3_1)
                  0.12    0.24    9.67 ^ _23210_/X (sky130_fd_sc_hd__and3_1)
     3    0.01                           _17675_ (net)
                  0.12    0.00    9.67 ^ _23216_/A (sky130_fd_sc_hd__nand2_1)
                  0.08    0.11    9.79 v _23216_/Y (sky130_fd_sc_hd__nand2_1)
     2    0.01                           _17680_ (net)
                  0.08    0.00    9.79 v _23222_/A (sky130_fd_sc_hd__xnor2_1)
                  0.05    0.14    9.93 v _23222_/Y (sky130_fd_sc_hd__xnor2_1)
     1    0.00                           _17685_ (net)
                  0.05    0.00    9.93 v _23223_/A1 (sky130_fd_sc_hd__mux2_1)
                  0.09    0.35   10.28 v _23223_/X (sky130_fd_sc_hd__mux2_1)
     1    0.01                           _17686_ (net)
                  0.09    0.00   10.28 v _23224_/A (sky130_fd_sc_hd__buf_12)
                  0.10    0.20   10.48 v _23224_/X (sky130_fd_sc_hd__buf_12)
     5    0.17                           net187 (net)
                  0.10    0.02   10.50 v output187/A (sky130_fd_sc_hd__buf_4)
                  0.08    0.22   10.72 v output187/X (sky130_fd_sc_hd__buf_4)
     1    0.05                           mem_la_addr[31] (net)
                  0.08    0.00   10.72 v mem_la_addr[31] (out)
                                 10.72   data arrival time

                         20.00   20.00   clock clk (rise edge)
                          0.00   20.00   clock network delay (propagated)
                         -0.25   19.75   clock uncertainty
                          0.00   19.75   clock reconvergence pessimism
                         -4.00   15.75   output external delay
                                 15.75   data required time
-----------------------------------------------------------------------------
                                 15.75   data required time
                                -10.72   data arrival time
-----------------------------------------------------------------------------
                                  5.03   slack (MET)



======================= Fastest Corner ===================================

Startpoint: resetn (input port clocked by clk)
Endpoint: mem_la_addr[31] (output port clocked by clk)
Path Group: clk
Path Type: max
Corner: ff

Fanout     Cap    Slew   Delay    Time   Description
-----------------------------------------------------------------------------
                          0.00    0.00   clock clk (rise edge)
                          0.00    0.00   clock network delay (propagated)
                          4.00    4.00 ^ input external delay
                  0.04    0.03    4.03 ^ resetn (in)
     1    0.01                           resetn (net)
                  0.04    0.00    4.03 ^ input101/A (sky130_fd_sc_hd__clkbuf_16)
                  0.11    0.13    4.15 ^ input101/X (sky130_fd_sc_hd__clkbuf_16)
     3    0.14                           net101 (net)
                  0.15    0.06    4.21 ^ _19628_/B (sky130_fd_sc_hd__and3_1)
                  0.14    0.20    4.41 ^ _19628_/X (sky130_fd_sc_hd__and3_1)
     3    0.02                           _14298_ (net)
                  0.14    0.00    4.41 ^ _19629_/C (sky130_fd_sc_hd__and3_1)
                  0.06    0.13    4.54 ^ _19629_/X (sky130_fd_sc_hd__and3_1)
     2    0.01                           _14299_ (net)
                  0.06    0.00    4.54 ^ _19650_/B1 (sky130_fd_sc_hd__a22o_1)
                  0.17    0.18    4.73 ^ _19650_/X (sky130_fd_sc_hd__a22o_1)
     2    0.02                           _14320_ (net)
                  0.17    0.00    4.73 ^ _23059_/A (sky130_fd_sc_hd__and3_2)
                  0.11    0.20    4.93 ^ _23059_/X (sky130_fd_sc_hd__and3_2)
     3    0.03                           _17551_ (net)
                  0.11    0.00    4.93 ^ _23069_/A (sky130_fd_sc_hd__and2_1)
                  0.04    0.10    5.03 ^ _23069_/X (sky130_fd_sc_hd__and2_1)
     1    0.00                           _17560_ (net)
                  0.04    0.00    5.03 ^ _23070_/A (sky130_fd_sc_hd__buf_2)
                  0.12    0.14    5.17 ^ _23070_/X (sky130_fd_sc_hd__buf_2)
     4    0.03                           _17561_ (net)
                  0.12    0.00    5.17 ^ _23079_/A (sky130_fd_sc_hd__and3_1)
                  0.13    0.18    5.35 ^ _23079_/X (sky130_fd_sc_hd__and3_1)
     4    0.02                           _17568_ (net)
                  0.13    0.00    5.36 ^ _23090_/A (sky130_fd_sc_hd__and3_1)
                  0.15    0.20    5.55 ^ _23090_/X (sky130_fd_sc_hd__and3_1)
     4    0.02                           _17577_ (net)
                  0.15    0.00    5.55 ^ _23102_/A (sky130_fd_sc_hd__and3_2)
                  0.13    0.21    5.77 ^ _23102_/X (sky130_fd_sc_hd__and3_2)
     4    0.03                           _17587_ (net)
                  0.13    0.00    5.77 ^ _23112_/A (sky130_fd_sc_hd__and3_1)
                  0.14    0.19    5.96 ^ _23112_/X (sky130_fd_sc_hd__and3_1)
     4    0.02                           _17595_ (net)
                  0.14    0.00    5.96 ^ _23123_/A (sky130_fd_sc_hd__and3_1)
                  0.20    0.24    6.20 ^ _23123_/X (sky130_fd_sc_hd__and3_1)
     4    0.03                           _17604_ (net)
                  0.20    0.00    6.20 ^ _23134_/A (sky130_fd_sc_hd__and3_1)
                  0.15    0.20    6.40 ^ _23134_/X (sky130_fd_sc_hd__and3_1)
     4    0.02                           _17613_ (net)
                  0.15    0.00    6.40 ^ _23145_/A (sky130_fd_sc_hd__and3_1)
                  0.15    0.20    6.60 ^ _23145_/X (sky130_fd_sc_hd__and3_1)
     4    0.02                           _17622_ (net)
                  0.15    0.00    6.60 ^ _23156_/A (sky130_fd_sc_hd__and3_1)
                  0.14    0.19    6.79 ^ _23156_/X (sky130_fd_sc_hd__and3_1)
     4    0.02                           _17631_ (net)
                  0.14    0.00    6.79 ^ _23167_/A (sky130_fd_sc_hd__and3_1)
                  0.12    0.18    6.97 ^ _23167_/X (sky130_fd_sc_hd__and3_1)
     4    0.02                           _17640_ (net)
                  0.12    0.00    6.97 ^ _23178_/A (sky130_fd_sc_hd__and3_1)
                  0.13    0.18    7.15 ^ _23178_/X (sky130_fd_sc_hd__and3_1)
     4    0.02                           _17649_ (net)
                  0.13    0.00    7.15 ^ _23189_/A (sky130_fd_sc_hd__and3_2)
                  0.10    0.18    7.33 ^ _23189_/X (sky130_fd_sc_hd__and3_2)
     4    0.02                           _17658_ (net)
                  0.10    0.00    7.33 ^ _23199_/A (sky130_fd_sc_hd__and3_1)
                  0.12    0.17    7.50 ^ _23199_/X (sky130_fd_sc_hd__and3_1)
     4    0.02                           _17666_ (net)
                  0.12    0.00    7.51 ^ _23210_/A (sky130_fd_sc_hd__and3_1)
                  0.09    0.15    7.66 ^ _23210_/X (sky130_fd_sc_hd__and3_1)
     3    0.01                           _17675_ (net)
                  0.09    0.00    7.66 ^ _23216_/A (sky130_fd_sc_hd__nand2_1)
                  0.06    0.06    7.72 v _23216_/Y (sky130_fd_sc_hd__nand2_1)
     2    0.01                           _17680_ (net)
                  0.06    0.00    7.72 v _23222_/A (sky130_fd_sc_hd__xnor2_1)
                  0.04    0.09    7.82 v _23222_/Y (sky130_fd_sc_hd__xnor2_1)
     1    0.00                           _17685_ (net)
                  0.04    0.00    7.82 v _23223_/A1 (sky130_fd_sc_hd__mux2_1)
                  0.06    0.19    8.01 v _23223_/X (sky130_fd_sc_hd__mux2_1)
     1    0.01                           _17686_ (net)
                  0.06    0.00    8.01 v _23224_/A (sky130_fd_sc_hd__buf_12)
                  0.07    0.14    8.14 v _23224_/X (sky130_fd_sc_hd__buf_12)
     5    0.17                           net187 (net)
                  0.08    0.02    8.16 v output187/A (sky130_fd_sc_hd__buf_4)
                  0.06    0.15    8.31 v output187/X (sky130_fd_sc_hd__buf_4)
     1    0.05                           mem_la_addr[31] (net)
                  0.06    0.00    8.31 v mem_la_addr[31] (out)
                                  8.31   data arrival time

                         20.00   20.00   clock clk (rise edge)
                          0.00   20.00   clock network delay (propagated)
                         -0.25   19.75   clock uncertainty
                          0.00   19.75   clock reconvergence pessimism
                         -4.00   15.75   output external delay
                                 15.75   data required time
-----------------------------------------------------------------------------
                                 15.75   data required time
                                 -8.31   data arrival time
-----------------------------------------------------------------------------
                                  7.44   slack (MET)



===========================================================================
report_checks --slack_max -0.01
============================================================================

======================= Slowest Corner ===================================

Startpoint: _40527_ (rising edge-triggered flip-flop clocked by clk)
Endpoint: _40343_ (rising edge-triggered flip-flop clocked by clk)
Path Group: clk
Path Type: max
Corner: ss

Fanout     Cap    Slew   Delay    Time   Description
-----------------------------------------------------------------------------
                          0.00    0.00   clock clk (rise edge)
                          0.00    0.00   clock source latency
                  0.99    0.75    0.75 ^ clk (in)
     2    0.14                           clk (net)
                  1.00    0.00    0.75 ^ clkbuf_0_clk/A (sky130_fd_sc_hd__clkbuf_16)
                  0.10    0.60    1.34 ^ clkbuf_0_clk/X (sky130_fd_sc_hd__clkbuf_16)
     2    0.03                           clknet_0_clk (net)
                  0.10    0.00    1.35 ^ clkbuf_1_0_0_clk/A (sky130_fd_sc_hd__clkbuf_2)
                  0.13    0.26    1.60 ^ clkbuf_1_0_0_clk/X (sky130_fd_sc_hd__clkbuf_2)
     1    0.01                           clknet_1_0_0_clk (net)
                  0.13    0.00    1.60 ^ clkbuf_1_0_1_clk/A (sky130_fd_sc_hd__clkbuf_2)
                  0.29    0.39    2.00 ^ clkbuf_1_0_1_clk/X (sky130_fd_sc_hd__clkbuf_2)
     2    0.03                           clknet_1_0_1_clk (net)
                  0.29    0.00    2.00 ^ clkbuf_2_1_0_clk/A (sky130_fd_sc_hd__clkbuf_2)
                  0.12    0.34    2.34 ^ clkbuf_2_1_0_clk/X (sky130_fd_sc_hd__clkbuf_2)
     1    0.01                           clknet_2_1_0_clk (net)
                  0.12    0.00    2.34 ^ clkbuf_2_1_1_clk/A (sky130_fd_sc_hd__clkbuf_2)
                  0.41    0.48    2.82 ^ clkbuf_2_1_1_clk/X (sky130_fd_sc_hd__clkbuf_2)
     2    0.05                           clknet_2_1_1_clk (net)
                  0.41    0.01    2.82 ^ clkbuf_3_3_0_clk/A (sky130_fd_sc_hd__clkbuf_2)
                  0.23    0.47    3.29 ^ clkbuf_3_3_0_clk/X (sky130_fd_sc_hd__clkbuf_2)
     2    0.03                           clknet_3_3_0_clk (net)
                  0.23    0.00    3.29 ^ clkbuf_4_6_0_clk/A (sky130_fd_sc_hd__clkbuf_2)
                  0.27    0.42    3.72 ^ clkbuf_4_6_0_clk/X (sky130_fd_sc_hd__clkbuf_2)
     2    0.03                           clknet_4_6_0_clk (net)
                  0.27    0.00    3.72 ^ clkbuf_5_13_0_clk/A (sky130_fd_sc_hd__clkbuf_2)
                  0.99    0.97    4.69 ^ clkbuf_5_13_0_clk/X (sky130_fd_sc_hd__clkbuf_2)
     9    0.12                           clknet_5_13_0_clk (net)
                  0.99    0.01    4.69 ^ clkbuf_leaf_98_clk/A (sky130_fd_sc_hd__clkbuf_16)
                  0.10    0.59    5.29 ^ clkbuf_leaf_98_clk/X (sky130_fd_sc_hd__clkbuf_16)
     9    0.03                           clknet_leaf_98_clk (net)
                  0.10    0.00    5.29 ^ _40527_/CLK (sky130_fd_sc_hd__dfxtp_1)
                  0.36    0.90    6.19 ^ _40527_/Q (sky130_fd_sc_hd__dfxtp_1)
     4    0.02                           irq_mask[16] (net)
                  0.36    0.00    6.19 ^ _19789_/A_N (sky130_fd_sc_hd__and2b_2)
                  0.24    0.77    6.96 v _19789_/X (sky130_fd_sc_hd__and2b_2)
     3    0.05                           _14453_ (net)
                  0.24    0.00    6.96 v _19792_/B (sky130_fd_sc_hd__or4_1)
                  0.31    1.50    8.46 v _19792_/X (sky130_fd_sc_hd__or4_1)
     1    0.01                           _14456_ (net)
                  0.31    0.00    8.46 v _19803_/B (sky130_fd_sc_hd__or4_1)
                  0.17    1.30    9.76 v _19803_/X (sky130_fd_sc_hd__or4_1)
     1    0.00                           _14467_ (net)
                  0.17    0.00    9.76 v _19825_/A (sky130_fd_sc_hd__or2_2)
                  0.24    0.93   10.69 v _19825_/X (sky130_fd_sc_hd__or2_2)
     1    0.03                           _14489_ (net)
                  0.24    0.00   10.69 v _19827_/A2 (sky130_fd_sc_hd__a31o_1)
                  0.19    0.60   11.29 v _19827_/X (sky130_fd_sc_hd__a31o_1)
     4    0.02                           _14491_ (net)
                  0.19    0.00   11.29 v _34845_/C (sky130_fd_sc_hd__or4b_4)
                  0.31    1.30   12.59 v _34845_/X (sky130_fd_sc_hd__or4b_4)
     4    0.06                           _10812_ (net)
                  0.31    0.01   12.60 v _34862_/D (sky130_fd_sc_hd__nor4_4)
                  0.68    0.64   13.24 ^ _34862_/Y (sky130_fd_sc_hd__nor4_4)
     4    0.02                           _10826_ (net)
                  0.68    0.00   13.24 ^ _34868_/C (sky130_fd_sc_hd__and3_1)
                  0.25    0.66   13.90 ^ _34868_/X (sky130_fd_sc_hd__and3_1)
     5    0.01                           _10830_ (net)
                  0.25    0.00   13.90 ^ _34877_/D (sky130_fd_sc_hd__and4_1)
                  0.34    0.70   14.60 ^ _34877_/X (sky130_fd_sc_hd__and4_1)
     5    0.02                           _10836_ (net)
                  0.34    0.00   14.60 ^ _34887_/D (sky130_fd_sc_hd__and4_1)
                  0.28    0.68   15.28 ^ _34887_/X (sky130_fd_sc_hd__and4_1)
     5    0.02                           _10843_ (net)
                  0.28    0.00   15.28 ^ _34896_/D (sky130_fd_sc_hd__and4_1)
                  0.10    0.47   15.76 ^ _34896_/X (sky130_fd_sc_hd__and4_1)
     1    0.00                           _10849_ (net)
                  0.10    0.00   15.76 ^ _34897_/A (sky130_fd_sc_hd__dlymetal6s2s_1)
                  0.31    0.36   16.12 ^ _34897_/X (sky130_fd_sc_hd__dlymetal6s2s_1)
     6    0.02                           _10850_ (net)
                  0.31    0.00   16.12 ^ _34909_/D (sky130_fd_sc_hd__and4_1)
                  0.10    0.49   16.61 ^ _34909_/X (sky130_fd_sc_hd__and4_1)
     1    0.00                           _10859_ (net)
                  0.10    0.00   16.61 ^ _34910_/A (sky130_fd_sc_hd__clkbuf_2)
                  0.20    0.32   16.93 ^ _34910_/X (sky130_fd_sc_hd__clkbuf_2)
     6    0.02                           _10860_ (net)
                  0.20    0.00   16.93 ^ _34920_/D (sky130_fd_sc_hd__and4_1)
                  0.10    0.46   17.39 ^ _34920_/X (sky130_fd_sc_hd__and4_1)
     1    0.00                           _10867_ (net)
                  0.10    0.00   17.39 ^ _34921_/A (sky130_fd_sc_hd__clkbuf_2)
                  0.20    0.32   17.71 ^ _34921_/X (sky130_fd_sc_hd__clkbuf_2)
     6    0.02                           _10868_ (net)
                  0.20    0.00   17.71 ^ _34933_/D (sky130_fd_sc_hd__and4_1)
                  0.28    0.63   18.34 ^ _34933_/X (sky130_fd_sc_hd__and4_1)
     5    0.02                           _10877_ (net)
                  0.28    0.00   18.34 ^ _34939_/C (sky130_fd_sc_hd__and3_1)
                  0.23    0.53   18.87 ^ _34939_/X (sky130_fd_sc_hd__and3_1)
     4    0.01                           _10881_ (net)
                  0.23    0.00   18.87 ^ _34943_/B (sky130_fd_sc_hd__and2_1)
                  0.26    0.45   19.32 ^ _34943_/X (sky130_fd_sc_hd__and2_1)
     4    0.02                           _10884_ (net)
                  0.26    0.00   19.32 ^ _34949_/C (sky130_fd_sc_hd__and3_1)
                  0.27    0.55   19.86 ^ _34949_/X (sky130_fd_sc_hd__and3_1)
     4    0.02                           _10888_ (net)
                  0.27    0.00   19.87 ^ _34953_/B (sky130_fd_sc_hd__and2_1)
                  0.28    0.47   20.34 ^ _34953_/X (sky130_fd_sc_hd__and2_1)
     4    0.02                           _10891_ (net)
                  0.28    0.00   20.34 ^ _34959_/C (sky130_fd_sc_hd__and3_1)
                  0.23    0.53   20.87 ^ _34959_/X (sky130_fd_sc_hd__and3_1)
     4    0.01                           _10895_ (net)
                  0.23    0.00   20.87 ^ _34963_/B (sky130_fd_sc_hd__and2_1)
                  0.09    0.31   21.17 ^ _34963_/X (sky130_fd_sc_hd__and2_1)
     1    0.00                           _10898_ (net)
                  0.09    0.00   21.17 ^ _34964_/A (sky130_fd_sc_hd__clkbuf_1)
                  0.29    0.33   21.50 ^ _34964_/X (sky130_fd_sc_hd__clkbuf_1)
     4    0.01                           _10899_ (net)
                  0.29    0.00   21.50 ^ _34969_/C (sky130_fd_sc_hd__and3_1)
                  0.28    0.56   22.07 ^ _34969_/X (sky130_fd_sc_hd__and3_1)
     4    0.02                           _10902_ (net)
                  0.28    0.00   22.07 ^ _34973_/B (sky130_fd_sc_hd__and2_1)
                  0.10    0.33   22.40 ^ _34973_/X (sky130_fd_sc_hd__and2_1)
     1    0.00                           _10905_ (net)
                  0.10    0.00   22.40 ^ _34974_/A (sky130_fd_sc_hd__clkbuf_1)
                  0.30    0.34   22.74 ^ _34974_/X (sky130_fd_sc_hd__clkbuf_1)
     4    0.02                           _10906_ (net)
                  0.30    0.00   22.74 ^ _34980_/C (sky130_fd_sc_hd__and3_1)
                  0.35    0.63   23.36 ^ _34980_/X (sky130_fd_sc_hd__and3_1)
     4    0.02                           _10910_ (net)
                  0.35    0.00   23.37 ^ _34988_/C (sky130_fd_sc_hd__and3_1)
                  0.22    0.53   23.90 ^ _34988_/X (sky130_fd_sc_hd__and3_1)
     4    0.01                           _10916_ (net)
                  0.22    0.00   23.90 ^ _34994_/C (sky130_fd_sc_hd__and3_1)
                  0.08    0.36   24.26 ^ _34994_/X (sky130_fd_sc_hd__and3_1)
     1    0.00                           _10920_ (net)
                  0.08    0.00   24.26 ^ _34995_/A (sky130_fd_sc_hd__dlymetal6s2s_1)
                  0.34    0.38   24.64 ^ _34995_/X (sky130_fd_sc_hd__dlymetal6s2s_1)
     5    0.02                           _10921_ (net)
                  0.34    0.00   24.64 ^ _35000_/C (sky130_fd_sc_hd__and3_1)
                  0.24    0.55   25.19 ^ _35000_/X (sky130_fd_sc_hd__and3_1)
     4    0.01                           _10924_ (net)
                  0.24    0.00   25.19 ^ _35005_/B (sky130_fd_sc_hd__and2_1)
                  0.08    0.30   25.50 ^ _35005_/X (sky130_fd_sc_hd__and2_1)
     1    0.00                           _10928_ (net)
                  0.08    0.00   25.50 ^ _35006_/A (sky130_fd_sc_hd__clkbuf_1)
                  0.26    0.31   25.81 ^ _35006_/X (sky130_fd_sc_hd__clkbuf_1)
     4    0.01                           _10929_ (net)
                  0.26    0.00   25.81 ^ _35011_/C (sky130_fd_sc_hd__and3_1)
                  0.23    0.52   26.33 ^ _35011_/X (sky130_fd_sc_hd__and3_1)
     4    0.01                           _10932_ (net)
                  0.23    0.00   26.33 ^ _35018_/C (sky130_fd_sc_hd__and3_1)
                  0.21    0.49   26.82 ^ _35018_/X (sky130_fd_sc_hd__and3_1)
     4    0.01                           _10937_ (net)
                  0.21    0.00   26.82 ^ _35025_/C (sky130_fd_sc_hd__and3_1)
                  0.09    0.37   27.18 ^ _35025_/X (sky130_fd_sc_hd__and3_1)
     1    0.00                           _10942_ (net)
                  0.09    0.00   27.18 ^ _35026_/A (sky130_fd_sc_hd__dlymetal6s2s_1)
                  0.28    0.34   27.52 ^ _35026_/X (sky130_fd_sc_hd__dlymetal6s2s_1)
     5    0.02                           _10943_ (net)
                  0.28    0.00   27.52 ^ _35031_/C (sky130_fd_sc_hd__and3_1)
                  0.21    0.51   28.03 ^ _35031_/X (sky130_fd_sc_hd__and3_1)
     4    0.01                           _10946_ (net)
                  0.21    0.00   28.03 ^ _35035_/B (sky130_fd_sc_hd__and2_1)
                  0.08    0.30   28.32 ^ _35035_/X (sky130_fd_sc_hd__and2_1)
     1    0.00                           _10949_ (net)
                  0.08    0.00   28.32 ^ _35036_/A (sky130_fd_sc_hd__clkbuf_1)
                  0.27    0.31   28.64 ^ _35036_/X (sky130_fd_sc_hd__clkbuf_1)
     4    0.01                           _10950_ (net)
                  0.27    0.00   28.64 ^ _35041_/C (sky130_fd_sc_hd__and3_1)
                  0.28    0.56   29.20 ^ _35041_/X (sky130_fd_sc_hd__and3_1)
     4    0.02                           _10953_ (net)
                  0.28    0.00   29.20 ^ _35048_/C (sky130_fd_sc_hd__and3_1)
                  0.23    0.53   29.73 ^ _35048_/X (sky130_fd_sc_hd__and3_1)
     4    0.01                           _10958_ (net)
                  0.23    0.00   29.73 ^ _35056_/C (sky130_fd_sc_hd__and3_1)
                  0.08    0.37   30.10 ^ _35056_/X (sky130_fd_sc_hd__and3_1)
     1    0.00                           _10964_ (net)
                  0.08    0.00   30.10 ^ _35057_/A (sky130_fd_sc_hd__dlymetal6s2s_1)
                  0.29    0.34   30.44 ^ _35057_/X (sky130_fd_sc_hd__dlymetal6s2s_1)
     5    0.02                           _10965_ (net)
                  0.29    0.00   30.44 ^ _35062_/C (sky130_fd_sc_hd__and3_1)
                  0.22    0.52   30.96 ^ _35062_/X (sky130_fd_sc_hd__and3_1)
     3    0.01                           _10968_ (net)
                  0.22    0.00   30.96 ^ _35064_/A_N (sky130_fd_sc_hd__and3b_1)
                  0.07    0.43   31.39 v _35064_/X (sky130_fd_sc_hd__and3b_1)
     1    0.00                           _10970_ (net)
                  0.07    0.00   31.39 v _35065_/A (sky130_fd_sc_hd__clkbuf_1)
                  0.06    0.18   31.56 v _35065_/X (sky130_fd_sc_hd__clkbuf_1)
     1    0.00                           _01127_ (net)
                  0.06    0.00   31.56 v _40343_/D (sky130_fd_sc_hd__dfxtp_1)
                                 31.56   data arrival time

                         20.00   20.00   clock clk (rise edge)
                          0.00   20.00   clock source latency
                  0.99    0.68   20.68 ^ clk (in)
     2    0.14                           clk (net)
                  1.00    0.00   20.68 ^ clkbuf_0_clk/A (sky130_fd_sc_hd__clkbuf_16)
                  0.10    0.54   21.22 ^ clkbuf_0_clk/X (sky130_fd_sc_hd__clkbuf_16)
     2    0.03                           clknet_0_clk (net)
                  0.10    0.00   21.22 ^ clkbuf_1_1_0_clk/A (sky130_fd_sc_hd__clkbuf_2)
                  0.13    0.23   21.45 ^ clkbuf_1_1_0_clk/X (sky130_fd_sc_hd__clkbuf_2)
     1    0.01                           clknet_1_1_0_clk (net)
                  0.13    0.00   21.45 ^ clkbuf_1_1_1_clk/A (sky130_fd_sc_hd__clkbuf_2)
                  0.22    0.31   21.76 ^ clkbuf_1_1_1_clk/X (sky130_fd_sc_hd__clkbuf_2)
     2    0.02                           clknet_1_1_1_clk (net)
                  0.22    0.00   21.76 ^ clkbuf_2_3_0_clk/A (sky130_fd_sc_hd__clkbuf_2)
                  0.10    0.27   22.03 ^ clkbuf_2_3_0_clk/X (sky130_fd_sc_hd__clkbuf_2)
     1    0.01                           clknet_2_3_0_clk (net)
                  0.10    0.00   22.03 ^ clkbuf_2_3_1_clk/A (sky130_fd_sc_hd__clkbuf_2)
                  0.37    0.40   22.43 ^ clkbuf_2_3_1_clk/X (sky130_fd_sc_hd__clkbuf_2)
     2    0.04                           clknet_2_3_1_clk (net)
                  0.37    0.00   22.43 ^ clkbuf_3_6_0_clk/A (sky130_fd_sc_hd__clkbuf_2)
                  0.24    0.42   22.85 ^ clkbuf_3_6_0_clk/X (sky130_fd_sc_hd__clkbuf_2)
     2    0.03                           clknet_3_6_0_clk (net)
                  0.24    0.00   22.85 ^ clkbuf_4_13_0_clk/A (sky130_fd_sc_hd__clkbuf_2)
                  0.25    0.37   23.23 ^ clkbuf_4_13_0_clk/X (sky130_fd_sc_hd__clkbuf_2)
     2    0.03                           clknet_4_13_0_clk (net)
                  0.25    0.00   23.23 ^ clkbuf_5_26_0_clk/A (sky130_fd_sc_hd__clkbuf_2)
                  0.81    0.75   23.98 ^ clkbuf_5_26_0_clk/X (sky130_fd_sc_hd__clkbuf_2)
     7    0.10                           clknet_5_26_0_clk (net)
                  0.81    0.01   23.98 ^ clkbuf_leaf_104_clk/A (sky130_fd_sc_hd__clkbuf_16)
                  0.09    0.49   24.47 ^ clkbuf_leaf_104_clk/X (sky130_fd_sc_hd__clkbuf_16)
     6    0.03                           clknet_leaf_104_clk (net)
                  0.09    0.00   24.47 ^ _40343_/CLK (sky130_fd_sc_hd__dfxtp_1)
                         -0.25   24.22   clock uncertainty
                          0.13   24.35   clock reconvergence pessimism
                         -0.26   24.09   library setup time
                                 24.09   data required time
-----------------------------------------------------------------------------
                                 24.09   data required time
                                -31.56   data arrival time
-----------------------------------------------------------------------------
                                 -7.48   slack (VIOLATED)



======================= Typical Corner ===================================

No paths found.

======================= Fastest Corner ===================================

No paths found.
